CD012165	num_shown	1000
CD012165	rels_found	16
CD012165	num_rels	52
CD012165	last_rel	964
CD012165	norm_last_rel	0.193
CD012165	threshold	500
CD012165	norm_threshold	0.1
CD012165	wss_100	0
CD012165	wss_95	0
CD012165	total_cost	1080.0
CD012165	norm_area	0.294
CD012165	ap	0.018
CD012165	recall_total	16.0
CD012165	recall_max	52.0
CD012165	recall_at_threshold	0.25
CD012165	recall_threshold	500
CD012165	recall@10	0.0
CD012165	recall@20	0.019
CD012165	recall@30	0.058
CD012165	recall@40	0.058
CD012165	recall@50	0.077
CD012165	recall@100	0.115
CD012165	recall@200	0.192
CD012165	recall@300	0.231
CD012165	recall@400	0.231
CD012165	recall@500	0.25
CD012165	recall@1000	0.308
CD012165	recall@2000	0.308
CD012165	recall@3000	0.308
CD012165	recall@4000	0.308
CD012165	recall@5000	0.308
CD009175	num_shown	1000
CD009175	rels_found	7
CD009175	num_rels	7
CD009175	last_rel	300
CD009175	norm_last_rel	0.06
CD009175	threshold	500
CD009175	norm_threshold	0.1
CD009175	wss_100	0.94
CD009175	wss_95	0.89
CD009175	total_cost	360.0
CD009175	norm_area	0.975
CD009175	ap	0.033
CD009175	recall_total	7.0
CD009175	recall_max	7.0
CD009175	recall_at_threshold	1.0
CD009175	recall_threshold	500
CD009175	recall@10	0.0
CD009175	recall@20	0.0
CD009175	recall@30	0.143
CD009175	recall@40	0.143
CD009175	recall@50	0.143
CD009175	recall@100	0.286
CD009175	recall@200	0.857
CD009175	recall@300	1.0
CD009175	recall@400	1.0
CD009175	recall@500	1.0
CD009175	recall@1000	1.0
CD009175	recall@2000	1.0
CD009175	recall@3000	1.0
CD009175	recall@4000	1.0
CD009175	recall@5000	1.0
CD011912	num_shown	1000
CD011912	rels_found	17
CD011912	num_rels	18
CD011912	last_rel	247
CD011912	norm_last_rel	0.049
CD011912	threshold	500
CD011912	norm_threshold	0.1
CD011912	wss_100	0
CD011912	wss_95	0.901
CD011912	total_cost	180.0
CD011912	norm_area	0.928
CD011912	ap	0.12
CD011912	recall_total	17.0
CD011912	recall_max	18.0
CD011912	recall_at_threshold	0.944
CD011912	recall_threshold	500
CD011912	recall@10	0.111
CD011912	recall@20	0.111
CD011912	recall@30	0.167
CD011912	recall@40	0.222
CD011912	recall@50	0.278
CD011912	recall@100	0.611
CD011912	recall@200	0.889
CD011912	recall@300	0.944
CD011912	recall@400	0.944
CD011912	recall@500	0.944
CD011912	recall@1000	0.944
CD011912	recall@2000	0.944
CD011912	recall@3000	0.944
CD011912	recall@4000	0.944
CD011912	recall@5000	0.944
CD012010	num_shown	1000
CD012010	rels_found	7
CD012010	num_rels	9
CD012010	last_rel	207
CD012010	norm_last_rel	0.041
CD012010	threshold	500
CD012010	norm_threshold	0.1
CD012010	wss_100	0
CD012010	wss_95	0
CD012010	total_cost	400.0
CD012010	norm_area	0.765
CD012010	ap	0.064
CD012010	recall_total	7.0
CD012010	recall_max	9.0
CD012010	recall_at_threshold	0.778
CD012010	recall_threshold	500
CD012010	recall@10	0.111
CD012010	recall@20	0.111
CD012010	recall@30	0.222
CD012010	recall@40	0.222
CD012010	recall@50	0.333
CD012010	recall@100	0.444
CD012010	recall@200	0.667
CD012010	recall@300	0.778
CD012010	recall@400	0.778
CD012010	recall@500	0.778
CD012010	recall@1000	0.778
CD012010	recall@2000	0.778
CD012010	recall@3000	0.778
CD012010	recall@4000	0.778
CD012010	recall@5000	0.778
CD011515	num_shown	1000
CD011515	rels_found	1
CD011515	num_rels	2
CD011515	last_rel	837
CD011515	norm_last_rel	0.167
CD011515	threshold	500
CD011515	norm_threshold	0.1
CD011515	wss_100	0
CD011515	wss_95	0
CD011515	total_cost	560.0
CD011515	norm_area	0.416
CD011515	ap	0.001
CD011515	recall_total	1.0
CD011515	recall_max	2.0
CD011515	recall_at_threshold	0.0
CD011515	recall_threshold	500
CD011515	recall@10	0.0
CD011515	recall@20	0.0
CD011515	recall@30	0.0
CD011515	recall@40	0.0
CD011515	recall@50	0.0
CD011515	recall@100	0.0
CD011515	recall@200	0.0
CD011515	recall@300	0.0
CD011515	recall@400	0.0
CD011515	recall@500	0.0
CD011515	recall@1000	0.5
CD011515	recall@2000	0.5
CD011515	recall@3000	0.5
CD011515	recall@4000	0.5
CD011515	recall@5000	0.5
CD010296	num_shown	1000
CD010296	rels_found	31
CD010296	num_rels	38
CD010296	last_rel	486
CD010296	norm_last_rel	0.097
CD010296	threshold	500
CD010296	norm_threshold	0.1
CD010296	wss_100	0
CD010296	wss_95	0
CD010296	total_cost	20.0
CD010296	norm_area	0.803
CD010296	ap	0.399
CD010296	recall_total	31.0
CD010296	recall_max	38.0
CD010296	recall_at_threshold	0.816
CD010296	recall_threshold	500
CD010296	recall@10	0.184
CD010296	recall@20	0.263
CD010296	recall@30	0.368
CD010296	recall@40	0.5
CD010296	recall@50	0.526
CD010296	recall@100	0.605
CD010296	recall@200	0.658
CD010296	recall@300	0.684
CD010296	recall@400	0.763
CD010296	recall@500	0.816
CD010296	recall@1000	0.816
CD010296	recall@2000	0.816
CD010296	recall@3000	0.816
CD010296	recall@4000	0.816
CD010296	recall@5000	0.816
CD011686	num_shown	1000
CD011686	rels_found	3
CD011686	num_rels	3
CD011686	last_rel	155
CD011686	norm_last_rel	0.031
CD011686	threshold	500
CD011686	norm_threshold	0.1
CD011686	wss_100	0.969
CD011686	wss_95	0.919
CD011686	total_cost	440.0
CD011686	norm_area	0.986
CD011686	ap	0.036
CD011686	recall_total	3.0
CD011686	recall_max	3.0
CD011686	recall_at_threshold	1.0
CD011686	recall_threshold	500
CD011686	recall@10	0.0
CD011686	recall@20	0.0
CD011686	recall@30	0.333
CD011686	recall@40	0.667
CD011686	recall@50	0.667
CD011686	recall@100	0.667
CD011686	recall@200	1.0
CD011686	recall@300	1.0
CD011686	recall@400	1.0
CD011686	recall@500	1.0
CD011686	recall@1000	1.0
CD011686	recall@2000	1.0
CD011686	recall@3000	1.0
CD011686	recall@4000	1.0
CD011686	recall@5000	1.0
CD008759	num_shown	1000
CD008759	rels_found	36
CD008759	num_rels	52
CD008759	last_rel	763
CD008759	norm_last_rel	0.153
CD008759	threshold	500
CD008759	norm_threshold	0.1
CD008759	wss_100	0
CD008759	wss_95	0
CD008759	total_cost	280.0
CD008759	norm_area	0.675
CD008759	ap	0.211
CD008759	recall_total	36.0
CD008759	recall_max	52.0
CD008759	recall_at_threshold	0.635
CD008759	recall_threshold	500
CD008759	recall@10	0.096
CD008759	recall@20	0.154
CD008759	recall@30	0.25
CD008759	recall@40	0.308
CD008759	recall@50	0.327
CD008759	recall@100	0.423
CD008759	recall@200	0.538
CD008759	recall@300	0.577
CD008759	recall@400	0.615
CD008759	recall@500	0.635
CD008759	recall@1000	0.692
CD008759	recall@2000	0.692
CD008759	recall@3000	0.692
CD008759	recall@4000	0.692
CD008759	recall@5000	0.692
CD012179	num_shown	1000
CD012179	rels_found	45
CD012179	num_rels	127
CD012179	last_rel	967
CD012179	norm_last_rel	0.193
CD012179	threshold	500
CD012179	norm_threshold	0.1
CD012179	wss_100	0
CD012179	wss_95	0
CD012179	total_cost	1840.0
CD012179	norm_area	0.337
CD012179	ap	0.047
CD012179	recall_total	45.0
CD012179	recall_max	127.0
CD012179	recall_at_threshold	0.276
CD012179	recall_threshold	500
CD012179	recall@10	0.016
CD012179	recall@20	0.031
CD012179	recall@30	0.039
CD012179	recall@40	0.063
CD012179	recall@50	0.087
CD012179	recall@100	0.126
CD012179	recall@200	0.15
CD012179	recall@300	0.205
CD012179	recall@400	0.244
CD012179	recall@500	0.276
CD012179	recall@1000	0.354
CD012179	recall@2000	0.354
CD012179	recall@3000	0.354
CD012179	recall@4000	0.354
CD012179	recall@5000	0.354
CD009263	num_shown	1000
CD009263	rels_found	7
CD009263	num_rels	11
CD009263	last_rel	845
CD009263	norm_last_rel	0.169
CD009263	threshold	500
CD009263	norm_threshold	0.1
CD009263	wss_100	0
CD009263	wss_95	0
CD009263	total_cost	500.0
CD009263	norm_area	0.603
CD009263	ap	0.042
CD009263	recall_total	7.0
CD009263	recall_max	11.0
CD009263	recall_at_threshold	0.545
CD009263	recall_threshold	500
CD009263	recall@10	0.091
CD009263	recall@20	0.182
CD009263	recall@30	0.182
CD009263	recall@40	0.182
CD009263	recall@50	0.182
CD009263	recall@100	0.273
CD009263	recall@200	0.273
CD009263	recall@300	0.455
CD009263	recall@400	0.455
CD009263	recall@500	0.545
CD009263	recall@1000	0.636
CD009263	recall@2000	0.636
CD009263	recall@3000	0.636
CD009263	recall@4000	0.636
CD009263	recall@5000	0.636
CD008892	num_shown	1000
CD008892	rels_found	10
CD008892	num_rels	34
CD008892	last_rel	830
CD008892	norm_last_rel	0.166
CD008892	threshold	500
CD008892	norm_threshold	0.1
CD008892	wss_100	0
CD008892	wss_95	0
CD008892	total_cost	1140.0
CD008892	norm_area	0.262
CD008892	ap	0.003
CD008892	recall_total	10.0
CD008892	recall_max	34.0
CD008892	recall_at_threshold	0.118
CD008892	recall_threshold	500
CD008892	recall@10	0.0
CD008892	recall@20	0.0
CD008892	recall@30	0.0
CD008892	recall@40	0.0
CD008892	recall@50	0.0
CD008892	recall@100	0.0
CD008892	recall@200	0.0
CD008892	recall@300	0.059
CD008892	recall@400	0.059
CD008892	recall@500	0.118
CD008892	recall@1000	0.294
CD008892	recall@2000	0.294
CD008892	recall@3000	0.294
CD008892	recall@4000	0.294
CD008892	recall@5000	0.294
CD010502	num_shown	1000
CD010502	rels_found	57
CD010502	num_rels	82
CD010502	last_rel	948
CD010502	norm_last_rel	0.19
CD010502	threshold	500
CD010502	norm_threshold	0.1
CD010502	wss_100	0
CD010502	wss_95	0
CD010502	total_cost	520.0
CD010502	norm_area	0.665
CD010502	ap	0.148
CD010502	recall_total	57.0
CD010502	recall_max	82.0
CD010502	recall_at_threshold	0.561
CD010502	recall_threshold	500
CD010502	recall@10	0.049
CD010502	recall@20	0.098
CD010502	recall@30	0.122
CD010502	recall@40	0.146
CD010502	recall@50	0.159
CD010502	recall@100	0.28
CD010502	recall@200	0.415
CD010502	recall@300	0.463
CD010502	recall@400	0.537
CD010502	recall@500	0.561
CD010502	recall@1000	0.695
CD010502	recall@2000	0.695
CD010502	recall@3000	0.695
CD010502	recall@4000	0.695
CD010502	recall@5000	0.695
CD011053	num_shown	1000
CD011053	rels_found	6
CD011053	num_rels	9
CD011053	last_rel	417
CD011053	norm_last_rel	0.083
CD011053	threshold	500
CD011053	norm_threshold	0.1
CD011053	wss_100	0
CD011053	wss_95	0
CD011053	total_cost	440.0
CD011053	norm_area	0.634
CD011053	ap	0.02
CD011053	recall_total	6.0
CD011053	recall_max	9.0
CD011053	recall_at_threshold	0.667
CD011053	recall_threshold	500
CD011053	recall@10	0.111
CD011053	recall@20	0.111
CD011053	recall@30	0.111
CD011053	recall@40	0.111
CD011053	recall@50	0.111
CD011053	recall@100	0.111
CD011053	recall@200	0.222
CD011053	recall@300	0.333
CD011053	recall@400	0.556
CD011053	recall@500	0.667
CD011053	recall@1000	0.667
CD011053	recall@2000	0.667
CD011053	recall@3000	0.667
CD011053	recall@4000	0.667
CD011053	recall@5000	0.667
CD011926	num_shown	1000
CD011926	rels_found	21
CD011926	num_rels	31
CD011926	last_rel	912
CD011926	norm_last_rel	0.182
CD011926	threshold	500
CD011926	norm_threshold	0.1
CD011926	wss_100	0
CD011926	wss_95	0
CD011926	total_cost	460.0
CD011926	norm_area	0.651
CD011926	ap	0.087
CD011926	recall_total	21.0
CD011926	recall_max	31.0
CD011926	recall_at_threshold	0.581
CD011926	recall_threshold	500
CD011926	recall@10	0.097
CD011926	recall@20	0.161
CD011926	recall@30	0.161
CD011926	recall@40	0.194
CD011926	recall@50	0.194
CD011926	recall@100	0.29
CD011926	recall@200	0.419
CD011926	recall@300	0.548
CD011926	recall@400	0.581
CD011926	recall@500	0.581
CD011926	recall@1000	0.677
CD011926	recall@2000	0.677
CD011926	recall@3000	0.677
CD011926	recall@4000	0.677
CD011926	recall@5000	0.677
CD012599	num_shown	1000
CD012599	rels_found	9
CD012599	num_rels	19
CD012599	last_rel	648
CD012599	norm_last_rel	0.13
CD012599	threshold	500
CD012599	norm_threshold	0.1
CD012599	wss_100	0
CD012599	wss_95	0
CD012599	total_cost	640.0
CD012599	norm_area	0.449
CD012599	ap	0.012
CD012599	recall_total	9.0
CD012599	recall_max	19.0
CD012599	recall_at_threshold	0.368
CD012599	recall_threshold	500
CD012599	recall@10	0.0
CD012599	recall@20	0.0
CD012599	recall@30	0.053
CD012599	recall@40	0.105
CD012599	recall@50	0.105
CD012599	recall@100	0.105
CD012599	recall@200	0.263
CD012599	recall@300	0.263
CD012599	recall@400	0.368
CD012599	recall@500	0.368
CD012599	recall@1000	0.474
CD012599	recall@2000	0.474
CD012599	recall@3000	0.474
CD012599	recall@4000	0.474
CD012599	recall@5000	0.474
CD012009	num_shown	1000
CD012009	rels_found	3
CD012009	num_rels	4
CD012009	last_rel	315
CD012009	norm_last_rel	0.063
CD012009	threshold	500
CD012009	norm_threshold	0.1
CD012009	wss_100	0
CD012009	wss_95	0
CD012009	total_cost	460.0
CD012009	norm_area	0.733
CD012009	ap	0.046
CD012009	recall_total	3.0
CD012009	recall_max	4.0
CD012009	recall_at_threshold	0.75
CD012009	recall_threshold	500
CD012009	recall@10	0.0
CD012009	recall@20	0.5
CD012009	recall@30	0.5
CD012009	recall@40	0.5
CD012009	recall@50	0.5
CD012009	recall@100	0.5
CD012009	recall@200	0.5
CD012009	recall@300	0.5
CD012009	recall@400	0.75
CD012009	recall@500	0.75
CD012009	recall@1000	0.75
CD012009	recall@2000	0.75
CD012009	recall@3000	0.75
CD012009	recall@4000	0.75
CD012009	recall@5000	0.75
CD011602	num_shown	1000
CD011602	rels_found	0
CD011602	num_rels	1
CD011602	last_rel	0
CD011602	norm_last_rel	0.0
CD011602	threshold	500
CD011602	norm_threshold	0.1
CD011602	wss_100	0
CD011602	wss_95	0
CD011602	total_cost	520.0
CD011602	norm_area	0.0
CD011602	ap	0.0
CD011602	recall_total	0.0
CD011602	recall_max	1.0
CD011602	recall_at_threshold	0.0
CD011602	recall_threshold	500
CD011602	recall@10	0.0
CD011602	recall@20	0.0
CD011602	recall@30	0.0
CD011602	recall@40	0.0
CD011602	recall@50	0.0
CD011602	recall@100	0.0
CD011602	recall@200	0.0
CD011602	recall@300	0.0
CD011602	recall@400	0.0
CD011602	recall@500	0.0
CD011602	recall@1000	0.0
CD011602	recall@2000	0.0
CD011602	recall@3000	0.0
CD011602	recall@4000	0.0
CD011602	recall@5000	0.0
CD010680	num_shown	1000
CD010680	rels_found	0
CD010680	num_rels	1
CD010680	last_rel	0
CD010680	norm_last_rel	0.0
CD010680	threshold	500
CD010680	norm_threshold	0.1
CD010680	wss_100	0
CD010680	wss_95	0
CD010680	total_cost	520.0
CD010680	norm_area	0.0
CD010680	ap	0.0
CD010680	recall_total	0.0
CD010680	recall_max	1.0
CD010680	recall_at_threshold	0.0
CD010680	recall_threshold	500
CD010680	recall@10	0.0
CD010680	recall@20	0.0
CD010680	recall@30	0.0
CD010680	recall@40	0.0
CD010680	recall@50	0.0
CD010680	recall@100	0.0
CD010680	recall@200	0.0
CD010680	recall@300	0.0
CD010680	recall@400	0.0
CD010680	recall@500	0.0
CD010680	recall@1000	0.0
CD010680	recall@2000	0.0
CD010680	recall@3000	0.0
CD010680	recall@4000	0.0
CD010680	recall@5000	0.0
CD010657	num_shown	1000
CD010657	rels_found	29
CD010657	num_rels	37
CD010657	last_rel	987
CD010657	norm_last_rel	0.197
CD010657	threshold	500
CD010657	norm_threshold	0.1
CD010657	wss_100	0
CD010657	wss_95	0
CD010657	total_cost	380.0
CD010657	norm_area	0.744
CD010657	ap	0.079
CD010657	recall_total	29.0
CD010657	recall_max	37.0
CD010657	recall_at_threshold	0.649
CD010657	recall_threshold	500
CD010657	recall@10	0.054
CD010657	recall@20	0.054
CD010657	recall@30	0.081
CD010657	recall@40	0.162
CD010657	recall@50	0.243
CD010657	recall@100	0.351
CD010657	recall@200	0.432
CD010657	recall@300	0.514
CD010657	recall@400	0.622
CD010657	recall@500	0.649
CD010657	recall@1000	0.784
CD010657	recall@2000	0.784
CD010657	recall@3000	0.784
CD010657	recall@4000	0.784
CD010657	recall@5000	0.784
CD010213	num_shown	1000
CD010213	rels_found	3
CD010213	num_rels	40
CD010213	last_rel	930
CD010213	norm_last_rel	0.186
CD010213	threshold	500
CD010213	norm_threshold	0.1
CD010213	wss_100	0
CD010213	wss_95	0
CD010213	total_cost	1300.0
CD010213	norm_area	0.067
CD010213	ap	0.001
CD010213	recall_total	3.0
CD010213	recall_max	40.0
CD010213	recall_at_threshold	0.025
CD010213	recall_threshold	500
CD010213	recall@10	0.0
CD010213	recall@20	0.0
CD010213	recall@30	0.0
CD010213	recall@40	0.0
CD010213	recall@50	0.025
CD010213	recall@100	0.025
CD010213	recall@200	0.025
CD010213	recall@300	0.025
CD010213	recall@400	0.025
CD010213	recall@500	0.025
CD010213	recall@1000	0.075
CD010213	recall@2000	0.075
CD010213	recall@3000	0.075
CD010213	recall@4000	0.075
CD010213	recall@5000	0.075
CD011420	num_shown	1000
CD011420	rels_found	8
CD011420	num_rels	8
CD011420	last_rel	113
CD011420	norm_last_rel	0.023
CD011420	threshold	500
CD011420	norm_threshold	0.1
CD011420	wss_100	0.977
CD011420	wss_95	0.927
CD011420	total_cost	340.0
CD011420	norm_area	0.995
CD011420	ap	0.389
CD011420	recall_total	8.0
CD011420	recall_max	8.0
CD011420	recall_at_threshold	1.0
CD011420	recall_threshold	500
CD011420	recall@10	0.375
CD011420	recall@20	0.75
CD011420	recall@30	0.75
CD011420	recall@40	0.75
CD011420	recall@50	0.75
CD011420	recall@100	0.875
CD011420	recall@200	1.0
CD011420	recall@300	1.0
CD011420	recall@400	1.0
CD011420	recall@500	1.0
CD011420	recall@1000	1.0
CD011420	recall@2000	1.0
CD011420	recall@3000	1.0
CD011420	recall@4000	1.0
CD011420	recall@5000	1.0
CD010864	num_shown	1000
CD010864	rels_found	3
CD010864	num_rels	3
CD010864	last_rel	835
CD010864	norm_last_rel	0.167
CD010864	threshold	500
CD010864	norm_threshold	0.1
CD010864	wss_100	0.833
CD010864	wss_95	0.783
CD010864	total_cost	500.0
CD010864	norm_area	0.931
CD010864	ap	0.011
CD010864	recall_total	3.0
CD010864	recall_max	3.0
CD010864	recall_at_threshold	0.667
CD010864	recall_threshold	500
CD010864	recall@10	0.0
CD010864	recall@20	0.0
CD010864	recall@30	0.0
CD010864	recall@40	0.0
CD010864	recall@50	0.0
CD010864	recall@100	0.333
CD010864	recall@200	0.667
CD010864	recall@300	0.667
CD010864	recall@400	0.667
CD010864	recall@500	0.667
CD010864	recall@1000	1.0
CD010864	recall@2000	1.0
CD010864	recall@3000	1.0
CD010864	recall@4000	1.0
CD010864	recall@5000	1.0
CD011126	num_shown	1000
CD011126	rels_found	9
CD011126	num_rels	12
CD011126	last_rel	294
CD011126	norm_last_rel	0.059
CD011126	threshold	500
CD011126	norm_threshold	0.1
CD011126	wss_100	0
CD011126	wss_95	0
CD011126	total_cost	380.0
CD011126	norm_area	0.732
CD011126	ap	0.031
CD011126	recall_total	9.0
CD011126	recall_max	12.0
CD011126	recall_at_threshold	0.75
CD011126	recall_threshold	500
CD011126	recall@10	0.0
CD011126	recall@20	0.083
CD011126	recall@30	0.083
CD011126	recall@40	0.083
CD011126	recall@50	0.083
CD011126	recall@100	0.333
CD011126	recall@200	0.667
CD011126	recall@300	0.75
CD011126	recall@400	0.75
CD011126	recall@500	0.75
CD011126	recall@1000	0.75
CD011126	recall@2000	0.75
CD011126	recall@3000	0.75
CD011126	recall@4000	0.75
CD011126	recall@5000	0.75
CD008122	num_shown	1000
CD008122	rels_found	33
CD008122	num_rels	62
CD008122	last_rel	964
CD008122	norm_last_rel	0.193
CD008122	threshold	500
CD008122	norm_threshold	0.1
CD008122	wss_100	0
CD008122	wss_95	0
CD008122	total_cost	1020.0
CD008122	norm_area	0.49
CD008122	ap	0.023
CD008122	recall_total	33.0
CD008122	recall_max	62.0
CD008122	recall_at_threshold	0.371
CD008122	recall_threshold	500
CD008122	recall@10	0.0
CD008122	recall@20	0.016
CD008122	recall@30	0.032
CD008122	recall@40	0.032
CD008122	recall@50	0.032
CD008122	recall@100	0.048
CD008122	recall@200	0.113
CD008122	recall@300	0.21
CD008122	recall@400	0.226
CD008122	recall@500	0.371
CD008122	recall@1000	0.532
CD008122	recall@2000	0.532
CD008122	recall@3000	0.532
CD008122	recall@4000	0.532
CD008122	recall@5000	0.532
CD009694	num_shown	1000
CD009694	rels_found	10
CD009694	num_rels	10
CD009694	last_rel	942
CD009694	norm_last_rel	0.188
CD009694	threshold	500
CD009694	norm_threshold	0.1
CD009694	wss_100	0.812
CD009694	wss_95	0.762
CD009694	total_cost	360.0
CD009694	norm_area	0.976
CD009694	ap	0.181
CD009694	recall_total	10.0
CD009694	recall_max	10.0
CD009694	recall_at_threshold	0.9
CD009694	recall_threshold	500
CD009694	recall@10	0.1
CD009694	recall@20	0.5
CD009694	recall@30	0.5
CD009694	recall@40	0.7
CD009694	recall@50	0.8
CD009694	recall@100	0.8
CD009694	recall@200	0.9
CD009694	recall@300	0.9
CD009694	recall@400	0.9
CD009694	recall@500	0.9
CD009694	recall@1000	1.0
CD009694	recall@2000	1.0
CD009694	recall@3000	1.0
CD009694	recall@4000	1.0
CD009694	recall@5000	1.0
CD012083	num_shown	1000
CD012083	rels_found	0
CD012083	num_rels	7
CD012083	last_rel	0
CD012083	norm_last_rel	0.0
CD012083	threshold	500
CD012083	norm_threshold	0.1
CD012083	wss_100	0
CD012083	wss_95	0
CD012083	total_cost	640.0
CD012083	norm_area	0.0
CD012083	ap	0.0
CD012083	recall_total	0.0
CD012083	recall_max	7.0
CD012083	recall_at_threshold	0.0
CD012083	recall_threshold	500
CD012083	recall@10	0.0
CD012083	recall@20	0.0
CD012083	recall@30	0.0
CD012083	recall@40	0.0
CD012083	recall@50	0.0
CD012083	recall@100	0.0
CD012083	recall@200	0.0
CD012083	recall@300	0.0
CD012083	recall@400	0.0
CD012083	recall@500	0.0
CD012083	recall@1000	0.0
CD012083	recall@2000	0.0
CD012083	recall@3000	0.0
CD012083	recall@4000	0.0
CD012083	recall@5000	0.0
CD012216	num_shown	1000
CD012216	rels_found	0
CD012216	num_rels	1
CD012216	last_rel	0
CD012216	norm_last_rel	0.0
CD012216	threshold	500
CD012216	norm_threshold	0.1
CD012216	wss_100	0
CD012216	wss_95	0
CD012216	total_cost	520.0
CD012216	norm_area	0.0
CD012216	ap	0.0
CD012216	recall_total	0.0
CD012216	recall_max	1.0
CD012216	recall_at_threshold	0.0
CD012216	recall_threshold	500
CD012216	recall@10	0.0
CD012216	recall@20	0.0
CD012216	recall@30	0.0
CD012216	recall@40	0.0
CD012216	recall@50	0.0
CD012216	recall@100	0.0
CD012216	recall@200	0.0
CD012216	recall@300	0.0
CD012216	recall@400	0.0
CD012216	recall@500	0.0
CD012216	recall@1000	0.0
CD012216	recall@2000	0.0
CD012216	recall@3000	0.0
CD012216	recall@4000	0.0
CD012216	recall@5000	0.0
CD012281	num_shown	1000
CD012281	rels_found	4
CD012281	num_rels	10
CD012281	last_rel	890
CD012281	norm_last_rel	0.178
CD012281	threshold	500
CD012281	norm_threshold	0.1
CD012281	wss_100	0
CD012281	wss_95	0
CD012281	total_cost	660.0
CD012281	norm_area	0.372
CD012281	ap	0.028
CD012281	recall_total	4.0
CD012281	recall_max	10.0
CD012281	recall_at_threshold	0.2
CD012281	recall_threshold	500
CD012281	recall@10	0.1
CD012281	recall@20	0.2
CD012281	recall@30	0.2
CD012281	recall@40	0.2
CD012281	recall@50	0.2
CD012281	recall@100	0.2
CD012281	recall@200	0.2
CD012281	recall@300	0.2
CD012281	recall@400	0.2
CD012281	recall@500	0.2
CD012281	recall@1000	0.4
CD012281	recall@2000	0.4
CD012281	recall@3000	0.4
CD012281	recall@4000	0.4
CD012281	recall@5000	0.4
CD008587	num_shown	1000
CD008587	rels_found	23
CD008587	num_rels	35
CD008587	last_rel	944
CD008587	norm_last_rel	0.189
CD008587	threshold	500
CD008587	norm_threshold	0.1
CD008587	wss_100	0
CD008587	wss_95	0
CD008587	total_cost	520.0
CD008587	norm_area	0.626
CD008587	ap	0.056
CD008587	recall_total	23.0
CD008587	recall_max	35.0
CD008587	recall_at_threshold	0.543
CD008587	recall_threshold	500
CD008587	recall@10	0.057
CD008587	recall@20	0.114
CD008587	recall@30	0.114
CD008587	recall@40	0.114
CD008587	recall@50	0.114
CD008587	recall@100	0.143
CD008587	recall@200	0.429
CD008587	recall@300	0.457
CD008587	recall@400	0.457
CD008587	recall@500	0.543
CD008587	recall@1000	0.657
CD008587	recall@2000	0.657
CD008587	recall@3000	0.657
CD008587	recall@4000	0.657
CD008587	recall@5000	0.657
CD011431	num_shown	1000
CD011431	rels_found	28
CD011431	num_rels	34
CD011431	last_rel	993
CD011431	norm_last_rel	0.199
CD011431	threshold	500
CD011431	norm_threshold	0.1
CD011431	wss_100	0
CD011431	wss_95	0
CD011431	total_cost	240.0
CD011431	norm_area	0.788
CD011431	ap	0.085
CD011431	recall_total	28.0
CD011431	recall_max	34.0
CD011431	recall_at_threshold	0.735
CD011431	recall_threshold	500
CD011431	recall@10	0.0
CD011431	recall@20	0.059
CD011431	recall@30	0.118
CD011431	recall@40	0.147
CD011431	recall@50	0.206
CD011431	recall@100	0.412
CD011431	recall@200	0.5
CD011431	recall@300	0.559
CD011431	recall@400	0.618
CD011431	recall@500	0.735
CD011431	recall@1000	0.824
CD011431	recall@2000	0.824
CD011431	recall@3000	0.824
CD011431	recall@4000	0.824
CD011431	recall@5000	0.824
ALL	num_shown	30000
ALL	rels_found	426
ALL	num_rels	759
ALL	last_rel	591.0
ALL	norm_last_rel	0.118
ALL	threshold	500.0
ALL	norm_threshold	0.1
ALL	wss_100	0.151
ALL	wss_95	0.173
ALL	total_cost	574.0
ALL	norm_area	0.563
ALL	ap	0.072
ALL	recall_total	14.0
ALL	recall_max	25.0
ALL	recall_at_threshold	0.472
ALL	recall_threshold	500.0
ALL	recall@10	0.046
ALL	recall@20	0.088
ALL	recall@30	0.119
ALL	recall@40	0.149
ALL	recall@50	0.17
ALL	recall@100	0.242
ALL	recall@200	0.339
ALL	recall@300	0.393
ALL	recall@400	0.431
ALL	recall@500	0.472
ALL	recall@1000	0.561
ALL	recall@2000	0.561
ALL	recall@3000	0.561
ALL	recall@4000	0.561
ALL	recall@5000	0.561
