ALL	num_shown	30000
ALL	rels_found	426
ALL	num_rels	759
ALL	last_rel	591.0
ALL	norm_last_rel	0.118
ALL	threshold	500.0
ALL	norm_threshold	0.1
ALL	wss_100	0.151
ALL	wss_95	0.173
ALL	total_cost	574.0
ALL	norm_area	0.563
ALL	ap	0.072
ALL	recall_total	14.0
ALL	recall_max	25.0
ALL	recall_at_threshold	0.472
ALL	recall_threshold	500.0
ALL	recall@10	0.046
ALL	recall@20	0.088
ALL	recall@30	0.119
ALL	recall@40	0.149
ALL	recall@50	0.17
ALL	recall@60	0.184
ALL	recall@70	0.203
ALL	recall@80	0.216
ALL	recall@90	0.232
ALL	recall@100	0.242
ALL	recall@110	0.258
ALL	recall@120	0.267
ALL	recall@130	0.277
ALL	recall@140	0.291
ALL	recall@150	0.308
ALL	recall@160	0.315
ALL	recall@170	0.323
ALL	recall@180	0.327
ALL	recall@190	0.331
ALL	recall@200	0.339
ALL	recall@210	0.344
ALL	recall@220	0.345
ALL	recall@230	0.353
ALL	recall@240	0.358
ALL	recall@250	0.364
ALL	recall@260	0.369
ALL	recall@270	0.375
ALL	recall@280	0.383
ALL	recall@290	0.386
ALL	recall@300	0.393
ALL	recall@310	0.397
ALL	recall@320	0.401
ALL	recall@330	0.402
ALL	recall@340	0.407
ALL	recall@350	0.414
ALL	recall@360	0.415
ALL	recall@370	0.416
ALL	recall@380	0.422
ALL	recall@390	0.427
ALL	recall@400	0.431
ALL	recall@410	0.435
ALL	recall@420	0.441
ALL	recall@430	0.443
ALL	recall@440	0.443
ALL	recall@450	0.449
ALL	recall@460	0.455
ALL	recall@470	0.457
ALL	recall@480	0.46
ALL	recall@490	0.466
ALL	recall@500	0.472
ALL	recall@510	0.474
ALL	recall@520	0.474
ALL	recall@530	0.477
ALL	recall@540	0.48
ALL	recall@550	0.48
ALL	recall@560	0.481
ALL	recall@570	0.485
ALL	recall@580	0.486
ALL	recall@590	0.491
ALL	recall@600	0.493
ALL	recall@610	0.495
ALL	recall@620	0.495
ALL	recall@630	0.498
ALL	recall@640	0.499
ALL	recall@650	0.502
ALL	recall@660	0.503
ALL	recall@670	0.505
ALL	recall@680	0.509
ALL	recall@690	0.51
ALL	recall@700	0.511
ALL	recall@710	0.516
ALL	recall@720	0.516
ALL	recall@730	0.519
ALL	recall@740	0.52
ALL	recall@750	0.522
ALL	recall@760	0.522
ALL	recall@770	0.526
ALL	recall@780	0.526
ALL	recall@790	0.526
ALL	recall@800	0.528
ALL	recall@810	0.53
ALL	recall@820	0.53
ALL	recall@830	0.531
ALL	recall@840	0.538
ALL	recall@850	0.54
ALL	recall@860	0.54
ALL	recall@870	0.543
ALL	recall@880	0.544
ALL	recall@890	0.547
ALL	recall@900	0.548
ALL	recall@910	0.548
ALL	recall@920	0.549
ALL	recall@930	0.551
ALL	recall@940	0.551
ALL	recall@950	0.555
ALL	recall@960	0.555
ALL	recall@970	0.559
ALL	recall@980	0.559
ALL	recall@990	0.56
ALL	recall@1000	0.561
ALL	recall@1010	0.561
ALL	recall@1020	0.561
ALL	recall@1030	0.561
ALL	recall@1040	0.561
ALL	recall@1050	0.561
ALL	recall@1060	0.561
ALL	recall@1070	0.561
ALL	recall@1080	0.561
ALL	recall@1090	0.561
ALL	recall@1100	0.561
ALL	recall@1110	0.561
ALL	recall@1120	0.561
ALL	recall@1130	0.561
ALL	recall@1140	0.561
ALL	recall@1150	0.561
ALL	recall@1160	0.561
ALL	recall@1170	0.561
ALL	recall@1180	0.561
ALL	recall@1190	0.561
ALL	recall@1200	0.561
ALL	recall@1210	0.561
ALL	recall@1220	0.561
ALL	recall@1230	0.561
ALL	recall@1240	0.561
ALL	recall@1250	0.561
ALL	recall@1260	0.561
ALL	recall@1270	0.561
ALL	recall@1280	0.561
ALL	recall@1290	0.561
ALL	recall@1300	0.561
ALL	recall@1310	0.561
ALL	recall@1320	0.561
ALL	recall@1330	0.561
ALL	recall@1340	0.561
ALL	recall@1350	0.561
ALL	recall@1360	0.561
ALL	recall@1370	0.561
ALL	recall@1380	0.561
ALL	recall@1390	0.561
ALL	recall@1400	0.561
ALL	recall@1410	0.561
ALL	recall@1420	0.561
ALL	recall@1430	0.561
ALL	recall@1440	0.561
ALL	recall@1450	0.561
ALL	recall@1460	0.561
ALL	recall@1470	0.561
ALL	recall@1480	0.561
ALL	recall@1490	0.561
ALL	recall@1500	0.561
ALL	recall@1510	0.561
ALL	recall@1520	0.561
ALL	recall@1530	0.561
ALL	recall@1540	0.561
ALL	recall@1550	0.561
ALL	recall@1560	0.561
ALL	recall@1570	0.561
ALL	recall@1580	0.561
ALL	recall@1590	0.561
ALL	recall@1600	0.561
ALL	recall@1610	0.561
ALL	recall@1620	0.561
ALL	recall@1630	0.561
ALL	recall@1640	0.561
ALL	recall@1650	0.561
ALL	recall@1660	0.561
ALL	recall@1670	0.561
ALL	recall@1680	0.561
ALL	recall@1690	0.561
ALL	recall@1700	0.561
ALL	recall@1710	0.561
ALL	recall@1720	0.561
ALL	recall@1730	0.561
ALL	recall@1740	0.561
ALL	recall@1750	0.561
ALL	recall@1760	0.561
ALL	recall@1770	0.561
ALL	recall@1780	0.561
ALL	recall@1790	0.561
ALL	recall@1800	0.561
ALL	recall@1810	0.561
ALL	recall@1820	0.561
ALL	recall@1830	0.561
ALL	recall@1840	0.561
ALL	recall@1850	0.561
ALL	recall@1860	0.561
ALL	recall@1870	0.561
ALL	recall@1880	0.561
ALL	recall@1890	0.561
ALL	recall@1900	0.561
ALL	recall@1910	0.561
ALL	recall@1920	0.561
ALL	recall@1930	0.561
ALL	recall@1940	0.561
ALL	recall@1950	0.561
ALL	recall@1960	0.561
ALL	recall@1970	0.561
ALL	recall@1980	0.561
ALL	recall@1990	0.561
ALL	recall@2000	0.561
ALL	recall@2010	0.561
ALL	recall@2020	0.561
ALL	recall@2030	0.561
ALL	recall@2040	0.561
ALL	recall@2050	0.561
ALL	recall@2060	0.561
ALL	recall@2070	0.561
ALL	recall@2080	0.561
ALL	recall@2090	0.561
ALL	recall@2100	0.561
ALL	recall@2110	0.561
ALL	recall@2120	0.561
ALL	recall@2130	0.561
ALL	recall@2140	0.561
ALL	recall@2150	0.561
ALL	recall@2160	0.561
ALL	recall@2170	0.561
ALL	recall@2180	0.561
ALL	recall@2190	0.561
ALL	recall@2200	0.561
ALL	recall@2210	0.561
ALL	recall@2220	0.561
ALL	recall@2230	0.561
ALL	recall@2240	0.561
ALL	recall@2250	0.561
ALL	recall@2260	0.561
ALL	recall@2270	0.561
ALL	recall@2280	0.561
ALL	recall@2290	0.561
ALL	recall@2300	0.561
ALL	recall@2310	0.561
ALL	recall@2320	0.561
ALL	recall@2330	0.561
ALL	recall@2340	0.561
ALL	recall@2350	0.561
ALL	recall@2360	0.561
ALL	recall@2370	0.561
ALL	recall@2380	0.561
ALL	recall@2390	0.561
ALL	recall@2400	0.561
ALL	recall@2410	0.561
ALL	recall@2420	0.561
ALL	recall@2430	0.561
ALL	recall@2440	0.561
ALL	recall@2450	0.561
ALL	recall@2460	0.561
ALL	recall@2470	0.561
ALL	recall@2480	0.561
ALL	recall@2490	0.561
ALL	recall@2500	0.561
ALL	recall@2510	0.561
ALL	recall@2520	0.561
ALL	recall@2530	0.561
ALL	recall@2540	0.561
ALL	recall@2550	0.561
ALL	recall@2560	0.561
ALL	recall@2570	0.561
ALL	recall@2580	0.561
ALL	recall@2590	0.561
ALL	recall@2600	0.561
ALL	recall@2610	0.561
ALL	recall@2620	0.561
ALL	recall@2630	0.561
ALL	recall@2640	0.561
ALL	recall@2650	0.561
ALL	recall@2660	0.561
ALL	recall@2670	0.561
ALL	recall@2680	0.561
ALL	recall@2690	0.561
ALL	recall@2700	0.561
ALL	recall@2710	0.561
ALL	recall@2720	0.561
ALL	recall@2730	0.561
ALL	recall@2740	0.561
ALL	recall@2750	0.561
ALL	recall@2760	0.561
ALL	recall@2770	0.561
ALL	recall@2780	0.561
ALL	recall@2790	0.561
ALL	recall@2800	0.561
ALL	recall@2810	0.561
ALL	recall@2820	0.561
ALL	recall@2830	0.561
ALL	recall@2840	0.561
ALL	recall@2850	0.561
ALL	recall@2860	0.561
ALL	recall@2870	0.561
ALL	recall@2880	0.561
ALL	recall@2890	0.561
ALL	recall@2900	0.561
ALL	recall@2910	0.561
ALL	recall@2920	0.561
ALL	recall@2930	0.561
ALL	recall@2940	0.561
ALL	recall@2950	0.561
ALL	recall@2960	0.561
ALL	recall@2970	0.561
ALL	recall@2980	0.561
ALL	recall@2990	0.561
ALL	recall@3000	0.561
ALL	recall@3010	0.561
ALL	recall@3020	0.561
ALL	recall@3030	0.561
ALL	recall@3040	0.561
ALL	recall@3050	0.561
ALL	recall@3060	0.561
ALL	recall@3070	0.561
ALL	recall@3080	0.561
ALL	recall@3090	0.561
ALL	recall@3100	0.561
ALL	recall@3110	0.561
ALL	recall@3120	0.561
ALL	recall@3130	0.561
ALL	recall@3140	0.561
ALL	recall@3150	0.561
ALL	recall@3160	0.561
ALL	recall@3170	0.561
ALL	recall@3180	0.561
ALL	recall@3190	0.561
ALL	recall@3200	0.561
ALL	recall@3210	0.561
ALL	recall@3220	0.561
ALL	recall@3230	0.561
ALL	recall@3240	0.561
ALL	recall@3250	0.561
ALL	recall@3260	0.561
ALL	recall@3270	0.561
ALL	recall@3280	0.561
ALL	recall@3290	0.561
ALL	recall@3300	0.561
ALL	recall@3310	0.561
ALL	recall@3320	0.561
ALL	recall@3330	0.561
ALL	recall@3340	0.561
ALL	recall@3350	0.561
ALL	recall@3360	0.561
ALL	recall@3370	0.561
ALL	recall@3380	0.561
ALL	recall@3390	0.561
ALL	recall@3400	0.561
ALL	recall@3410	0.561
ALL	recall@3420	0.561
ALL	recall@3430	0.561
ALL	recall@3440	0.561
ALL	recall@3450	0.561
ALL	recall@3460	0.561
ALL	recall@3470	0.561
ALL	recall@3480	0.561
ALL	recall@3490	0.561
ALL	recall@3500	0.561
ALL	recall@3510	0.561
ALL	recall@3520	0.561
ALL	recall@3530	0.561
ALL	recall@3540	0.561
ALL	recall@3550	0.561
ALL	recall@3560	0.561
ALL	recall@3570	0.561
ALL	recall@3580	0.561
ALL	recall@3590	0.561
ALL	recall@3600	0.561
ALL	recall@3610	0.561
ALL	recall@3620	0.561
ALL	recall@3630	0.561
ALL	recall@3640	0.561
ALL	recall@3650	0.561
ALL	recall@3660	0.561
ALL	recall@3670	0.561
ALL	recall@3680	0.561
ALL	recall@3690	0.561
ALL	recall@3700	0.561
ALL	recall@3710	0.561
ALL	recall@3720	0.561
ALL	recall@3730	0.561
ALL	recall@3740	0.561
ALL	recall@3750	0.561
ALL	recall@3760	0.561
ALL	recall@3770	0.561
ALL	recall@3780	0.561
ALL	recall@3790	0.561
ALL	recall@3800	0.561
ALL	recall@3810	0.561
ALL	recall@3820	0.561
ALL	recall@3830	0.561
ALL	recall@3840	0.561
ALL	recall@3850	0.561
ALL	recall@3860	0.561
ALL	recall@3870	0.561
ALL	recall@3880	0.561
ALL	recall@3890	0.561
ALL	recall@3900	0.561
ALL	recall@3910	0.561
ALL	recall@3920	0.561
ALL	recall@3930	0.561
ALL	recall@3940	0.561
ALL	recall@3950	0.561
ALL	recall@3960	0.561
ALL	recall@3970	0.561
ALL	recall@3980	0.561
ALL	recall@3990	0.561
ALL	recall@4000	0.561
ALL	recall@4010	0.561
ALL	recall@4020	0.561
ALL	recall@4030	0.561
ALL	recall@4040	0.561
ALL	recall@4050	0.561
ALL	recall@4060	0.561
ALL	recall@4070	0.561
ALL	recall@4080	0.561
ALL	recall@4090	0.561
ALL	recall@4100	0.561
ALL	recall@4110	0.561
ALL	recall@4120	0.561
ALL	recall@4130	0.561
ALL	recall@4140	0.561
ALL	recall@4150	0.561
ALL	recall@4160	0.561
ALL	recall@4170	0.561
ALL	recall@4180	0.561
ALL	recall@4190	0.561
ALL	recall@4200	0.561
ALL	recall@4210	0.561
ALL	recall@4220	0.561
ALL	recall@4230	0.561
ALL	recall@4240	0.561
ALL	recall@4250	0.561
ALL	recall@4260	0.561
ALL	recall@4270	0.561
ALL	recall@4280	0.561
ALL	recall@4290	0.561
ALL	recall@4300	0.561
ALL	recall@4310	0.561
ALL	recall@4320	0.561
ALL	recall@4330	0.561
ALL	recall@4340	0.561
ALL	recall@4350	0.561
ALL	recall@4360	0.561
ALL	recall@4370	0.561
ALL	recall@4380	0.561
ALL	recall@4390	0.561
ALL	recall@4400	0.561
ALL	recall@4410	0.561
ALL	recall@4420	0.561
ALL	recall@4430	0.561
ALL	recall@4440	0.561
ALL	recall@4450	0.561
ALL	recall@4460	0.561
ALL	recall@4470	0.561
ALL	recall@4480	0.561
ALL	recall@4490	0.561
ALL	recall@4500	0.561
ALL	recall@4510	0.561
ALL	recall@4520	0.561
ALL	recall@4530	0.561
ALL	recall@4540	0.561
ALL	recall@4550	0.561
ALL	recall@4560	0.561
ALL	recall@4570	0.561
ALL	recall@4580	0.561
ALL	recall@4590	0.561
ALL	recall@4600	0.561
ALL	recall@4610	0.561
ALL	recall@4620	0.561
ALL	recall@4630	0.561
ALL	recall@4640	0.561
ALL	recall@4650	0.561
ALL	recall@4660	0.561
ALL	recall@4670	0.561
ALL	recall@4680	0.561
ALL	recall@4690	0.561
ALL	recall@4700	0.561
ALL	recall@4710	0.561
ALL	recall@4720	0.561
ALL	recall@4730	0.561
ALL	recall@4740	0.561
ALL	recall@4750	0.561
ALL	recall@4760	0.561
ALL	recall@4770	0.561
ALL	recall@4780	0.561
ALL	recall@4790	0.561
ALL	recall@4800	0.561
ALL	recall@4810	0.561
ALL	recall@4820	0.561
ALL	recall@4830	0.561
ALL	recall@4840	0.561
ALL	recall@4850	0.561
ALL	recall@4860	0.561
ALL	recall@4870	0.561
ALL	recall@4880	0.561
ALL	recall@4890	0.561
ALL	recall@4900	0.561
ALL	recall@4910	0.561
ALL	recall@4920	0.561
ALL	recall@4930	0.561
ALL	recall@4940	0.561
ALL	recall@4950	0.561
ALL	recall@4960	0.561
ALL	recall@4970	0.561
ALL	recall@4980	0.561
ALL	recall@4990	0.561
ALL	recall@5000	0.561
