CD012599	num_shown	816
CD012599	rels_found	7
CD012599	num_rels	19
CD012599	last_rel	726
CD012599	norm_last_rel	0.145
CD012599	threshold	500
CD012599	norm_threshold	0.1
CD012599	wss_100	0
CD012599	wss_95	0
CD012599	total_cost	720.0
CD012599	norm_area	0.334
CD012599	ap	0.003
CD012599	recall_total	7.0
CD012599	recall_max	19.0
CD012599	recall_at_threshold	0.263
CD012599	recall_threshold	500
CD012599	recall@10	0.0
CD012599	recall@20	0.0
CD012599	recall@30	0.0
CD012599	recall@40	0.0
CD012599	recall@50	0.0
CD012599	recall@100	0.0
CD012599	recall@200	0.053
CD012599	recall@300	0.053
CD012599	recall@400	0.105
CD012599	recall@500	0.263
CD012599	recall@1000	0.368
CD012599	recall@2000	0.368
CD012599	recall@3000	0.368
CD012599	recall@4000	0.368
CD012599	recall@5000	0.368
CD012281	num_shown	797
CD012281	rels_found	4
CD012281	num_rels	10
CD012281	last_rel	121
CD012281	norm_last_rel	0.024
CD012281	threshold	500
CD012281	norm_threshold	0.1
CD012281	wss_100	0
CD012281	wss_95	0
CD012281	total_cost	540.0
CD012281	norm_area	0.394
CD012281	ap	0.021
CD012281	recall_total	4.0
CD012281	recall_max	10.0
CD012281	recall_at_threshold	0.4
CD012281	recall_threshold	500
CD012281	recall@10	0.1
CD012281	recall@20	0.1
CD012281	recall@30	0.1
CD012281	recall@40	0.1
CD012281	recall@50	0.1
CD012281	recall@100	0.2
CD012281	recall@200	0.4
CD012281	recall@300	0.4
CD012281	recall@400	0.4
CD012281	recall@500	0.4
CD012281	recall@1000	0.4
CD012281	recall@2000	0.4
CD012281	recall@3000	0.4
CD012281	recall@4000	0.4
CD012281	recall@5000	0.4
CD012216	num_shown	654
CD012216	rels_found	0
CD012216	num_rels	1
CD012216	last_rel	0
CD012216	norm_last_rel	0.0
CD012216	threshold	500
CD012216	norm_threshold	0.1
CD012216	wss_100	0
CD012216	wss_95	0
CD012216	total_cost	520.0
CD012216	norm_area	0.0
CD012216	ap	0.0
CD012216	recall_total	0.0
CD012216	recall_max	1.0
CD012216	recall_at_threshold	0.0
CD012216	recall_threshold	500
CD012216	recall@10	0.0
CD012216	recall@20	0.0
CD012216	recall@30	0.0
CD012216	recall@40	0.0
CD012216	recall@50	0.0
CD012216	recall@100	0.0
CD012216	recall@200	0.0
CD012216	recall@300	0.0
CD012216	recall@400	0.0
CD012216	recall@500	0.0
CD012216	recall@1000	0.0
CD012216	recall@2000	0.0
CD012216	recall@3000	0.0
CD012216	recall@4000	0.0
CD012216	recall@5000	0.0
CD012179	num_shown	766
CD012179	rels_found	32
CD012179	num_rels	127
CD012179	last_rel	655
CD012179	norm_last_rel	0.131
CD012179	threshold	500
CD012179	norm_threshold	0.1
CD012179	wss_100	0
CD012179	wss_95	0
CD012179	total_cost	1940.0
CD012179	norm_area	0.244
CD012179	ap	0.032
CD012179	recall_total	32.0
CD012179	recall_max	127.0
CD012179	recall_at_threshold	0.228
CD012179	recall_threshold	500
CD012179	recall@10	0.024
CD012179	recall@20	0.024
CD012179	recall@30	0.024
CD012179	recall@40	0.047
CD012179	recall@50	0.055
CD012179	recall@100	0.087
CD012179	recall@200	0.15
CD012179	recall@300	0.181
CD012179	recall@400	0.22
CD012179	recall@500	0.228
CD012179	recall@1000	0.252
CD012179	recall@2000	0.252
CD012179	recall@3000	0.252
CD012179	recall@4000	0.252
CD012179	recall@5000	0.252
CD012165	num_shown	780
CD012165	rels_found	13
CD012165	num_rels	52
CD012165	last_rel	490
CD012165	norm_last_rel	0.098
CD012165	threshold	500
CD012165	norm_threshold	0.1
CD012165	wss_100	0
CD012165	wss_95	0
CD012165	total_cost	1020.0
CD012165	norm_area	0.24
CD012165	ap	0.008
CD012165	recall_total	13.0
CD012165	recall_max	52.0
CD012165	recall_at_threshold	0.25
CD012165	recall_threshold	500
CD012165	recall@10	0.0
CD012165	recall@20	0.0
CD012165	recall@30	0.0
CD012165	recall@40	0.0
CD012165	recall@50	0.0
CD012165	recall@100	0.058
CD012165	recall@200	0.115
CD012165	recall@300	0.192
CD012165	recall@400	0.231
CD012165	recall@500	0.25
CD012165	recall@1000	0.25
CD012165	recall@2000	0.25
CD012165	recall@3000	0.25
CD012165	recall@4000	0.25
CD012165	recall@5000	0.25
CD012083	num_shown	761
CD012083	rels_found	0
CD012083	num_rels	7
CD012083	last_rel	0
CD012083	norm_last_rel	0.0
CD012083	threshold	500
CD012083	norm_threshold	0.1
CD012083	wss_100	0
CD012083	wss_95	0
CD012083	total_cost	640.0
CD012083	norm_area	0.0
CD012083	ap	0.0
CD012083	recall_total	0.0
CD012083	recall_max	7.0
CD012083	recall_at_threshold	0.0
CD012083	recall_threshold	500
CD012083	recall@10	0.0
CD012083	recall@20	0.0
CD012083	recall@30	0.0
CD012083	recall@40	0.0
CD012083	recall@50	0.0
CD012083	recall@100	0.0
CD012083	recall@200	0.0
CD012083	recall@300	0.0
CD012083	recall@400	0.0
CD012083	recall@500	0.0
CD012083	recall@1000	0.0
CD012083	recall@2000	0.0
CD012083	recall@3000	0.0
CD012083	recall@4000	0.0
CD012083	recall@5000	0.0
CD012010	num_shown	779
CD012010	rels_found	6
CD012010	num_rels	9
CD012010	last_rel	244
CD012010	norm_last_rel	0.049
CD012010	threshold	500
CD012010	norm_threshold	0.1
CD012010	wss_100	0
CD012010	wss_95	0
CD012010	total_cost	440.0
CD012010	norm_area	0.656
CD012010	ap	0.031
CD012010	recall_total	6.0
CD012010	recall_max	9.0
CD012010	recall_at_threshold	0.667
CD012010	recall_threshold	500
CD012010	recall@10	0.0
CD012010	recall@20	0.0
CD012010	recall@30	0.0
CD012010	recall@40	0.0
CD012010	recall@50	0.333
CD012010	recall@100	0.556
CD012010	recall@200	0.556
CD012010	recall@300	0.667
CD012010	recall@400	0.667
CD012010	recall@500	0.667
CD012010	recall@1000	0.667
CD012010	recall@2000	0.667
CD012010	recall@3000	0.667
CD012010	recall@4000	0.667
CD012010	recall@5000	0.667
CD012009	num_shown	746
CD012009	rels_found	2
CD012009	num_rels	4
CD012009	last_rel	591
CD012009	norm_last_rel	0.118
CD012009	threshold	500
CD012009	norm_threshold	0.1
CD012009	wss_100	0
CD012009	wss_95	0
CD012009	total_cost	560.0
CD012009	norm_area	0.453
CD012009	ap	0.002
CD012009	recall_total	2.0
CD012009	recall_max	4.0
CD012009	recall_at_threshold	0.25
CD012009	recall_threshold	500
CD012009	recall@10	0.0
CD012009	recall@20	0.0
CD012009	recall@30	0.0
CD012009	recall@40	0.0
CD012009	recall@50	0.0
CD012009	recall@100	0.0
CD012009	recall@200	0.0
CD012009	recall@300	0.0
CD012009	recall@400	0.25
CD012009	recall@500	0.25
CD012009	recall@1000	0.5
CD012009	recall@2000	0.5
CD012009	recall@3000	0.5
CD012009	recall@4000	0.5
CD012009	recall@5000	0.5
CD011926	num_shown	698
CD011926	rels_found	14
CD011926	num_rels	31
CD011926	last_rel	652
CD011926	norm_last_rel	0.13
CD011926	threshold	500
CD011926	norm_threshold	0.1
CD011926	wss_100	0
CD011926	wss_95	0
CD011926	total_cost	620.0
CD011926	norm_area	0.429
CD011926	ap	0.013
CD011926	recall_total	14.0
CD011926	recall_max	31.0
CD011926	recall_at_threshold	0.419
CD011926	recall_threshold	500
CD011926	recall@10	0.0
CD011926	recall@20	0.0
CD011926	recall@30	0.0
CD011926	recall@40	0.032
CD011926	recall@50	0.065
CD011926	recall@100	0.097
CD011926	recall@200	0.129
CD011926	recall@300	0.258
CD011926	recall@400	0.355
CD011926	recall@500	0.419
CD011926	recall@1000	0.452
CD011926	recall@2000	0.452
CD011926	recall@3000	0.452
CD011926	recall@4000	0.452
CD011926	recall@5000	0.452
CD011912	num_shown	736
CD011912	rels_found	12
CD011912	num_rels	18
CD011912	last_rel	513
CD011912	norm_last_rel	0.103
CD011912	threshold	500
CD011912	norm_threshold	0.1
CD011912	wss_100	0
CD011912	wss_95	0
CD011912	total_cost	440.0
CD011912	norm_area	0.639
CD011912	ap	0.052
CD011912	recall_total	12.0
CD011912	recall_max	18.0
CD011912	recall_at_threshold	0.611
CD011912	recall_threshold	500
CD011912	recall@10	0.056
CD011912	recall@20	0.056
CD011912	recall@30	0.056
CD011912	recall@40	0.111
CD011912	recall@50	0.167
CD011912	recall@100	0.222
CD011912	recall@200	0.333
CD011912	recall@300	0.444
CD011912	recall@400	0.5
CD011912	recall@500	0.611
CD011912	recall@1000	0.667
CD011912	recall@2000	0.667
CD011912	recall@3000	0.667
CD011912	recall@4000	0.667
CD011912	recall@5000	0.667
CD011686	num_shown	750
CD011686	rels_found	2
CD011686	num_rels	3
CD011686	last_rel	346
CD011686	norm_last_rel	0.069
CD011686	threshold	500
CD011686	norm_threshold	0.1
CD011686	wss_100	0
CD011686	wss_95	0
CD011686	total_cost	480.0
CD011686	norm_area	0.633
CD011686	ap	0.004
CD011686	recall_total	2.0
CD011686	recall_max	3.0
CD011686	recall_at_threshold	0.667
CD011686	recall_threshold	500
CD011686	recall@10	0.0
CD011686	recall@20	0.0
CD011686	recall@30	0.0
CD011686	recall@40	0.0
CD011686	recall@50	0.0
CD011686	recall@100	0.0
CD011686	recall@200	0.333
CD011686	recall@300	0.333
CD011686	recall@400	0.667
CD011686	recall@500	0.667
CD011686	recall@1000	0.667
CD011686	recall@2000	0.667
CD011686	recall@3000	0.667
CD011686	recall@4000	0.667
CD011686	recall@5000	0.667
CD011602	num_shown	761
CD011602	rels_found	0
CD011602	num_rels	1
CD011602	last_rel	0
CD011602	norm_last_rel	0.0
CD011602	threshold	500
CD011602	norm_threshold	0.1
CD011602	wss_100	0
CD011602	wss_95	0
CD011602	total_cost	520.0
CD011602	norm_area	0.0
CD011602	ap	0.0
CD011602	recall_total	0.0
CD011602	recall_max	1.0
CD011602	recall_at_threshold	0.0
CD011602	recall_threshold	500
CD011602	recall@10	0.0
CD011602	recall@20	0.0
CD011602	recall@30	0.0
CD011602	recall@40	0.0
CD011602	recall@50	0.0
CD011602	recall@100	0.0
CD011602	recall@200	0.0
CD011602	recall@300	0.0
CD011602	recall@400	0.0
CD011602	recall@500	0.0
CD011602	recall@1000	0.0
CD011602	recall@2000	0.0
CD011602	recall@3000	0.0
CD011602	recall@4000	0.0
CD011602	recall@5000	0.0
CD011515	num_shown	678
CD011515	rels_found	1
CD011515	num_rels	2
CD011515	last_rel	1
CD011515	norm_last_rel	0.0
CD011515	threshold	500
CD011515	norm_threshold	0.1
CD011515	wss_100	0
CD011515	wss_95	0
CD011515	total_cost	500.0
CD011515	norm_area	0.5
CD011515	ap	0.5
CD011515	recall_total	1.0
CD011515	recall_max	2.0
CD011515	recall_at_threshold	0.5
CD011515	recall_threshold	500
CD011515	recall@10	0.5
CD011515	recall@20	0.5
CD011515	recall@30	0.5
CD011515	recall@40	0.5
CD011515	recall@50	0.5
CD011515	recall@100	0.5
CD011515	recall@200	0.5
CD011515	recall@300	0.5
CD011515	recall@400	0.5
CD011515	recall@500	0.5
CD011515	recall@1000	0.5
CD011515	recall@2000	0.5
CD011515	recall@3000	0.5
CD011515	recall@4000	0.5
CD011515	recall@5000	0.5
CD011431	num_shown	553
CD011431	rels_found	16
CD011431	num_rels	34
CD011431	last_rel	347
CD011431	norm_last_rel	0.069
CD011431	threshold	500
CD011431	norm_threshold	0.1
CD011431	wss_100	0
CD011431	wss_95	0
CD011431	total_cost	540.0
CD011431	norm_area	0.463
CD011431	ap	0.062
CD011431	recall_total	16.0
CD011431	recall_max	34.0
CD011431	recall_at_threshold	0.471
CD011431	recall_threshold	500
CD011431	recall@10	0.059
CD011431	recall@20	0.088
CD011431	recall@30	0.118
CD011431	recall@40	0.147
CD011431	recall@50	0.147
CD011431	recall@100	0.324
CD011431	recall@200	0.412
CD011431	recall@300	0.412
CD011431	recall@400	0.471
CD011431	recall@500	0.471
CD011431	recall@1000	0.471
CD011431	recall@2000	0.471
CD011431	recall@3000	0.471
CD011431	recall@4000	0.471
CD011431	recall@5000	0.471
CD011420	num_shown	572
CD011420	rels_found	2
CD011420	num_rels	8
CD011420	last_rel	143
CD011420	norm_last_rel	0.029
CD011420	threshold	500
CD011420	norm_threshold	0.1
CD011420	wss_100	0
CD011420	wss_95	0
CD011420	total_cost	580.0
CD011420	norm_area	0.243
CD011420	ap	0.003
CD011420	recall_total	2.0
CD011420	recall_max	8.0
CD011420	recall_at_threshold	0.25
CD011420	recall_threshold	500
CD011420	recall@10	0.0
CD011420	recall@20	0.0
CD011420	recall@30	0.0
CD011420	recall@40	0.0
CD011420	recall@50	0.0
CD011420	recall@100	0.0
CD011420	recall@200	0.25
CD011420	recall@300	0.25
CD011420	recall@400	0.25
CD011420	recall@500	0.25
CD011420	recall@1000	0.25
CD011420	recall@2000	0.25
CD011420	recall@3000	0.25
CD011420	recall@4000	0.25
CD011420	recall@5000	0.25
CD011126	num_shown	807
CD011126	rels_found	7
CD011126	num_rels	12
CD011126	last_rel	400
CD011126	norm_last_rel	0.08
CD011126	threshold	500
CD011126	norm_threshold	0.1
CD011126	wss_100	0
CD011126	wss_95	0
CD011126	total_cost	460.0
CD011126	norm_area	0.555
CD011126	ap	0.01
CD011126	recall_total	7.0
CD011126	recall_max	12.0
CD011126	recall_at_threshold	0.583
CD011126	recall_threshold	500
CD011126	recall@10	0.0
CD011126	recall@20	0.0
CD011126	recall@30	0.0
CD011126	recall@40	0.0
CD011126	recall@50	0.083
CD011126	recall@100	0.167
CD011126	recall@200	0.25
CD011126	recall@300	0.333
CD011126	recall@400	0.583
CD011126	recall@500	0.583
CD011126	recall@1000	0.583
CD011126	recall@2000	0.583
CD011126	recall@3000	0.583
CD011126	recall@4000	0.583
CD011126	recall@5000	0.583
CD011053	num_shown	734
CD011053	rels_found	3
CD011053	num_rels	9
CD011053	last_rel	500
CD011053	norm_last_rel	0.1
CD011053	threshold	500
CD011053	norm_threshold	0.1
CD011053	wss_100	0
CD011053	wss_95	0
CD011053	total_cost	560.0
CD011053	norm_area	0.307
CD011053	ap	0.002
CD011053	recall_total	3.0
CD011053	recall_max	9.0
CD011053	recall_at_threshold	0.333
CD011053	recall_threshold	500
CD011053	recall@10	0.0
CD011053	recall@20	0.0
CD011053	recall@30	0.0
CD011053	recall@40	0.0
CD011053	recall@50	0.0
CD011053	recall@100	0.0
CD011053	recall@200	0.0
CD011053	recall@300	0.111
CD011053	recall@400	0.111
CD011053	recall@500	0.333
CD011053	recall@1000	0.333
CD011053	recall@2000	0.333
CD011053	recall@3000	0.333
CD011053	recall@4000	0.333
CD011053	recall@5000	0.333
CD010864	num_shown	792
CD010864	rels_found	3
CD010864	num_rels	3
CD010864	last_rel	664
CD010864	norm_last_rel	0.133
CD010864	threshold	500
CD010864	norm_threshold	0.1
CD010864	wss_100	0.867
CD010864	wss_95	0.817
CD010864	total_cost	500.0
CD010864	norm_area	0.939
CD010864	ap	0.026
CD010864	recall_total	3.0
CD010864	recall_max	3.0
CD010864	recall_at_threshold	0.667
CD010864	recall_threshold	500
CD010864	recall@10	0.0
CD010864	recall@20	0.333
CD010864	recall@30	0.333
CD010864	recall@40	0.333
CD010864	recall@50	0.333
CD010864	recall@100	0.333
CD010864	recall@200	0.333
CD010864	recall@300	0.667
CD010864	recall@400	0.667
CD010864	recall@500	0.667
CD010864	recall@1000	1.0
CD010864	recall@2000	1.0
CD010864	recall@3000	1.0
CD010864	recall@4000	1.0
CD010864	recall@5000	1.0
CD010680	num_shown	702
CD010680	rels_found	0
CD010680	num_rels	1
CD010680	last_rel	0
CD010680	norm_last_rel	0.0
CD010680	threshold	500
CD010680	norm_threshold	0.1
CD010680	wss_100	0
CD010680	wss_95	0
CD010680	total_cost	520.0
CD010680	norm_area	0.0
CD010680	ap	0.0
CD010680	recall_total	0.0
CD010680	recall_max	1.0
CD010680	recall_at_threshold	0.0
CD010680	recall_threshold	500
CD010680	recall@10	0.0
CD010680	recall@20	0.0
CD010680	recall@30	0.0
CD010680	recall@40	0.0
CD010680	recall@50	0.0
CD010680	recall@100	0.0
CD010680	recall@200	0.0
CD010680	recall@300	0.0
CD010680	recall@400	0.0
CD010680	recall@500	0.0
CD010680	recall@1000	0.0
CD010680	recall@2000	0.0
CD010680	recall@3000	0.0
CD010680	recall@4000	0.0
CD010680	recall@5000	0.0
CD010657	num_shown	689
CD010657	rels_found	19
CD010657	num_rels	37
CD010657	last_rel	586
CD010657	norm_last_rel	0.117
CD010657	threshold	500
CD010657	norm_threshold	0.1
CD010657	wss_100	0
CD010657	wss_95	0
CD010657	total_cost	540.0
CD010657	norm_area	0.493
CD010657	ap	0.033
CD010657	recall_total	19.0
CD010657	recall_max	37.0
CD010657	recall_at_threshold	0.486
CD010657	recall_threshold	500
CD010657	recall@10	0.027
CD010657	recall@20	0.054
CD010657	recall@30	0.054
CD010657	recall@40	0.054
CD010657	recall@50	0.081
CD010657	recall@100	0.189
CD010657	recall@200	0.216
CD010657	recall@300	0.351
CD010657	recall@400	0.459
CD010657	recall@500	0.486
CD010657	recall@1000	0.514
CD010657	recall@2000	0.514
CD010657	recall@3000	0.514
CD010657	recall@4000	0.514
CD010657	recall@5000	0.514
CD010502	num_shown	682
CD010502	rels_found	41
CD010502	num_rels	82
CD010502	last_rel	592
CD010502	norm_last_rel	0.118
CD010502	threshold	500
CD010502	norm_threshold	0.1
CD010502	wss_100	0
CD010502	wss_95	0
CD010502	total_cost	800.0
CD010502	norm_area	0.476
CD010502	ap	0.042
CD010502	recall_total	41.0
CD010502	recall_max	82.0
CD010502	recall_at_threshold	0.439
CD010502	recall_threshold	500
CD010502	recall@10	0.012
CD010502	recall@20	0.012
CD010502	recall@30	0.012
CD010502	recall@40	0.012
CD010502	recall@50	0.037
CD010502	recall@100	0.098
CD010502	recall@200	0.159
CD010502	recall@300	0.28
CD010502	recall@400	0.354
CD010502	recall@500	0.439
CD010502	recall@1000	0.5
CD010502	recall@2000	0.5
CD010502	recall@3000	0.5
CD010502	recall@4000	0.5
CD010502	recall@5000	0.5
CD010296	num_shown	775
CD010296	rels_found	31
CD010296	num_rels	38
CD010296	last_rel	565
CD010296	norm_last_rel	0.113
CD010296	threshold	500
CD010296	norm_threshold	0.1
CD010296	wss_100	0
CD010296	wss_95	0
CD010296	total_cost	80.0
CD010296	norm_area	0.799
CD010296	ap	0.195
CD010296	recall_total	31.0
CD010296	recall_max	38.0
CD010296	recall_at_threshold	0.789
CD010296	recall_threshold	500
CD010296	recall@10	0.105
CD010296	recall@20	0.158
CD010296	recall@30	0.184
CD010296	recall@40	0.263
CD010296	recall@50	0.316
CD010296	recall@100	0.5
CD010296	recall@200	0.658
CD010296	recall@300	0.711
CD010296	recall@400	0.789
CD010296	recall@500	0.789
CD010296	recall@1000	0.816
CD010296	recall@2000	0.816
CD010296	recall@3000	0.816
CD010296	recall@4000	0.816
CD010296	recall@5000	0.816
CD010213	num_shown	711
CD010213	rels_found	2
CD010213	num_rels	40
CD010213	last_rel	251
CD010213	norm_last_rel	0.05
CD010213	threshold	500
CD010213	norm_threshold	0.1
CD010213	wss_100	0
CD010213	wss_95	0
CD010213	total_cost	1220.0
CD010213	norm_area	0.048
CD010213	ap	0.0
CD010213	recall_total	2.0
CD010213	recall_max	40.0
CD010213	recall_at_threshold	0.05
CD010213	recall_threshold	500
CD010213	recall@10	0.0
CD010213	recall@20	0.0
CD010213	recall@30	0.0
CD010213	recall@40	0.0
CD010213	recall@50	0.0
CD010213	recall@100	0.0
CD010213	recall@200	0.0
CD010213	recall@300	0.05
CD010213	recall@400	0.05
CD010213	recall@500	0.05
CD010213	recall@1000	0.05
CD010213	recall@2000	0.05
CD010213	recall@3000	0.05
CD010213	recall@4000	0.05
CD010213	recall@5000	0.05
CD009694	num_shown	745
CD009694	rels_found	8
CD009694	num_rels	10
CD009694	last_rel	594
CD009694	norm_last_rel	0.119
CD009694	threshold	500
CD009694	norm_threshold	0.1
CD009694	wss_100	0
CD009694	wss_95	0
CD009694	total_cost	560.0
CD009694	norm_area	0.73
CD009694	ap	0.008
CD009694	recall_total	8.0
CD009694	recall_max	10.0
CD009694	recall_at_threshold	0.5
CD009694	recall_threshold	500
CD009694	recall@10	0.0
CD009694	recall@20	0.0
CD009694	recall@30	0.0
CD009694	recall@40	0.0
CD009694	recall@50	0.0
CD009694	recall@100	0.0
CD009694	recall@200	0.0
CD009694	recall@300	0.1
CD009694	recall@400	0.3
CD009694	recall@500	0.5
CD009694	recall@1000	0.8
CD009694	recall@2000	0.8
CD009694	recall@3000	0.8
CD009694	recall@4000	0.8
CD009694	recall@5000	0.8
CD009263	num_shown	687
CD009263	rels_found	4
CD009263	num_rels	11
CD009263	last_rel	490
CD009263	norm_last_rel	0.098
CD009263	threshold	500
CD009263	norm_threshold	0.1
CD009263	wss_100	0
CD009263	wss_95	0
CD009263	total_cost	560.0
CD009263	norm_area	0.341
CD009263	ap	0.003
CD009263	recall_total	4.0
CD009263	recall_max	11.0
CD009263	recall_at_threshold	0.364
CD009263	recall_threshold	500
CD009263	recall@10	0.0
CD009263	recall@20	0.0
CD009263	recall@30	0.0
CD009263	recall@40	0.0
CD009263	recall@50	0.0
CD009263	recall@100	0.0
CD009263	recall@200	0.091
CD009263	recall@300	0.182
CD009263	recall@400	0.273
CD009263	recall@500	0.364
CD009263	recall@1000	0.364
CD009263	recall@2000	0.364
CD009263	recall@3000	0.364
CD009263	recall@4000	0.364
CD009263	recall@5000	0.364
CD009175	num_shown	730
CD009175	rels_found	6
CD009175	num_rels	7
CD009175	last_rel	448
CD009175	norm_last_rel	0.09
CD009175	threshold	500
CD009175	norm_threshold	0.1
CD009175	wss_100	0
CD009175	wss_95	0
CD009175	total_cost	400.0
CD009175	norm_area	0.802
CD009175	ap	0.014
CD009175	recall_total	6.0
CD009175	recall_max	7.0
CD009175	recall_at_threshold	0.857
CD009175	recall_threshold	500
CD009175	recall@10	0.0
CD009175	recall@20	0.0
CD009175	recall@30	0.143
CD009175	recall@40	0.143
CD009175	recall@50	0.143
CD009175	recall@100	0.143
CD009175	recall@200	0.143
CD009175	recall@300	0.286
CD009175	recall@400	0.429
CD009175	recall@500	0.857
CD009175	recall@1000	0.857
CD009175	recall@2000	0.857
CD009175	recall@3000	0.857
CD009175	recall@4000	0.857
CD009175	recall@5000	0.857
CD008892	num_shown	762
CD008892	rels_found	5
CD008892	num_rels	34
CD008892	last_rel	623
CD008892	norm_last_rel	0.125
CD008892	threshold	500
CD008892	norm_threshold	0.1
CD008892	wss_100	0
CD008892	wss_95	0
CD008892	total_cost	1100.0
CD008892	norm_area	0.139
CD008892	ap	0.002
CD008892	recall_total	5.0
CD008892	recall_max	34.0
CD008892	recall_at_threshold	0.088
CD008892	recall_threshold	500
CD008892	recall@10	0.0
CD008892	recall@20	0.0
CD008892	recall@30	0.0
CD008892	recall@40	0.0
CD008892	recall@50	0.0
CD008892	recall@100	0.029
CD008892	recall@200	0.088
CD008892	recall@300	0.088
CD008892	recall@400	0.088
CD008892	recall@500	0.088
CD008892	recall@1000	0.147
CD008892	recall@2000	0.147
CD008892	recall@3000	0.147
CD008892	recall@4000	0.147
CD008892	recall@5000	0.147
CD008759	num_shown	750
CD008759	rels_found	26
CD008759	num_rels	52
CD008759	last_rel	616
CD008759	norm_last_rel	0.123
CD008759	threshold	500
CD008759	norm_threshold	0.1
CD008759	wss_100	0
CD008759	wss_95	0
CD008759	total_cost	560.0
CD008759	norm_area	0.487
CD008759	ap	0.048
CD008759	recall_total	26.0
CD008759	recall_max	52.0
CD008759	recall_at_threshold	0.481
CD008759	recall_threshold	500
CD008759	recall@10	0.0
CD008759	recall@20	0.038
CD008759	recall@30	0.038
CD008759	recall@40	0.077
CD008759	recall@50	0.077
CD008759	recall@100	0.192
CD008759	recall@200	0.365
CD008759	recall@300	0.442
CD008759	recall@400	0.481
CD008759	recall@500	0.481
CD008759	recall@1000	0.5
CD008759	recall@2000	0.5
CD008759	recall@3000	0.5
CD008759	recall@4000	0.5
CD008759	recall@5000	0.5
CD008587	num_shown	713
CD008587	rels_found	16
CD008587	num_rels	35
CD008587	last_rel	526
CD008587	norm_last_rel	0.105
CD008587	threshold	500
CD008587	norm_threshold	0.1
CD008587	wss_100	0
CD008587	wss_95	0
CD008587	total_cost	620.0
CD008587	norm_area	0.429
CD008587	ap	0.012
CD008587	recall_total	16.0
CD008587	recall_max	35.0
CD008587	recall_at_threshold	0.429
CD008587	recall_threshold	500
CD008587	recall@10	0.0
CD008587	recall@20	0.0
CD008587	recall@30	0.0
CD008587	recall@40	0.029
CD008587	recall@50	0.029
CD008587	recall@100	0.057
CD008587	recall@200	0.057
CD008587	recall@300	0.171
CD008587	recall@400	0.314
CD008587	recall@500	0.429
CD008587	recall@1000	0.457
CD008587	recall@2000	0.457
CD008587	recall@3000	0.457
CD008587	recall@4000	0.457
CD008587	recall@5000	0.457
CD008122	num_shown	547
CD008122	rels_found	28
CD008122	num_rels	62
CD008122	last_rel	349
CD008122	norm_last_rel	0.07
CD008122	threshold	500
CD008122	norm_threshold	0.1
CD008122	wss_100	0
CD008122	wss_95	0
CD008122	total_cost	620.0
CD008122	norm_area	0.446
CD008122	ap	0.093
CD008122	recall_total	28.0
CD008122	recall_max	62.0
CD008122	recall_at_threshold	0.452
CD008122	recall_threshold	500
CD008122	recall@10	0.048
CD008122	recall@20	0.097
CD008122	recall@30	0.113
CD008122	recall@40	0.145
CD008122	recall@50	0.161
CD008122	recall@100	0.306
CD008122	recall@200	0.403
CD008122	recall@300	0.419
CD008122	recall@400	0.452
CD008122	recall@500	0.452
CD008122	recall@1000	0.452
CD008122	recall@2000	0.452
CD008122	recall@3000	0.452
CD008122	recall@4000	0.452
CD008122	recall@5000	0.452
ALL	num_shown	21673
ALL	rels_found	310
ALL	num_rels	759
ALL	last_rel	401.0
ALL	norm_last_rel	0.08
ALL	threshold	500.0
ALL	norm_threshold	0.1
ALL	wss_100	0.029
ALL	wss_95	0.027
ALL	total_cost	639.0
ALL	norm_area	0.407
ALL	ap	0.041
ALL	recall_total	10.0
ALL	recall_max	25.0
ALL	recall_at_threshold	0.378
ALL	recall_threshold	500.0
ALL	recall@10	0.022
ALL	recall@20	0.036
ALL	recall@30	0.041
ALL	recall@40	0.059
ALL	recall@50	0.076
ALL	recall@100	0.145
ALL	recall@200	0.216
ALL	recall@300	0.281
ALL	recall@400	0.34
ALL	recall@500	0.378
ALL	recall@1000	0.408
ALL	recall@2000	0.408
ALL	recall@3000	0.408
ALL	recall@4000	0.408
ALL	recall@5000	0.408
