ALL	num_shown	30000
ALL	rels_found	426
ALL	num_rels	759
ALL	last_rel	591.0
ALL	norm_last_rel	0.118
ALL	threshold	500.0
ALL	norm_threshold	0.1
ALL	wss_100	0.151
ALL	wss_95	0.173
ALL	total_cost	574.0
ALL	norm_area	0.563
ALL	ap	0.072
ALL	recall_total	14.0
ALL	recall_max	25.0
ALL	recall_at_threshold	0.472
ALL	recall_threshold	500.0
ALL	recall@10	0.046
ALL	recall@20	0.088
ALL	recall@30	0.119
ALL	recall@40	0.149
ALL	recall@50	0.17
ALL	recall@100	0.242
ALL	recall@200	0.339
ALL	recall@300	0.393
ALL	recall@400	0.431
ALL	recall@500	0.472
ALL	recall@1000	0.561
ALL	recall@2000	0.561
ALL	recall@3000	0.561
ALL	recall@4000	0.561
ALL	recall@5000	0.561
