ALL	num_shown	21673
ALL	rels_found	310
ALL	num_rels	759
ALL	last_rel	401.0
ALL	norm_last_rel	0.08
ALL	threshold	500.0
ALL	norm_threshold	0.1
ALL	wss_100	0.029
ALL	wss_95	0.027
ALL	total_cost	639.0
ALL	norm_area	0.407
ALL	ap	0.041
ALL	recall_total	10.0
ALL	recall_max	25.0
ALL	recall_at_threshold	0.378
ALL	recall_threshold	500.0
ALL	recall@10	0.022
ALL	recall@20	0.036
ALL	recall@30	0.041
ALL	recall@40	0.059
ALL	recall@50	0.076
ALL	recall@100	0.145
ALL	recall@200	0.216
ALL	recall@300	0.281
ALL	recall@400	0.34
ALL	recall@500	0.378
ALL	recall@1000	0.408
ALL	recall@2000	0.408
ALL	recall@3000	0.408
ALL	recall@4000	0.408
ALL	recall@5000	0.408
