ALL	num_shown	150000
ALL	rels_found	202
ALL	num_rels	759
ALL	last_rel	2615.0
ALL	norm_last_rel	0.523
ALL	threshold	5000.0
ALL	norm_threshold	1.0
ALL	wss_100	0.0
ALL	wss_95	0.0
ALL	total_cost	5237.0
ALL	norm_area	0.167
ALL	ap	0.002
ALL	recall_total	7.0
ALL	recall_max	25.0
ALL	recall_at_threshold	0.266
ALL	recall_threshold	5000.0
ALL	recall@10	0.001
ALL	recall@20	0.003
ALL	recall@30	0.003
ALL	recall@40	0.004
ALL	recall@50	0.005
ALL	recall@60	0.005
ALL	recall@70	0.005
ALL	recall@80	0.005
ALL	recall@90	0.005
ALL	recall@100	0.005
ALL	recall@110	0.007
ALL	recall@120	0.009
ALL	recall@130	0.012
ALL	recall@140	0.012
ALL	recall@150	0.012
ALL	recall@160	0.012
ALL	recall@170	0.013
ALL	recall@180	0.014
ALL	recall@190	0.014
ALL	recall@200	0.017
ALL	recall@210	0.017
ALL	recall@220	0.02
ALL	recall@230	0.02
ALL	recall@240	0.021
ALL	recall@250	0.022
ALL	recall@260	0.025
ALL	recall@270	0.026
ALL	recall@280	0.026
ALL	recall@290	0.026
ALL	recall@300	0.029
ALL	recall@310	0.03
ALL	recall@320	0.032
ALL	recall@330	0.034
ALL	recall@340	0.037
ALL	recall@350	0.04
ALL	recall@360	0.04
ALL	recall@370	0.041
ALL	recall@380	0.041
ALL	recall@390	0.041
ALL	recall@400	0.042
ALL	recall@410	0.043
ALL	recall@420	0.046
ALL	recall@430	0.046
ALL	recall@440	0.046
ALL	recall@450	0.049
ALL	recall@460	0.053
ALL	recall@470	0.054
ALL	recall@480	0.054
ALL	recall@490	0.055
ALL	recall@500	0.057
ALL	recall@510	0.057
ALL	recall@520	0.057
ALL	recall@530	0.057
ALL	recall@540	0.058
ALL	recall@550	0.059
ALL	recall@560	0.059
ALL	recall@570	0.061
ALL	recall@580	0.061
ALL	recall@590	0.063
ALL	recall@600	0.065
ALL	recall@610	0.067
ALL	recall@620	0.067
ALL	recall@630	0.07
ALL	recall@640	0.07
ALL	recall@650	0.07
ALL	recall@660	0.07
ALL	recall@670	0.071
ALL	recall@680	0.071
ALL	recall@690	0.071
ALL	recall@700	0.072
ALL	recall@710	0.074
ALL	recall@720	0.075
ALL	recall@730	0.075
ALL	recall@740	0.075
ALL	recall@750	0.075
ALL	recall@760	0.075
ALL	recall@770	0.075
ALL	recall@780	0.076
ALL	recall@790	0.076
ALL	recall@800	0.076
ALL	recall@810	0.078
ALL	recall@820	0.078
ALL	recall@830	0.079
ALL	recall@840	0.08
ALL	recall@850	0.082
ALL	recall@860	0.083
ALL	recall@870	0.086
ALL	recall@880	0.086
ALL	recall@890	0.086
ALL	recall@900	0.086
ALL	recall@910	0.086
ALL	recall@920	0.086
ALL	recall@930	0.086
ALL	recall@940	0.086
ALL	recall@950	0.086
ALL	recall@960	0.086
ALL	recall@970	0.086
ALL	recall@980	0.086
ALL	recall@990	0.086
ALL	recall@1000	0.086
ALL	recall@1010	0.087
ALL	recall@1020	0.087
ALL	recall@1030	0.088
ALL	recall@1040	0.09
ALL	recall@1050	0.09
ALL	recall@1060	0.09
ALL	recall@1070	0.09
ALL	recall@1080	0.09
ALL	recall@1090	0.092
ALL	recall@1100	0.092
ALL	recall@1110	0.092
ALL	recall@1120	0.092
ALL	recall@1130	0.092
ALL	recall@1140	0.092
ALL	recall@1150	0.092
ALL	recall@1160	0.092
ALL	recall@1170	0.092
ALL	recall@1180	0.094
ALL	recall@1190	0.094
ALL	recall@1200	0.095
ALL	recall@1210	0.095
ALL	recall@1220	0.095
ALL	recall@1230	0.095
ALL	recall@1240	0.095
ALL	recall@1250	0.095
ALL	recall@1260	0.095
ALL	recall@1270	0.096
ALL	recall@1280	0.096
ALL	recall@1290	0.096
ALL	recall@1300	0.097
ALL	recall@1310	0.097
ALL	recall@1320	0.097
ALL	recall@1330	0.097
ALL	recall@1340	0.097
ALL	recall@1350	0.097
ALL	recall@1360	0.097
ALL	recall@1370	0.097
ALL	recall@1380	0.099
ALL	recall@1390	0.099
ALL	recall@1400	0.1
ALL	recall@1410	0.1
ALL	recall@1420	0.101
ALL	recall@1430	0.101
ALL	recall@1440	0.101
ALL	recall@1450	0.101
ALL	recall@1460	0.101
ALL	recall@1470	0.101
ALL	recall@1480	0.101
ALL	recall@1490	0.101
ALL	recall@1500	0.101
ALL	recall@1510	0.103
ALL	recall@1520	0.103
ALL	recall@1530	0.103
ALL	recall@1540	0.104
ALL	recall@1550	0.108
ALL	recall@1560	0.108
ALL	recall@1570	0.108
ALL	recall@1580	0.108
ALL	recall@1590	0.108
ALL	recall@1600	0.111
ALL	recall@1610	0.112
ALL	recall@1620	0.112
ALL	recall@1630	0.112
ALL	recall@1640	0.112
ALL	recall@1650	0.112
ALL	recall@1660	0.113
ALL	recall@1670	0.113
ALL	recall@1680	0.113
ALL	recall@1690	0.113
ALL	recall@1700	0.113
ALL	recall@1710	0.113
ALL	recall@1720	0.113
ALL	recall@1730	0.113
ALL	recall@1740	0.113
ALL	recall@1750	0.113
ALL	recall@1760	0.113
ALL	recall@1770	0.113
ALL	recall@1780	0.113
ALL	recall@1790	0.113
ALL	recall@1800	0.116
ALL	recall@1810	0.116
ALL	recall@1820	0.116
ALL	recall@1830	0.116
ALL	recall@1840	0.116
ALL	recall@1850	0.119
ALL	recall@1860	0.12
ALL	recall@1870	0.12
ALL	recall@1880	0.12
ALL	recall@1890	0.123
ALL	recall@1900	0.123
ALL	recall@1910	0.124
ALL	recall@1920	0.124
ALL	recall@1930	0.124
ALL	recall@1940	0.125
ALL	recall@1950	0.125
ALL	recall@1960	0.126
ALL	recall@1970	0.126
ALL	recall@1980	0.126
ALL	recall@1990	0.126
ALL	recall@2000	0.126
ALL	recall@2010	0.126
ALL	recall@2020	0.126
ALL	recall@2030	0.126
ALL	recall@2040	0.128
ALL	recall@2050	0.128
ALL	recall@2060	0.128
ALL	recall@2070	0.128
ALL	recall@2080	0.128
ALL	recall@2090	0.128
ALL	recall@2100	0.129
ALL	recall@2110	0.129
ALL	recall@2120	0.129
ALL	recall@2130	0.13
ALL	recall@2140	0.13
ALL	recall@2150	0.13
ALL	recall@2160	0.13
ALL	recall@2170	0.132
ALL	recall@2180	0.132
ALL	recall@2190	0.132
ALL	recall@2200	0.133
ALL	recall@2210	0.133
ALL	recall@2220	0.134
ALL	recall@2230	0.134
ALL	recall@2240	0.137
ALL	recall@2250	0.137
ALL	recall@2260	0.137
ALL	recall@2270	0.137
ALL	recall@2280	0.138
ALL	recall@2290	0.14
ALL	recall@2300	0.14
ALL	recall@2310	0.14
ALL	recall@2320	0.14
ALL	recall@2330	0.141
ALL	recall@2340	0.141
ALL	recall@2350	0.141
ALL	recall@2360	0.141
ALL	recall@2370	0.141
ALL	recall@2380	0.142
ALL	recall@2390	0.144
ALL	recall@2400	0.145
ALL	recall@2410	0.146
ALL	recall@2420	0.146
ALL	recall@2430	0.148
ALL	recall@2440	0.148
ALL	recall@2450	0.148
ALL	recall@2460	0.148
ALL	recall@2470	0.149
ALL	recall@2480	0.149
ALL	recall@2490	0.149
ALL	recall@2500	0.149
ALL	recall@2510	0.149
ALL	recall@2520	0.149
ALL	recall@2530	0.149
ALL	recall@2540	0.149
ALL	recall@2550	0.149
ALL	recall@2560	0.149
ALL	recall@2570	0.15
ALL	recall@2580	0.15
ALL	recall@2590	0.15
ALL	recall@2600	0.15
ALL	recall@2610	0.15
ALL	recall@2620	0.15
ALL	recall@2630	0.152
ALL	recall@2640	0.153
ALL	recall@2650	0.154
ALL	recall@2660	0.154
ALL	recall@2670	0.155
ALL	recall@2680	0.157
ALL	recall@2690	0.157
ALL	recall@2700	0.158
ALL	recall@2710	0.158
ALL	recall@2720	0.161
ALL	recall@2730	0.162
ALL	recall@2740	0.162
ALL	recall@2750	0.162
ALL	recall@2760	0.162
ALL	recall@2770	0.163
ALL	recall@2780	0.163
ALL	recall@2790	0.163
ALL	recall@2800	0.163
ALL	recall@2810	0.163
ALL	recall@2820	0.165
ALL	recall@2830	0.166
ALL	recall@2840	0.167
ALL	recall@2850	0.167
ALL	recall@2860	0.169
ALL	recall@2870	0.169
ALL	recall@2880	0.17
ALL	recall@2890	0.171
ALL	recall@2900	0.173
ALL	recall@2910	0.173
ALL	recall@2920	0.173
ALL	recall@2930	0.173
ALL	recall@2940	0.174
ALL	recall@2950	0.175
ALL	recall@2960	0.175
ALL	recall@2970	0.175
ALL	recall@2980	0.175
ALL	recall@2990	0.179
ALL	recall@3000	0.179
ALL	recall@3010	0.181
ALL	recall@3020	0.182
ALL	recall@3030	0.183
ALL	recall@3040	0.183
ALL	recall@3050	0.186
ALL	recall@3060	0.187
ALL	recall@3070	0.187
ALL	recall@3080	0.188
ALL	recall@3090	0.188
ALL	recall@3100	0.188
ALL	recall@3110	0.19
ALL	recall@3120	0.19
ALL	recall@3130	0.19
ALL	recall@3140	0.19
ALL	recall@3150	0.191
ALL	recall@3160	0.191
ALL	recall@3170	0.191
ALL	recall@3180	0.191
ALL	recall@3190	0.191
ALL	recall@3200	0.192
ALL	recall@3210	0.192
ALL	recall@3220	0.192
ALL	recall@3230	0.192
ALL	recall@3240	0.192
ALL	recall@3250	0.194
ALL	recall@3260	0.194
ALL	recall@3270	0.195
ALL	recall@3280	0.195
ALL	recall@3290	0.195
ALL	recall@3300	0.195
ALL	recall@3310	0.195
ALL	recall@3320	0.196
ALL	recall@3330	0.196
ALL	recall@3340	0.196
ALL	recall@3350	0.198
ALL	recall@3360	0.198
ALL	recall@3370	0.198
ALL	recall@3380	0.198
ALL	recall@3390	0.2
ALL	recall@3400	0.202
ALL	recall@3410	0.202
ALL	recall@3420	0.203
ALL	recall@3430	0.203
ALL	recall@3440	0.203
ALL	recall@3450	0.204
ALL	recall@3460	0.206
ALL	recall@3470	0.206
ALL	recall@3480	0.206
ALL	recall@3490	0.206
ALL	recall@3500	0.206
ALL	recall@3510	0.207
ALL	recall@3520	0.209
ALL	recall@3530	0.209
ALL	recall@3540	0.209
ALL	recall@3550	0.209
ALL	recall@3560	0.209
ALL	recall@3570	0.209
ALL	recall@3580	0.209
ALL	recall@3590	0.209
ALL	recall@3600	0.209
ALL	recall@3610	0.209
ALL	recall@3620	0.209
ALL	recall@3630	0.209
ALL	recall@3640	0.209
ALL	recall@3650	0.209
ALL	recall@3660	0.211
ALL	recall@3670	0.212
ALL	recall@3680	0.212
ALL	recall@3690	0.212
ALL	recall@3700	0.213
ALL	recall@3710	0.215
ALL	recall@3720	0.216
ALL	recall@3730	0.216
ALL	recall@3740	0.217
ALL	recall@3750	0.219
ALL	recall@3760	0.219
ALL	recall@3770	0.219
ALL	recall@3780	0.219
ALL	recall@3790	0.22
ALL	recall@3800	0.223
ALL	recall@3810	0.223
ALL	recall@3820	0.224
ALL	recall@3830	0.224
ALL	recall@3840	0.224
ALL	recall@3850	0.225
ALL	recall@3860	0.227
ALL	recall@3870	0.228
ALL	recall@3880	0.228
ALL	recall@3890	0.228
ALL	recall@3900	0.229
ALL	recall@3910	0.229
ALL	recall@3920	0.229
ALL	recall@3930	0.229
ALL	recall@3940	0.229
ALL	recall@3950	0.229
ALL	recall@3960	0.229
ALL	recall@3970	0.229
ALL	recall@3980	0.229
ALL	recall@3990	0.229
ALL	recall@4000	0.229
ALL	recall@4010	0.229
ALL	recall@4020	0.229
ALL	recall@4030	0.229
ALL	recall@4040	0.231
ALL	recall@4050	0.231
ALL	recall@4060	0.232
ALL	recall@4070	0.232
ALL	recall@4080	0.233
ALL	recall@4090	0.233
ALL	recall@4100	0.235
ALL	recall@4110	0.235
ALL	recall@4120	0.235
ALL	recall@4130	0.235
ALL	recall@4140	0.236
ALL	recall@4150	0.236
ALL	recall@4160	0.236
ALL	recall@4170	0.237
ALL	recall@4180	0.238
ALL	recall@4190	0.24
ALL	recall@4200	0.24
ALL	recall@4210	0.24
ALL	recall@4220	0.24
ALL	recall@4230	0.24
ALL	recall@4240	0.241
ALL	recall@4250	0.241
ALL	recall@4260	0.241
ALL	recall@4270	0.241
ALL	recall@4280	0.241
ALL	recall@4290	0.242
ALL	recall@4300	0.242
ALL	recall@4310	0.242
ALL	recall@4320	0.242
ALL	recall@4330	0.242
ALL	recall@4340	0.242
ALL	recall@4350	0.242
ALL	recall@4360	0.242
ALL	recall@4370	0.244
ALL	recall@4380	0.244
ALL	recall@4390	0.244
ALL	recall@4400	0.245
ALL	recall@4410	0.246
ALL	recall@4420	0.246
ALL	recall@4430	0.246
ALL	recall@4440	0.248
ALL	recall@4450	0.248
ALL	recall@4460	0.248
ALL	recall@4470	0.248
ALL	recall@4480	0.249
ALL	recall@4490	0.25
ALL	recall@4500	0.25
ALL	recall@4510	0.25
ALL	recall@4520	0.252
ALL	recall@4530	0.252
ALL	recall@4540	0.252
ALL	recall@4550	0.252
ALL	recall@4560	0.252
ALL	recall@4570	0.252
ALL	recall@4580	0.252
ALL	recall@4590	0.252
ALL	recall@4600	0.253
ALL	recall@4610	0.253
ALL	recall@4620	0.253
ALL	recall@4630	0.253
ALL	recall@4640	0.253
ALL	recall@4650	0.256
ALL	recall@4660	0.256
ALL	recall@4670	0.257
ALL	recall@4680	0.258
ALL	recall@4690	0.258
ALL	recall@4700	0.258
ALL	recall@4710	0.258
ALL	recall@4720	0.26
ALL	recall@4730	0.26
ALL	recall@4740	0.26
ALL	recall@4750	0.26
ALL	recall@4760	0.26
ALL	recall@4770	0.26
ALL	recall@4780	0.26
ALL	recall@4790	0.261
ALL	recall@4800	0.261
ALL	recall@4810	0.261
ALL	recall@4820	0.261
ALL	recall@4830	0.262
ALL	recall@4840	0.264
ALL	recall@4850	0.264
ALL	recall@4860	0.264
ALL	recall@4870	0.264
ALL	recall@4880	0.264
ALL	recall@4890	0.264
ALL	recall@4900	0.264
ALL	recall@4910	0.264
ALL	recall@4920	0.264
ALL	recall@4930	0.264
ALL	recall@4940	0.264
ALL	recall@4950	0.264
ALL	recall@4960	0.265
ALL	recall@4970	0.266
ALL	recall@4980	0.266
ALL	recall@4990	0.266
ALL	recall@5000	0.266
