ALL	num_shown	150000
ALL	rels_found	323
ALL	num_rels	759
ALL	last_rel	2213.0
ALL	norm_last_rel	0.443
ALL	threshold	5000.0
ALL	norm_threshold	1.0
ALL	wss_100	0.045
ALL	wss_95	0.049
ALL	total_cost	5075.0
ALL	norm_area	0.391
ALL	ap	0.026
ALL	recall_total	11.0
ALL	recall_max	25.0
ALL	recall_at_threshold	0.426
ALL	recall_threshold	5000.0
ALL	recall@10	0.017
ALL	recall@20	0.022
ALL	recall@30	0.034
ALL	recall@40	0.04
ALL	recall@50	0.045
ALL	recall@100	0.063
ALL	recall@200	0.108
ALL	recall@300	0.149
ALL	recall@400	0.169
ALL	recall@500	0.187
ALL	recall@1000	0.261
ALL	recall@2000	0.315
ALL	recall@3000	0.358
ALL	recall@4000	0.394
ALL	recall@5000	0.426
