CD008122	num_shown	5000
CD008122	rels_found	37
CD008122	num_rels	62
CD008122	last_rel	4054
CD008122	norm_last_rel	0.811
CD008122	threshold	5000
CD008122	norm_threshold	1.0
CD008122	wss_100	0
CD008122	wss_95	0
CD008122	total_cost	4760.0
CD008122	norm_area	0.254
CD008122	ap	0.004
CD008122	recall_total	37.0
CD008122	recall_max	62.0
CD008122	recall_at_threshold	0.597
CD008122	recall_threshold	5000
CD008122	recall@10	0.0
CD008122	recall@20	0.0
CD008122	recall@30	0.0
CD008122	recall@40	0.0
CD008122	recall@50	0.0
CD008122	recall@100	0.0
CD008122	recall@200	0.0
CD008122	recall@300	0.0
CD008122	recall@400	0.0
CD008122	recall@500	0.0
CD008122	recall@1000	0.032
CD008122	recall@2000	0.129
CD008122	recall@3000	0.274
CD008122	recall@4000	0.581
CD008122	recall@5000	0.597
CD008587	num_shown	5000
CD008587	rels_found	23
CD008587	num_rels	35
CD008587	last_rel	4167
CD008587	norm_last_rel	0.833
CD008587	threshold	5000
CD008587	norm_threshold	1.0
CD008587	wss_100	0
CD008587	wss_95	0
CD008587	total_cost	4780.0
CD008587	norm_area	0.487
CD008587	ap	0.009
CD008587	recall_total	23.0
CD008587	recall_max	35.0
CD008587	recall_at_threshold	0.657
CD008587	recall_threshold	5000
CD008587	recall@10	0.0
CD008587	recall@20	0.0
CD008587	recall@30	0.0
CD008587	recall@40	0.0
CD008587	recall@50	0.0
CD008587	recall@100	0.0
CD008587	recall@200	0.057
CD008587	recall@300	0.114
CD008587	recall@400	0.2
CD008587	recall@500	0.286
CD008587	recall@1000	0.4
CD008587	recall@2000	0.457
CD008587	recall@3000	0.543
CD008587	recall@4000	0.629
CD008587	recall@5000	0.657
CD008759	num_shown	5000
CD008759	rels_found	5
CD008759	num_rels	52
CD008759	last_rel	4958
CD008759	norm_last_rel	0.992
CD008759	threshold	5000
CD008759	norm_threshold	1.0
CD008759	wss_100	0
CD008759	wss_95	0
CD008759	total_cost	5840.0
CD008759	norm_area	0.046
CD008759	ap	0.0
CD008759	recall_total	5.0
CD008759	recall_max	52.0
CD008759	recall_at_threshold	0.096
CD008759	recall_threshold	5000
CD008759	recall@10	0.0
CD008759	recall@20	0.0
CD008759	recall@30	0.0
CD008759	recall@40	0.0
CD008759	recall@50	0.0
CD008759	recall@100	0.0
CD008759	recall@200	0.0
CD008759	recall@300	0.019
CD008759	recall@400	0.019
CD008759	recall@500	0.019
CD008759	recall@1000	0.019
CD008759	recall@2000	0.038
CD008759	recall@3000	0.058
CD008759	recall@4000	0.058
CD008759	recall@5000	0.096
CD008892	num_shown	5000
CD008892	rels_found	1
CD008892	num_rels	34
CD008892	last_rel	566
CD008892	norm_last_rel	0.113
CD008892	threshold	5000
CD008892	norm_threshold	1.0
CD008892	wss_100	0
CD008892	wss_95	0
CD008892	total_cost	5640.0
CD008892	norm_area	0.026
CD008892	ap	0.0
CD008892	recall_total	1.0
CD008892	recall_max	34.0
CD008892	recall_at_threshold	0.029
CD008892	recall_threshold	5000
CD008892	recall@10	0.0
CD008892	recall@20	0.0
CD008892	recall@30	0.0
CD008892	recall@40	0.0
CD008892	recall@50	0.0
CD008892	recall@100	0.0
CD008892	recall@200	0.0
CD008892	recall@300	0.0
CD008892	recall@400	0.0
CD008892	recall@500	0.0
CD008892	recall@1000	0.029
CD008892	recall@2000	0.029
CD008892	recall@3000	0.029
CD008892	recall@4000	0.029
CD008892	recall@5000	0.029
CD009175	num_shown	5000
CD009175	rels_found	1
CD009175	num_rels	7
CD009175	last_rel	3048
CD009175	norm_last_rel	0.61
CD009175	threshold	5000
CD009175	norm_threshold	1.0
CD009175	wss_100	0
CD009175	wss_95	0
CD009175	total_cost	5100.0
CD009175	norm_area	0.056
CD009175	ap	0.0
CD009175	recall_total	1.0
CD009175	recall_max	7.0
CD009175	recall_at_threshold	0.143
CD009175	recall_threshold	5000
CD009175	recall@10	0.0
CD009175	recall@20	0.0
CD009175	recall@30	0.0
CD009175	recall@40	0.0
CD009175	recall@50	0.0
CD009175	recall@100	0.0
CD009175	recall@200	0.0
CD009175	recall@300	0.0
CD009175	recall@400	0.0
CD009175	recall@500	0.0
CD009175	recall@1000	0.0
CD009175	recall@2000	0.0
CD009175	recall@3000	0.0
CD009175	recall@4000	0.143
CD009175	recall@5000	0.143
CD009263	num_shown	5000
CD009263	rels_found	8
CD009263	num_rels	11
CD009263	last_rel	4235
CD009263	norm_last_rel	0.847
CD009263	threshold	5000
CD009263	norm_threshold	1.0
CD009263	wss_100	0
CD009263	wss_95	0
CD009263	total_cost	4900.0
CD009263	norm_area	0.444
CD009263	ap	0.002
CD009263	recall_total	8.0
CD009263	recall_max	11.0
CD009263	recall_at_threshold	0.727
CD009263	recall_threshold	5000
CD009263	recall@10	0.0
CD009263	recall@20	0.0
CD009263	recall@30	0.0
CD009263	recall@40	0.0
CD009263	recall@50	0.0
CD009263	recall@100	0.0
CD009263	recall@200	0.0
CD009263	recall@300	0.091
CD009263	recall@400	0.091
CD009263	recall@500	0.091
CD009263	recall@1000	0.273
CD009263	recall@2000	0.455
CD009263	recall@3000	0.545
CD009263	recall@4000	0.545
CD009263	recall@5000	0.727
CD009694	num_shown	5000
CD009694	rels_found	5
CD009694	num_rels	10
CD009694	last_rel	3146
CD009694	norm_last_rel	0.629
CD009694	threshold	5000
CD009694	norm_threshold	1.0
CD009694	wss_100	0
CD009694	wss_95	0
CD009694	total_cost	5000.0
CD009694	norm_area	0.298
CD009694	ap	0.001
CD009694	recall_total	5.0
CD009694	recall_max	10.0
CD009694	recall_at_threshold	0.5
CD009694	recall_threshold	5000
CD009694	recall@10	0.0
CD009694	recall@20	0.0
CD009694	recall@30	0.0
CD009694	recall@40	0.0
CD009694	recall@50	0.0
CD009694	recall@100	0.0
CD009694	recall@200	0.0
CD009694	recall@300	0.0
CD009694	recall@400	0.1
CD009694	recall@500	0.1
CD009694	recall@1000	0.2
CD009694	recall@2000	0.2
CD009694	recall@3000	0.3
CD009694	recall@4000	0.5
CD009694	recall@5000	0.5
CD010213	num_shown	5000
CD010213	rels_found	1
CD010213	num_rels	40
CD010213	last_rel	2858
CD010213	norm_last_rel	0.572
CD010213	threshold	5000
CD010213	norm_threshold	1.0
CD010213	wss_100	0
CD010213	wss_95	0
CD010213	total_cost	5760.0
CD010213	norm_area	0.011
CD010213	ap	0.0
CD010213	recall_total	1.0
CD010213	recall_max	40.0
CD010213	recall_at_threshold	0.025
CD010213	recall_threshold	5000
CD010213	recall@10	0.0
CD010213	recall@20	0.0
CD010213	recall@30	0.0
CD010213	recall@40	0.0
CD010213	recall@50	0.0
CD010213	recall@100	0.0
CD010213	recall@200	0.0
CD010213	recall@300	0.0
CD010213	recall@400	0.0
CD010213	recall@500	0.0
CD010213	recall@1000	0.0
CD010213	recall@2000	0.0
CD010213	recall@3000	0.025
CD010213	recall@4000	0.025
CD010213	recall@5000	0.025
CD010296	num_shown	5000
CD010296	rels_found	26
CD010296	num_rels	38
CD010296	last_rel	4789
CD010296	norm_last_rel	0.958
CD010296	threshold	5000
CD010296	norm_threshold	1.0
CD010296	wss_100	0
CD010296	wss_95	0
CD010296	total_cost	4720.0
CD010296	norm_area	0.459
CD010296	ap	0.011
CD010296	recall_total	26.0
CD010296	recall_max	38.0
CD010296	recall_at_threshold	0.684
CD010296	recall_threshold	5000
CD010296	recall@10	0.026
CD010296	recall@20	0.026
CD010296	recall@30	0.026
CD010296	recall@40	0.026
CD010296	recall@50	0.026
CD010296	recall@100	0.026
CD010296	recall@200	0.079
CD010296	recall@300	0.132
CD010296	recall@400	0.132
CD010296	recall@500	0.158
CD010296	recall@1000	0.316
CD010296	recall@2000	0.474
CD010296	recall@3000	0.526
CD010296	recall@4000	0.605
CD010296	recall@5000	0.684
CD010502	num_shown	5000
CD010502	rels_found	3
CD010502	num_rels	82
CD010502	last_rel	2161
CD010502	norm_last_rel	0.432
CD010502	threshold	5000
CD010502	norm_threshold	1.0
CD010502	wss_100	0
CD010502	wss_95	0
CD010502	total_cost	6520.0
CD010502	norm_area	0.03
CD010502	ap	0.0
CD010502	recall_total	3.0
CD010502	recall_max	82.0
CD010502	recall_at_threshold	0.037
CD010502	recall_threshold	5000
CD010502	recall@10	0.0
CD010502	recall@20	0.0
CD010502	recall@30	0.0
CD010502	recall@40	0.0
CD010502	recall@50	0.0
CD010502	recall@100	0.0
CD010502	recall@200	0.012
CD010502	recall@300	0.012
CD010502	recall@400	0.012
CD010502	recall@500	0.024
CD010502	recall@1000	0.024
CD010502	recall@2000	0.024
CD010502	recall@3000	0.037
CD010502	recall@4000	0.037
CD010502	recall@5000	0.037
CD010657	num_shown	5000
CD010657	rels_found	10
CD010657	num_rels	37
CD010657	last_rel	3519
CD010657	norm_last_rel	0.704
CD010657	threshold	5000
CD010657	norm_threshold	1.0
CD010657	wss_100	0
CD010657	wss_95	0
CD010657	total_cost	5340.0
CD010657	norm_area	0.135
CD010657	ap	0.001
CD010657	recall_total	10.0
CD010657	recall_max	37.0
CD010657	recall_at_threshold	0.27
CD010657	recall_threshold	5000
CD010657	recall@10	0.0
CD010657	recall@20	0.0
CD010657	recall@30	0.0
CD010657	recall@40	0.0
CD010657	recall@50	0.0
CD010657	recall@100	0.0
CD010657	recall@200	0.0
CD010657	recall@300	0.0
CD010657	recall@400	0.027
CD010657	recall@500	0.027
CD010657	recall@1000	0.054
CD010657	recall@2000	0.081
CD010657	recall@3000	0.162
CD010657	recall@4000	0.27
CD010657	recall@5000	0.27
CD010680	num_shown	5000
CD010680	rels_found	0
CD010680	num_rels	1
CD010680	last_rel	0
CD010680	norm_last_rel	0.0
CD010680	threshold	5000
CD010680	norm_threshold	1.0
CD010680	wss_100	0
CD010680	wss_95	0
CD010680	total_cost	5020.0
CD010680	norm_area	0.0
CD010680	ap	0.0
CD010680	recall_total	0.0
CD010680	recall_max	1.0
CD010680	recall_at_threshold	0.0
CD010680	recall_threshold	5000
CD010680	recall@10	0.0
CD010680	recall@20	0.0
CD010680	recall@30	0.0
CD010680	recall@40	0.0
CD010680	recall@50	0.0
CD010680	recall@100	0.0
CD010680	recall@200	0.0
CD010680	recall@300	0.0
CD010680	recall@400	0.0
CD010680	recall@500	0.0
CD010680	recall@1000	0.0
CD010680	recall@2000	0.0
CD010680	recall@3000	0.0
CD010680	recall@4000	0.0
CD010680	recall@5000	0.0
CD010864	num_shown	5000
CD010864	rels_found	2
CD010864	num_rels	3
CD010864	last_rel	2467
CD010864	norm_last_rel	0.493
CD010864	threshold	5000
CD010864	norm_threshold	1.0
CD010864	wss_100	0
CD010864	wss_95	0
CD010864	total_cost	4980.0
CD010864	norm_area	0.354
CD010864	ap	0.0
CD010864	recall_total	2.0
CD010864	recall_max	3.0
CD010864	recall_at_threshold	0.667
CD010864	recall_threshold	5000
CD010864	recall@10	0.0
CD010864	recall@20	0.0
CD010864	recall@30	0.0
CD010864	recall@40	0.0
CD010864	recall@50	0.0
CD010864	recall@100	0.0
CD010864	recall@200	0.0
CD010864	recall@300	0.0
CD010864	recall@400	0.0
CD010864	recall@500	0.0
CD010864	recall@1000	0.0
CD010864	recall@2000	0.0
CD010864	recall@3000	0.667
CD010864	recall@4000	0.667
CD010864	recall@5000	0.667
CD011053	num_shown	5000
CD011053	rels_found	1
CD011053	num_rels	9
CD011053	last_rel	331
CD011053	norm_last_rel	0.066
CD011053	threshold	5000
CD011053	norm_threshold	1.0
CD011053	wss_100	0
CD011053	wss_95	0
CD011053	total_cost	5140.0
CD011053	norm_area	0.104
CD011053	ap	0.0
CD011053	recall_total	1.0
CD011053	recall_max	9.0
CD011053	recall_at_threshold	0.111
CD011053	recall_threshold	5000
CD011053	recall@10	0.0
CD011053	recall@20	0.0
CD011053	recall@30	0.0
CD011053	recall@40	0.0
CD011053	recall@50	0.0
CD011053	recall@100	0.0
CD011053	recall@200	0.0
CD011053	recall@300	0.0
CD011053	recall@400	0.111
CD011053	recall@500	0.111
CD011053	recall@1000	0.111
CD011053	recall@2000	0.111
CD011053	recall@3000	0.111
CD011053	recall@4000	0.111
CD011053	recall@5000	0.111
CD011126	num_shown	5000
CD011126	rels_found	4
CD011126	num_rels	12
CD011126	last_rel	3797
CD011126	norm_last_rel	0.759
CD011126	threshold	5000
CD011126	norm_threshold	1.0
CD011126	wss_100	0
CD011126	wss_95	0
CD011126	total_cost	5080.0
CD011126	norm_area	0.242
CD011126	ap	0.006
CD011126	recall_total	4.0
CD011126	recall_max	12.0
CD011126	recall_at_threshold	0.333
CD011126	recall_threshold	5000
CD011126	recall@10	0.0
CD011126	recall@20	0.083
CD011126	recall@30	0.083
CD011126	recall@40	0.083
CD011126	recall@50	0.083
CD011126	recall@100	0.083
CD011126	recall@200	0.083
CD011126	recall@300	0.083
CD011126	recall@400	0.167
CD011126	recall@500	0.167
CD011126	recall@1000	0.167
CD011126	recall@2000	0.25
CD011126	recall@3000	0.25
CD011126	recall@4000	0.333
CD011126	recall@5000	0.333
CD011420	num_shown	5000
CD011420	rels_found	1
CD011420	num_rels	8
CD011420	last_rel	498
CD011420	norm_last_rel	0.1
CD011420	threshold	5000
CD011420	norm_threshold	1.0
CD011420	wss_100	0
CD011420	wss_95	0
CD011420	total_cost	5120.0
CD011420	norm_area	0.113
CD011420	ap	0.0
CD011420	recall_total	1.0
CD011420	recall_max	8.0
CD011420	recall_at_threshold	0.125
CD011420	recall_threshold	5000
CD011420	recall@10	0.0
CD011420	recall@20	0.0
CD011420	recall@30	0.0
CD011420	recall@40	0.0
CD011420	recall@50	0.0
CD011420	recall@100	0.0
CD011420	recall@200	0.0
CD011420	recall@300	0.0
CD011420	recall@400	0.0
CD011420	recall@500	0.125
CD011420	recall@1000	0.125
CD011420	recall@2000	0.125
CD011420	recall@3000	0.125
CD011420	recall@4000	0.125
CD011420	recall@5000	0.125
CD011431	num_shown	5000
CD011431	rels_found	19
CD011431	num_rels	34
CD011431	last_rel	4395
CD011431	norm_last_rel	0.879
CD011431	threshold	5000
CD011431	norm_threshold	1.0
CD011431	wss_100	0
CD011431	wss_95	0
CD011431	total_cost	4920.0
CD011431	norm_area	0.307
CD011431	ap	0.002
CD011431	recall_total	19.0
CD011431	recall_max	34.0
CD011431	recall_at_threshold	0.559
CD011431	recall_threshold	5000
CD011431	recall@10	0.0
CD011431	recall@20	0.0
CD011431	recall@30	0.0
CD011431	recall@40	0.0
CD011431	recall@50	0.0
CD011431	recall@100	0.0
CD011431	recall@200	0.0
CD011431	recall@300	0.0
CD011431	recall@400	0.0
CD011431	recall@500	0.059
CD011431	recall@1000	0.147
CD011431	recall@2000	0.265
CD011431	recall@3000	0.441
CD011431	recall@4000	0.471
CD011431	recall@5000	0.559
CD011515	num_shown	5000
CD011515	rels_found	0
CD011515	num_rels	2
CD011515	last_rel	0
CD011515	norm_last_rel	0.0
CD011515	threshold	5000
CD011515	norm_threshold	1.0
CD011515	wss_100	0
CD011515	wss_95	0
CD011515	total_cost	5040.0
CD011515	norm_area	0.0
CD011515	ap	0.0
CD011515	recall_total	0.0
CD011515	recall_max	2.0
CD011515	recall_at_threshold	0.0
CD011515	recall_threshold	5000
CD011515	recall@10	0.0
CD011515	recall@20	0.0
CD011515	recall@30	0.0
CD011515	recall@40	0.0
CD011515	recall@50	0.0
CD011515	recall@100	0.0
CD011515	recall@200	0.0
CD011515	recall@300	0.0
CD011515	recall@400	0.0
CD011515	recall@500	0.0
CD011515	recall@1000	0.0
CD011515	recall@2000	0.0
CD011515	recall@3000	0.0
CD011515	recall@4000	0.0
CD011515	recall@5000	0.0
CD011602	num_shown	5000
CD011602	rels_found	0
CD011602	num_rels	1
CD011602	last_rel	0
CD011602	norm_last_rel	0.0
CD011602	threshold	5000
CD011602	norm_threshold	1.0
CD011602	wss_100	0
CD011602	wss_95	0
CD011602	total_cost	5020.0
CD011602	norm_area	0.0
CD011602	ap	0.0
CD011602	recall_total	0.0
CD011602	recall_max	1.0
CD011602	recall_at_threshold	0.0
CD011602	recall_threshold	5000
CD011602	recall@10	0.0
CD011602	recall@20	0.0
CD011602	recall@30	0.0
CD011602	recall@40	0.0
CD011602	recall@50	0.0
CD011602	recall@100	0.0
CD011602	recall@200	0.0
CD011602	recall@300	0.0
CD011602	recall@400	0.0
CD011602	recall@500	0.0
CD011602	recall@1000	0.0
CD011602	recall@2000	0.0
CD011602	recall@3000	0.0
CD011602	recall@4000	0.0
CD011602	recall@5000	0.0
CD011686	num_shown	5000
CD011686	rels_found	1
CD011686	num_rels	3
CD011686	last_rel	4035
CD011686	norm_last_rel	0.807
CD011686	threshold	5000
CD011686	norm_threshold	1.0
CD011686	wss_100	0
CD011686	wss_95	0
CD011686	total_cost	5020.0
CD011686	norm_area	0.064
CD011686	ap	0.0
CD011686	recall_total	1.0
CD011686	recall_max	3.0
CD011686	recall_at_threshold	0.333
CD011686	recall_threshold	5000
CD011686	recall@10	0.0
CD011686	recall@20	0.0
CD011686	recall@30	0.0
CD011686	recall@40	0.0
CD011686	recall@50	0.0
CD011686	recall@100	0.0
CD011686	recall@200	0.0
CD011686	recall@300	0.0
CD011686	recall@400	0.0
CD011686	recall@500	0.0
CD011686	recall@1000	0.0
CD011686	recall@2000	0.0
CD011686	recall@3000	0.0
CD011686	recall@4000	0.0
CD011686	recall@5000	0.333
CD011912	num_shown	5000
CD011912	rels_found	14
CD011912	num_rels	18
CD011912	last_rel	2934
CD011912	norm_last_rel	0.587
CD011912	threshold	5000
CD011912	norm_threshold	1.0
CD011912	wss_100	0
CD011912	wss_95	0
CD011912	total_cost	4800.0
CD011912	norm_area	0.656
CD011912	ap	0.014
CD011912	recall_total	14.0
CD011912	recall_max	18.0
CD011912	recall_at_threshold	0.778
CD011912	recall_threshold	5000
CD011912	recall@10	0.0
CD011912	recall@20	0.0
CD011912	recall@30	0.0
CD011912	recall@40	0.056
CD011912	recall@50	0.056
CD011912	recall@100	0.056
CD011912	recall@200	0.222
CD011912	recall@300	0.333
CD011912	recall@400	0.5
CD011912	recall@500	0.556
CD011912	recall@1000	0.556
CD011912	recall@2000	0.611
CD011912	recall@3000	0.778
CD011912	recall@4000	0.778
CD011912	recall@5000	0.778
CD011926	num_shown	5000
CD011926	rels_found	1
CD011926	num_rels	31
CD011926	last_rel	2282
CD011926	norm_last_rel	0.456
CD011926	threshold	5000
CD011926	norm_threshold	1.0
CD011926	wss_100	0
CD011926	wss_95	0
CD011926	total_cost	5580.0
CD011926	norm_area	0.018
CD011926	ap	0.0
CD011926	recall_total	1.0
CD011926	recall_max	31.0
CD011926	recall_at_threshold	0.032
CD011926	recall_threshold	5000
CD011926	recall@10	0.0
CD011926	recall@20	0.0
CD011926	recall@30	0.0
CD011926	recall@40	0.0
CD011926	recall@50	0.0
CD011926	recall@100	0.0
CD011926	recall@200	0.0
CD011926	recall@300	0.0
CD011926	recall@400	0.0
CD011926	recall@500	0.0
CD011926	recall@1000	0.0
CD011926	recall@2000	0.0
CD011926	recall@3000	0.032
CD011926	recall@4000	0.032
CD011926	recall@5000	0.032
CD012009	num_shown	5000
CD012009	rels_found	1
CD012009	num_rels	4
CD012009	last_rel	4663
CD012009	norm_last_rel	0.933
CD012009	threshold	5000
CD012009	norm_threshold	1.0
CD012009	wss_100	0
CD012009	wss_95	0
CD012009	total_cost	5040.0
CD012009	norm_area	0.017
CD012009	ap	0.0
CD012009	recall_total	1.0
CD012009	recall_max	4.0
CD012009	recall_at_threshold	0.25
CD012009	recall_threshold	5000
CD012009	recall@10	0.0
CD012009	recall@20	0.0
CD012009	recall@30	0.0
CD012009	recall@40	0.0
CD012009	recall@50	0.0
CD012009	recall@100	0.0
CD012009	recall@200	0.0
CD012009	recall@300	0.0
CD012009	recall@400	0.0
CD012009	recall@500	0.0
CD012009	recall@1000	0.0
CD012009	recall@2000	0.0
CD012009	recall@3000	0.0
CD012009	recall@4000	0.0
CD012009	recall@5000	0.25
CD012010	num_shown	5000
CD012010	rels_found	5
CD012010	num_rels	9
CD012010	last_rel	4644
CD012010	norm_last_rel	0.929
CD012010	threshold	5000
CD012010	norm_threshold	1.0
CD012010	wss_100	0
CD012010	wss_95	0
CD012010	total_cost	4980.0
CD012010	norm_area	0.309
CD012010	ap	0.001
CD012010	recall_total	5.0
CD012010	recall_max	9.0
CD012010	recall_at_threshold	0.556
CD012010	recall_threshold	5000
CD012010	recall@10	0.0
CD012010	recall@20	0.0
CD012010	recall@30	0.0
CD012010	recall@40	0.0
CD012010	recall@50	0.0
CD012010	recall@100	0.0
CD012010	recall@200	0.0
CD012010	recall@300	0.0
CD012010	recall@400	0.0
CD012010	recall@500	0.0
CD012010	recall@1000	0.111
CD012010	recall@2000	0.333
CD012010	recall@3000	0.444
CD012010	recall@4000	0.444
CD012010	recall@5000	0.556
CD012083	num_shown	5000
CD012083	rels_found	2
CD012083	num_rels	7
CD012083	last_rel	1852
CD012083	norm_last_rel	0.37
CD012083	threshold	5000
CD012083	norm_threshold	1.0
CD012083	wss_100	0
CD012083	wss_95	0
CD012083	total_cost	5060.0
CD012083	norm_area	0.232
CD012083	ap	0.003
CD012083	recall_total	2.0
CD012083	recall_max	7.0
CD012083	recall_at_threshold	0.286
CD012083	recall_threshold	5000
CD012083	recall@10	0.0
CD012083	recall@20	0.0
CD012083	recall@30	0.0
CD012083	recall@40	0.0
CD012083	recall@50	0.143
CD012083	recall@100	0.143
CD012083	recall@200	0.143
CD012083	recall@300	0.143
CD012083	recall@400	0.143
CD012083	recall@500	0.143
CD012083	recall@1000	0.143
CD012083	recall@2000	0.286
CD012083	recall@3000	0.286
CD012083	recall@4000	0.286
CD012083	recall@5000	0.286
CD012165	num_shown	5000
CD012165	rels_found	0
CD012165	num_rels	52
CD012165	last_rel	0
CD012165	norm_last_rel	0.0
CD012165	threshold	5000
CD012165	norm_threshold	1.0
CD012165	wss_100	0
CD012165	wss_95	0
CD012165	total_cost	6040.0
CD012165	norm_area	0.0
CD012165	ap	0.0
CD012165	recall_total	0.0
CD012165	recall_max	52.0
CD012165	recall_at_threshold	0.0
CD012165	recall_threshold	5000
CD012165	recall@10	0.0
CD012165	recall@20	0.0
CD012165	recall@30	0.0
CD012165	recall@40	0.0
CD012165	recall@50	0.0
CD012165	recall@100	0.0
CD012165	recall@200	0.0
CD012165	recall@300	0.0
CD012165	recall@400	0.0
CD012165	recall@500	0.0
CD012165	recall@1000	0.0
CD012165	recall@2000	0.0
CD012165	recall@3000	0.0
CD012165	recall@4000	0.0
CD012165	recall@5000	0.0
CD012179	num_shown	5000
CD012179	rels_found	23
CD012179	num_rels	127
CD012179	last_rel	4967
CD012179	norm_last_rel	0.993
CD012179	threshold	5000
CD012179	norm_threshold	1.0
CD012179	wss_100	0
CD012179	wss_95	0
CD012179	total_cost	6620.0
CD012179	norm_area	0.055
CD012179	ap	0.001
CD012179	recall_total	23.0
CD012179	recall_max	127.0
CD012179	recall_at_threshold	0.181
CD012179	recall_threshold	5000
CD012179	recall@10	0.0
CD012179	recall@20	0.0
CD012179	recall@30	0.0
CD012179	recall@40	0.0
CD012179	recall@50	0.0
CD012179	recall@100	0.0
CD012179	recall@200	0.0
CD012179	recall@300	0.0
CD012179	recall@400	0.0
CD012179	recall@500	0.0
CD012179	recall@1000	0.008
CD012179	recall@2000	0.024
CD012179	recall@3000	0.055
CD012179	recall@4000	0.087
CD012179	recall@5000	0.181
CD012216	num_shown	5000
CD012216	rels_found	0
CD012216	num_rels	1
CD012216	last_rel	0
CD012216	norm_last_rel	0.0
CD012216	threshold	5000
CD012216	norm_threshold	1.0
CD012216	wss_100	0
CD012216	wss_95	0
CD012216	total_cost	5020.0
CD012216	norm_area	0.0
CD012216	ap	0.0
CD012216	recall_total	0.0
CD012216	recall_max	1.0
CD012216	recall_at_threshold	0.0
CD012216	recall_threshold	5000
CD012216	recall@10	0.0
CD012216	recall@20	0.0
CD012216	recall@30	0.0
CD012216	recall@40	0.0
CD012216	recall@50	0.0
CD012216	recall@100	0.0
CD012216	recall@200	0.0
CD012216	recall@300	0.0
CD012216	recall@400	0.0
CD012216	recall@500	0.0
CD012216	recall@1000	0.0
CD012216	recall@2000	0.0
CD012216	recall@3000	0.0
CD012216	recall@4000	0.0
CD012216	recall@5000	0.0
CD012281	num_shown	5000
CD012281	rels_found	0
CD012281	num_rels	10
CD012281	last_rel	0
CD012281	norm_last_rel	0.0
CD012281	threshold	5000
CD012281	norm_threshold	1.0
CD012281	wss_100	0
CD012281	wss_95	0
CD012281	total_cost	5200.0
CD012281	norm_area	0.0
CD012281	ap	0.0
CD012281	recall_total	0.0
CD012281	recall_max	10.0
CD012281	recall_at_threshold	0.0
CD012281	recall_threshold	5000
CD012281	recall@10	0.0
CD012281	recall@20	0.0
CD012281	recall@30	0.0
CD012281	recall@40	0.0
CD012281	recall@50	0.0
CD012281	recall@100	0.0
CD012281	recall@200	0.0
CD012281	recall@300	0.0
CD012281	recall@400	0.0
CD012281	recall@500	0.0
CD012281	recall@1000	0.0
CD012281	recall@2000	0.0
CD012281	recall@3000	0.0
CD012281	recall@4000	0.0
CD012281	recall@5000	0.0
CD012599	num_shown	5000
CD012599	rels_found	8
CD012599	num_rels	19
CD012599	last_rel	4071
CD012599	norm_last_rel	0.814
CD012599	threshold	5000
CD012599	norm_threshold	1.0
CD012599	wss_100	0
CD012599	wss_95	0
CD012599	total_cost	5060.0
CD012599	norm_area	0.305
CD012599	ap	0.002
CD012599	recall_total	8.0
CD012599	recall_max	19.0
CD012599	recall_at_threshold	0.421
CD012599	recall_threshold	5000
CD012599	recall@10	0.0
CD012599	recall@20	0.0
CD012599	recall@30	0.0
CD012599	recall@40	0.0
CD012599	recall@50	0.0
CD012599	recall@100	0.0
CD012599	recall@200	0.053
CD012599	recall@300	0.105
CD012599	recall@400	0.105
CD012599	recall@500	0.211
CD012599	recall@1000	0.211
CD012599	recall@2000	0.316
CD012599	recall@3000	0.368
CD012599	recall@4000	0.368
CD012599	recall@5000	0.421
ALL	num_shown	150000
ALL	rels_found	202
ALL	num_rels	759
ALL	last_rel	2615.0
ALL	norm_last_rel	0.523
ALL	threshold	5000.0
ALL	norm_threshold	1.0
ALL	wss_100	0.0
ALL	wss_95	0.0
ALL	total_cost	5237.0
ALL	norm_area	0.167
ALL	ap	0.002
ALL	recall_total	7.0
ALL	recall_max	25.0
ALL	recall_at_threshold	0.266
ALL	recall_threshold	5000.0
ALL	recall@10	0.001
ALL	recall@20	0.003
ALL	recall@30	0.003
ALL	recall@40	0.004
ALL	recall@50	0.005
ALL	recall@100	0.005
ALL	recall@200	0.017
ALL	recall@300	0.029
ALL	recall@400	0.042
ALL	recall@500	0.057
ALL	recall@1000	0.086
ALL	recall@2000	0.126
ALL	recall@3000	0.179
ALL	recall@4000	0.229
ALL	recall@5000	0.266
