CD008122	num_shown	5000
CD008122	rels_found	49
CD008122	num_rels	62
CD008122	last_rel	4183
CD008122	norm_last_rel	0.837
CD008122	threshold	5000
CD008122	norm_threshold	1.0
CD008122	wss_100	0
CD008122	wss_95	0
CD008122	total_cost	4280.0
CD008122	norm_area	0.603
CD008122	ap	0.022
CD008122	recall_total	49.0
CD008122	recall_max	62.0
CD008122	recall_at_threshold	0.79
CD008122	recall_threshold	5000
CD008122	recall@10	0.0
CD008122	recall@20	0.0
CD008122	recall@30	0.016
CD008122	recall@40	0.016
CD008122	recall@50	0.016
CD008122	recall@100	0.048
CD008122	recall@200	0.081
CD008122	recall@300	0.161
CD008122	recall@400	0.194
CD008122	recall@500	0.226
CD008122	recall@1000	0.484
CD008122	recall@2000	0.613
CD008122	recall@3000	0.71
CD008122	recall@4000	0.758
CD008122	recall@5000	0.79
CD008587	num_shown	5000
CD008587	rels_found	25
CD008587	num_rels	35
CD008587	last_rel	4606
CD008587	norm_last_rel	0.921
CD008587	threshold	5000
CD008587	norm_threshold	1.0
CD008587	wss_100	0
CD008587	wss_95	0
CD008587	total_cost	4700.0
CD008587	norm_area	0.544
CD008587	ap	0.018
CD008587	recall_total	25.0
CD008587	recall_max	35.0
CD008587	recall_at_threshold	0.714
CD008587	recall_threshold	5000
CD008587	recall@10	0.0
CD008587	recall@20	0.0
CD008587	recall@30	0.029
CD008587	recall@40	0.029
CD008587	recall@50	0.057
CD008587	recall@100	0.086
CD008587	recall@200	0.171
CD008587	recall@300	0.257
CD008587	recall@400	0.314
CD008587	recall@500	0.343
CD008587	recall@1000	0.457
CD008587	recall@2000	0.514
CD008587	recall@3000	0.629
CD008587	recall@4000	0.686
CD008587	recall@5000	0.714
CD008759	num_shown	5000
CD008759	rels_found	14
CD008759	num_rels	52
CD008759	last_rel	3424
CD008759	norm_last_rel	0.685
CD008759	threshold	5000
CD008759	norm_threshold	1.0
CD008759	wss_100	0
CD008759	wss_95	0
CD008759	total_cost	5480.0
CD008759	norm_area	0.163
CD008759	ap	0.005
CD008759	recall_total	14.0
CD008759	recall_max	52.0
CD008759	recall_at_threshold	0.269
CD008759	recall_threshold	5000
CD008759	recall@10	0.019
CD008759	recall@20	0.019
CD008759	recall@30	0.019
CD008759	recall@40	0.019
CD008759	recall@50	0.019
CD008759	recall@100	0.019
CD008759	recall@200	0.038
CD008759	recall@300	0.038
CD008759	recall@400	0.038
CD008759	recall@500	0.038
CD008759	recall@1000	0.077
CD008759	recall@2000	0.115
CD008759	recall@3000	0.192
CD008759	recall@4000	0.269
CD008759	recall@5000	0.269
CD008892	num_shown	5000
CD008892	rels_found	10
CD008892	num_rels	34
CD008892	last_rel	3277
CD008892	norm_last_rel	0.655
CD008892	threshold	5000
CD008892	norm_threshold	1.0
CD008892	wss_100	0
CD008892	wss_95	0
CD008892	total_cost	5280.0
CD008892	norm_area	0.24
CD008892	ap	0.003
CD008892	recall_total	10.0
CD008892	recall_max	34.0
CD008892	recall_at_threshold	0.294
CD008892	recall_threshold	5000
CD008892	recall@10	0.0
CD008892	recall@20	0.0
CD008892	recall@30	0.0
CD008892	recall@40	0.0
CD008892	recall@50	0.0
CD008892	recall@100	0.029
CD008892	recall@200	0.088
CD008892	recall@300	0.118
CD008892	recall@400	0.118
CD008892	recall@500	0.147
CD008892	recall@1000	0.176
CD008892	recall@2000	0.265
CD008892	recall@3000	0.265
CD008892	recall@4000	0.294
CD008892	recall@5000	0.294
CD009175	num_shown	5000
CD009175	rels_found	3
CD009175	num_rels	7
CD009175	last_rel	795
CD009175	norm_last_rel	0.159
CD009175	threshold	5000
CD009175	norm_threshold	1.0
CD009175	wss_100	0
CD009175	wss_95	0
CD009175	total_cost	5020.0
CD009175	norm_area	0.392
CD009175	ap	0.002
CD009175	recall_total	3.0
CD009175	recall_max	7.0
CD009175	recall_at_threshold	0.429
CD009175	recall_threshold	5000
CD009175	recall@10	0.0
CD009175	recall@20	0.0
CD009175	recall@30	0.0
CD009175	recall@40	0.0
CD009175	recall@50	0.0
CD009175	recall@100	0.0
CD009175	recall@200	0.143
CD009175	recall@300	0.143
CD009175	recall@400	0.286
CD009175	recall@500	0.286
CD009175	recall@1000	0.429
CD009175	recall@2000	0.429
CD009175	recall@3000	0.429
CD009175	recall@4000	0.429
CD009175	recall@5000	0.429
CD009263	num_shown	5000
CD009263	rels_found	10
CD009263	num_rels	11
CD009263	last_rel	3963
CD009263	norm_last_rel	0.793
CD009263	threshold	5000
CD009263	norm_threshold	1.0
CD009263	wss_100	0
CD009263	wss_95	0.157
CD009263	total_cost	4820.0
CD009263	norm_area	0.707
CD009263	ap	0.01
CD009263	recall_total	10.0
CD009263	recall_max	11.0
CD009263	recall_at_threshold	0.909
CD009263	recall_threshold	5000
CD009263	recall@10	0.0
CD009263	recall@20	0.0
CD009263	recall@30	0.0
CD009263	recall@40	0.0
CD009263	recall@50	0.0
CD009263	recall@100	0.091
CD009263	recall@200	0.273
CD009263	recall@300	0.364
CD009263	recall@400	0.364
CD009263	recall@500	0.455
CD009263	recall@1000	0.636
CD009263	recall@2000	0.727
CD009263	recall@3000	0.727
CD009263	recall@4000	0.909
CD009263	recall@5000	0.909
CD009694	num_shown	5000
CD009694	rels_found	9
CD009694	num_rels	10
CD009694	last_rel	462
CD009694	norm_last_rel	0.092
CD009694	threshold	5000
CD009694	norm_threshold	1.0
CD009694	wss_100	0
CD009694	wss_95	0
CD009694	total_cost	4840.0
CD009694	norm_area	0.866
CD009694	ap	0.054
CD009694	recall_total	9.0
CD009694	recall_max	10.0
CD009694	recall_at_threshold	0.9
CD009694	recall_threshold	5000
CD009694	recall@10	0.1
CD009694	recall@20	0.1
CD009694	recall@30	0.3
CD009694	recall@40	0.3
CD009694	recall@50	0.3
CD009694	recall@100	0.4
CD009694	recall@200	0.4
CD009694	recall@300	0.7
CD009694	recall@400	0.7
CD009694	recall@500	0.9
CD009694	recall@1000	0.9
CD009694	recall@2000	0.9
CD009694	recall@3000	0.9
CD009694	recall@4000	0.9
CD009694	recall@5000	0.9
CD010213	num_shown	5000
CD010213	rels_found	3
CD010213	num_rels	40
CD010213	last_rel	4244
CD010213	norm_last_rel	0.849
CD010213	threshold	5000
CD010213	norm_threshold	1.0
CD010213	wss_100	0
CD010213	wss_95	0
CD010213	total_cost	5680.0
CD010213	norm_area	0.048
CD010213	ap	0.0
CD010213	recall_total	3.0
CD010213	recall_max	40.0
CD010213	recall_at_threshold	0.075
CD010213	recall_threshold	5000
CD010213	recall@10	0.0
CD010213	recall@20	0.0
CD010213	recall@30	0.0
CD010213	recall@40	0.0
CD010213	recall@50	0.0
CD010213	recall@100	0.0
CD010213	recall@200	0.0
CD010213	recall@300	0.025
CD010213	recall@400	0.025
CD010213	recall@500	0.025
CD010213	recall@1000	0.05
CD010213	recall@2000	0.05
CD010213	recall@3000	0.05
CD010213	recall@4000	0.05
CD010213	recall@5000	0.075
CD010296	num_shown	5000
CD010296	rels_found	33
CD010296	num_rels	38
CD010296	last_rel	3757
CD010296	norm_last_rel	0.751
CD010296	threshold	5000
CD010296	norm_threshold	1.0
CD010296	wss_100	0
CD010296	wss_95	0
CD010296	total_cost	4440.0
CD010296	norm_area	0.766
CD010296	ap	0.112
CD010296	recall_total	33.0
CD010296	recall_max	38.0
CD010296	recall_at_threshold	0.868
CD010296	recall_threshold	5000
CD010296	recall@10	0.053
CD010296	recall@20	0.105
CD010296	recall@30	0.158
CD010296	recall@40	0.211
CD010296	recall@50	0.263
CD010296	recall@100	0.316
CD010296	recall@200	0.368
CD010296	recall@300	0.421
CD010296	recall@400	0.5
CD010296	recall@500	0.526
CD010296	recall@1000	0.737
CD010296	recall@2000	0.816
CD010296	recall@3000	0.816
CD010296	recall@4000	0.868
CD010296	recall@5000	0.868
CD010502	num_shown	5000
CD010502	rels_found	5
CD010502	num_rels	82
CD010502	last_rel	4213
CD010502	norm_last_rel	0.843
CD010502	threshold	5000
CD010502	norm_threshold	1.0
CD010502	wss_100	0
CD010502	wss_95	0
CD010502	total_cost	6440.0
CD010502	norm_area	0.037
CD010502	ap	0.003
CD010502	recall_total	5.0
CD010502	recall_max	82.0
CD010502	recall_at_threshold	0.061
CD010502	recall_threshold	5000
CD010502	recall@10	0.012
CD010502	recall@20	0.012
CD010502	recall@30	0.012
CD010502	recall@40	0.012
CD010502	recall@50	0.012
CD010502	recall@100	0.012
CD010502	recall@200	0.012
CD010502	recall@300	0.024
CD010502	recall@400	0.024
CD010502	recall@500	0.024
CD010502	recall@1000	0.024
CD010502	recall@2000	0.037
CD010502	recall@3000	0.037
CD010502	recall@4000	0.037
CD010502	recall@5000	0.061
CD010657	num_shown	5000
CD010657	rels_found	27
CD010657	num_rels	37
CD010657	last_rel	4751
CD010657	norm_last_rel	0.95
CD010657	threshold	5000
CD010657	norm_threshold	1.0
CD010657	wss_100	0
CD010657	wss_95	0
CD010657	total_cost	4660.0
CD010657	norm_area	0.481
CD010657	ap	0.008
CD010657	recall_total	27.0
CD010657	recall_max	37.0
CD010657	recall_at_threshold	0.73
CD010657	recall_threshold	5000
CD010657	recall@10	0.0
CD010657	recall@20	0.0
CD010657	recall@30	0.0
CD010657	recall@40	0.0
CD010657	recall@50	0.0
CD010657	recall@100	0.0
CD010657	recall@200	0.054
CD010657	recall@300	0.108
CD010657	recall@400	0.216
CD010657	recall@500	0.216
CD010657	recall@1000	0.297
CD010657	recall@2000	0.351
CD010657	recall@3000	0.649
CD010657	recall@4000	0.676
CD010657	recall@5000	0.73
CD010680	num_shown	5000
CD010680	rels_found	1
CD010680	num_rels	1
CD010680	last_rel	2399
CD010680	norm_last_rel	0.48
CD010680	threshold	5000
CD010680	norm_threshold	1.0
CD010680	wss_100	0.52
CD010680	wss_95	0.47
CD010680	total_cost	4980.0
CD010680	norm_area	0.52
CD010680	ap	0.0
CD010680	recall_total	1.0
CD010680	recall_max	1.0
CD010680	recall_at_threshold	1.0
CD010680	recall_threshold	5000
CD010680	recall@10	0.0
CD010680	recall@20	0.0
CD010680	recall@30	0.0
CD010680	recall@40	0.0
CD010680	recall@50	0.0
CD010680	recall@100	0.0
CD010680	recall@200	0.0
CD010680	recall@300	0.0
CD010680	recall@400	0.0
CD010680	recall@500	0.0
CD010680	recall@1000	0.0
CD010680	recall@2000	0.0
CD010680	recall@3000	1.0
CD010680	recall@4000	1.0
CD010680	recall@5000	1.0
CD010864	num_shown	5000
CD010864	rels_found	2
CD010864	num_rels	3
CD010864	last_rel	506
CD010864	norm_last_rel	0.101
CD010864	threshold	5000
CD010864	norm_threshold	1.0
CD010864	wss_100	0
CD010864	wss_95	0
CD010864	total_cost	4980.0
CD010864	norm_area	0.616
CD010864	ap	0.003
CD010864	recall_total	2.0
CD010864	recall_max	3.0
CD010864	recall_at_threshold	0.667
CD010864	recall_threshold	5000
CD010864	recall@10	0.0
CD010864	recall@20	0.0
CD010864	recall@30	0.0
CD010864	recall@40	0.0
CD010864	recall@50	0.0
CD010864	recall@100	0.0
CD010864	recall@200	0.0
CD010864	recall@300	0.333
CD010864	recall@400	0.333
CD010864	recall@500	0.333
CD010864	recall@1000	0.667
CD010864	recall@2000	0.667
CD010864	recall@3000	0.667
CD010864	recall@4000	0.667
CD010864	recall@5000	0.667
CD011053	num_shown	5000
CD011053	rels_found	8
CD011053	num_rels	9
CD011053	last_rel	2640
CD011053	norm_last_rel	0.528
CD011053	threshold	5000
CD011053	norm_threshold	1.0
CD011053	wss_100	0
CD011053	wss_95	0
CD011053	total_cost	4860.0
CD011053	norm_area	0.748
CD011053	ap	0.034
CD011053	recall_total	8.0
CD011053	recall_max	9.0
CD011053	recall_at_threshold	0.889
CD011053	recall_threshold	5000
CD011053	recall@10	0.111
CD011053	recall@20	0.111
CD011053	recall@30	0.111
CD011053	recall@40	0.222
CD011053	recall@50	0.222
CD011053	recall@100	0.222
CD011053	recall@200	0.222
CD011053	recall@300	0.444
CD011053	recall@400	0.444
CD011053	recall@500	0.444
CD011053	recall@1000	0.667
CD011053	recall@2000	0.778
CD011053	recall@3000	0.889
CD011053	recall@4000	0.889
CD011053	recall@5000	0.889
CD011126	num_shown	5000
CD011126	rels_found	5
CD011126	num_rels	12
CD011126	last_rel	1883
CD011126	norm_last_rel	0.377
CD011126	threshold	5000
CD011126	norm_threshold	1.0
CD011126	wss_100	0
CD011126	wss_95	0
CD011126	total_cost	5040.0
CD011126	norm_area	0.371
CD011126	ap	0.023
CD011126	recall_total	5.0
CD011126	recall_max	12.0
CD011126	recall_at_threshold	0.417
CD011126	recall_threshold	5000
CD011126	recall@10	0.083
CD011126	recall@20	0.083
CD011126	recall@30	0.167
CD011126	recall@40	0.167
CD011126	recall@50	0.25
CD011126	recall@100	0.25
CD011126	recall@200	0.25
CD011126	recall@300	0.25
CD011126	recall@400	0.25
CD011126	recall@500	0.25
CD011126	recall@1000	0.333
CD011126	recall@2000	0.417
CD011126	recall@3000	0.417
CD011126	recall@4000	0.417
CD011126	recall@5000	0.417
CD011420	num_shown	5000
CD011420	rels_found	3
CD011420	num_rels	8
CD011420	last_rel	872
CD011420	norm_last_rel	0.174
CD011420	threshold	5000
CD011420	norm_threshold	1.0
CD011420	wss_100	0
CD011420	wss_95	0
CD011420	total_cost	5040.0
CD011420	norm_area	0.352
CD011420	ap	0.035
CD011420	recall_total	3.0
CD011420	recall_max	8.0
CD011420	recall_at_threshold	0.375
CD011420	recall_threshold	5000
CD011420	recall@10	0.125
CD011420	recall@20	0.125
CD011420	recall@30	0.125
CD011420	recall@40	0.125
CD011420	recall@50	0.125
CD011420	recall@100	0.25
CD011420	recall@200	0.25
CD011420	recall@300	0.25
CD011420	recall@400	0.25
CD011420	recall@500	0.25
CD011420	recall@1000	0.375
CD011420	recall@2000	0.375
CD011420	recall@3000	0.375
CD011420	recall@4000	0.375
CD011420	recall@5000	0.375
CD011431	num_shown	5000
CD011431	rels_found	27
CD011431	num_rels	34
CD011431	last_rel	4980
CD011431	norm_last_rel	0.996
CD011431	threshold	5000
CD011431	norm_threshold	1.0
CD011431	wss_100	0
CD011431	wss_95	0
CD011431	total_cost	4600.0
CD011431	norm_area	0.608
CD011431	ap	0.017
CD011431	recall_total	27.0
CD011431	recall_max	34.0
CD011431	recall_at_threshold	0.794
CD011431	recall_threshold	5000
CD011431	recall@10	0.0
CD011431	recall@20	0.029
CD011431	recall@30	0.029
CD011431	recall@40	0.029
CD011431	recall@50	0.029
CD011431	recall@100	0.059
CD011431	recall@200	0.147
CD011431	recall@300	0.235
CD011431	recall@400	0.324
CD011431	recall@500	0.382
CD011431	recall@1000	0.5
CD011431	recall@2000	0.676
CD011431	recall@3000	0.676
CD011431	recall@4000	0.706
CD011431	recall@5000	0.794
CD011515	num_shown	5000
CD011515	rels_found	0
CD011515	num_rels	2
CD011515	last_rel	0
CD011515	norm_last_rel	0.0
CD011515	threshold	5000
CD011515	norm_threshold	1.0
CD011515	wss_100	0
CD011515	wss_95	0
CD011515	total_cost	5040.0
CD011515	norm_area	0.0
CD011515	ap	0.0
CD011515	recall_total	0.0
CD011515	recall_max	2.0
CD011515	recall_at_threshold	0.0
CD011515	recall_threshold	5000
CD011515	recall@10	0.0
CD011515	recall@20	0.0
CD011515	recall@30	0.0
CD011515	recall@40	0.0
CD011515	recall@50	0.0
CD011515	recall@100	0.0
CD011515	recall@200	0.0
CD011515	recall@300	0.0
CD011515	recall@400	0.0
CD011515	recall@500	0.0
CD011515	recall@1000	0.0
CD011515	recall@2000	0.0
CD011515	recall@3000	0.0
CD011515	recall@4000	0.0
CD011515	recall@5000	0.0
CD011602	num_shown	5000
CD011602	rels_found	0
CD011602	num_rels	1
CD011602	last_rel	0
CD011602	norm_last_rel	0.0
CD011602	threshold	5000
CD011602	norm_threshold	1.0
CD011602	wss_100	0
CD011602	wss_95	0
CD011602	total_cost	5020.0
CD011602	norm_area	0.0
CD011602	ap	0.0
CD011602	recall_total	0.0
CD011602	recall_max	1.0
CD011602	recall_at_threshold	0.0
CD011602	recall_threshold	5000
CD011602	recall@10	0.0
CD011602	recall@20	0.0
CD011602	recall@30	0.0
CD011602	recall@40	0.0
CD011602	recall@50	0.0
CD011602	recall@100	0.0
CD011602	recall@200	0.0
CD011602	recall@300	0.0
CD011602	recall@400	0.0
CD011602	recall@500	0.0
CD011602	recall@1000	0.0
CD011602	recall@2000	0.0
CD011602	recall@3000	0.0
CD011602	recall@4000	0.0
CD011602	recall@5000	0.0
CD011686	num_shown	5000
CD011686	rels_found	2
CD011686	num_rels	3
CD011686	last_rel	467
CD011686	norm_last_rel	0.093
CD011686	threshold	5000
CD011686	norm_threshold	1.0
CD011686	wss_100	0
CD011686	wss_95	0
CD011686	total_cost	4980.0
CD011686	norm_area	0.634
CD011686	ap	0.014
CD011686	recall_total	2.0
CD011686	recall_max	3.0
CD011686	recall_at_threshold	0.667
CD011686	recall_threshold	5000
CD011686	recall@10	0.0
CD011686	recall@20	0.0
CD011686	recall@30	0.333
CD011686	recall@40	0.333
CD011686	recall@50	0.333
CD011686	recall@100	0.333
CD011686	recall@200	0.333
CD011686	recall@300	0.333
CD011686	recall@400	0.333
CD011686	recall@500	0.667
CD011686	recall@1000	0.667
CD011686	recall@2000	0.667
CD011686	recall@3000	0.667
CD011686	recall@4000	0.667
CD011686	recall@5000	0.667
CD011912	num_shown	5000
CD011912	rels_found	18
CD011912	num_rels	18
CD011912	last_rel	817
CD011912	norm_last_rel	0.163
CD011912	threshold	5000
CD011912	norm_threshold	1.0
CD011912	wss_100	0.837
CD011912	wss_95	0.829
CD011912	total_cost	4640.0
CD011912	norm_area	0.964
CD011912	ap	0.092
CD011912	recall_total	18.0
CD011912	recall_max	18.0
CD011912	recall_at_threshold	1.0
CD011912	recall_threshold	5000
CD011912	recall@10	0.111
CD011912	recall@20	0.111
CD011912	recall@30	0.167
CD011912	recall@40	0.167
CD011912	recall@50	0.167
CD011912	recall@100	0.278
CD011912	recall@200	0.722
CD011912	recall@300	0.889
CD011912	recall@400	0.889
CD011912	recall@500	0.889
CD011912	recall@1000	1.0
CD011912	recall@2000	1.0
CD011912	recall@3000	1.0
CD011912	recall@4000	1.0
CD011912	recall@5000	1.0
CD011926	num_shown	5000
CD011926	rels_found	1
CD011926	num_rels	31
CD011926	last_rel	37
CD011926	norm_last_rel	0.007
CD011926	threshold	5000
CD011926	norm_threshold	1.0
CD011926	wss_100	0
CD011926	wss_95	0
CD011926	total_cost	5580.0
CD011926	norm_area	0.032
CD011926	ap	0.001
CD011926	recall_total	1.0
CD011926	recall_max	31.0
CD011926	recall_at_threshold	0.032
CD011926	recall_threshold	5000
CD011926	recall@10	0.0
CD011926	recall@20	0.0
CD011926	recall@30	0.0
CD011926	recall@40	0.032
CD011926	recall@50	0.032
CD011926	recall@100	0.032
CD011926	recall@200	0.032
CD011926	recall@300	0.032
CD011926	recall@400	0.032
CD011926	recall@500	0.032
CD011926	recall@1000	0.032
CD011926	recall@2000	0.032
CD011926	recall@3000	0.032
CD011926	recall@4000	0.032
CD011926	recall@5000	0.032
CD012009	num_shown	5000
CD012009	rels_found	2
CD012009	num_rels	4
CD012009	last_rel	974
CD012009	norm_last_rel	0.195
CD012009	threshold	5000
CD012009	norm_threshold	1.0
CD012009	wss_100	0
CD012009	wss_95	0
CD012009	total_cost	5000.0
CD012009	norm_area	0.446
CD012009	ap	0.003
CD012009	recall_total	2.0
CD012009	recall_max	4.0
CD012009	recall_at_threshold	0.5
CD012009	recall_threshold	5000
CD012009	recall@10	0.0
CD012009	recall@20	0.0
CD012009	recall@30	0.0
CD012009	recall@40	0.0
CD012009	recall@50	0.0
CD012009	recall@100	0.0
CD012009	recall@200	0.25
CD012009	recall@300	0.25
CD012009	recall@400	0.25
CD012009	recall@500	0.25
CD012009	recall@1000	0.5
CD012009	recall@2000	0.5
CD012009	recall@3000	0.5
CD012009	recall@4000	0.5
CD012009	recall@5000	0.5
CD012010	num_shown	5000
CD012010	rels_found	5
CD012010	num_rels	9
CD012010	last_rel	459
CD012010	norm_last_rel	0.092
CD012010	threshold	5000
CD012010	norm_threshold	1.0
CD012010	wss_100	0
CD012010	wss_95	0
CD012010	total_cost	4980.0
CD012010	norm_area	0.538
CD012010	ap	0.229
CD012010	recall_total	5.0
CD012010	recall_max	9.0
CD012010	recall_at_threshold	0.556
CD012010	recall_threshold	5000
CD012010	recall@10	0.222
CD012010	recall@20	0.222
CD012010	recall@30	0.222
CD012010	recall@40	0.222
CD012010	recall@50	0.222
CD012010	recall@100	0.333
CD012010	recall@200	0.333
CD012010	recall@300	0.444
CD012010	recall@400	0.444
CD012010	recall@500	0.556
CD012010	recall@1000	0.556
CD012010	recall@2000	0.556
CD012010	recall@3000	0.556
CD012010	recall@4000	0.556
CD012010	recall@5000	0.556
CD012083	num_shown	5000
CD012083	rels_found	5
CD012083	num_rels	7
CD012083	last_rel	4236
CD012083	norm_last_rel	0.847
CD012083	threshold	5000
CD012083	norm_threshold	1.0
CD012083	wss_100	0
CD012083	wss_95	0
CD012083	total_cost	4940.0
CD012083	norm_area	0.514
CD012083	ap	0.075
CD012083	recall_total	5.0
CD012083	recall_max	7.0
CD012083	recall_at_threshold	0.714
CD012083	recall_threshold	5000
CD012083	recall@10	0.143
CD012083	recall@20	0.143
CD012083	recall@30	0.143
CD012083	recall@40	0.143
CD012083	recall@50	0.143
CD012083	recall@100	0.286
CD012083	recall@200	0.286
CD012083	recall@300	0.286
CD012083	recall@400	0.286
CD012083	recall@500	0.286
CD012083	recall@1000	0.286
CD012083	recall@2000	0.571
CD012083	recall@3000	0.571
CD012083	recall@4000	0.571
CD012083	recall@5000	0.714
CD012165	num_shown	5000
CD012165	rels_found	1
CD012165	num_rels	52
CD012165	last_rel	432
CD012165	norm_last_rel	0.086
CD012165	threshold	5000
CD012165	norm_threshold	1.0
CD012165	wss_100	0
CD012165	wss_95	0
CD012165	total_cost	6000.0
CD012165	norm_area	0.018
CD012165	ap	0.0
CD012165	recall_total	1.0
CD012165	recall_max	52.0
CD012165	recall_at_threshold	0.019
CD012165	recall_threshold	5000
CD012165	recall@10	0.0
CD012165	recall@20	0.0
CD012165	recall@30	0.0
CD012165	recall@40	0.0
CD012165	recall@50	0.0
CD012165	recall@100	0.0
CD012165	recall@200	0.0
CD012165	recall@300	0.0
CD012165	recall@400	0.0
CD012165	recall@500	0.019
CD012165	recall@1000	0.019
CD012165	recall@2000	0.019
CD012165	recall@3000	0.019
CD012165	recall@4000	0.019
CD012165	recall@5000	0.019
CD012179	num_shown	5000
CD012179	rels_found	47
CD012179	num_rels	127
CD012179	last_rel	4860
CD012179	norm_last_rel	0.972
CD012179	threshold	5000
CD012179	norm_threshold	1.0
CD012179	wss_100	0
CD012179	wss_95	0
CD012179	total_cost	5660.0
CD012179	norm_area	0.183
CD012179	ap	0.004
CD012179	recall_total	47.0
CD012179	recall_max	127.0
CD012179	recall_at_threshold	0.37
CD012179	recall_threshold	5000
CD012179	recall@10	0.0
CD012179	recall@20	0.008
CD012179	recall@30	0.008
CD012179	recall@40	0.008
CD012179	recall@50	0.008
CD012179	recall@100	0.008
CD012179	recall@200	0.024
CD012179	recall@300	0.039
CD012179	recall@400	0.039
CD012179	recall@500	0.047
CD012179	recall@1000	0.094
CD012179	recall@2000	0.15
CD012179	recall@3000	0.197
CD012179	recall@4000	0.276
CD012179	recall@5000	0.37
CD012216	num_shown	5000
CD012216	rels_found	0
CD012216	num_rels	1
CD012216	last_rel	0
CD012216	norm_last_rel	0.0
CD012216	threshold	5000
CD012216	norm_threshold	1.0
CD012216	wss_100	0
CD012216	wss_95	0
CD012216	total_cost	5020.0
CD012216	norm_area	0.0
CD012216	ap	0.0
CD012216	recall_total	0.0
CD012216	recall_max	1.0
CD012216	recall_at_threshold	0.0
CD012216	recall_threshold	5000
CD012216	recall@10	0.0
CD012216	recall@20	0.0
CD012216	recall@30	0.0
CD012216	recall@40	0.0
CD012216	recall@50	0.0
CD012216	recall@100	0.0
CD012216	recall@200	0.0
CD012216	recall@300	0.0
CD012216	recall@400	0.0
CD012216	recall@500	0.0
CD012216	recall@1000	0.0
CD012216	recall@2000	0.0
CD012216	recall@3000	0.0
CD012216	recall@4000	0.0
CD012216	recall@5000	0.0
CD012281	num_shown	5000
CD012281	rels_found	0
CD012281	num_rels	10
CD012281	last_rel	0
CD012281	norm_last_rel	0.0
CD012281	threshold	5000
CD012281	norm_threshold	1.0
CD012281	wss_100	0
CD012281	wss_95	0
CD012281	total_cost	5200.0
CD012281	norm_area	0.0
CD012281	ap	0.0
CD012281	recall_total	0.0
CD012281	recall_max	10.0
CD012281	recall_at_threshold	0.0
CD012281	recall_threshold	5000
CD012281	recall@10	0.0
CD012281	recall@20	0.0
CD012281	recall@30	0.0
CD012281	recall@40	0.0
CD012281	recall@50	0.0
CD012281	recall@100	0.0
CD012281	recall@200	0.0
CD012281	recall@300	0.0
CD012281	recall@400	0.0
CD012281	recall@500	0.0
CD012281	recall@1000	0.0
CD012281	recall@2000	0.0
CD012281	recall@3000	0.0
CD012281	recall@4000	0.0
CD012281	recall@5000	0.0
CD012599	num_shown	5000
CD012599	rels_found	8
CD012599	num_rels	19
CD012599	last_rel	3145
CD012599	norm_last_rel	0.629
CD012599	threshold	5000
CD012599	norm_threshold	1.0
CD012599	wss_100	0
CD012599	wss_95	0
CD012599	total_cost	5060.0
CD012599	norm_area	0.353
CD012599	ap	0.006
CD012599	recall_total	8.0
CD012599	recall_max	19.0
CD012599	recall_at_threshold	0.421
CD012599	recall_threshold	5000
CD012599	recall@10	0.0
CD012599	recall@20	0.0
CD012599	recall@30	0.0
CD012599	recall@40	0.0
CD012599	recall@50	0.0
CD012599	recall@100	0.0
CD012599	recall@200	0.263
CD012599	recall@300	0.263
CD012599	recall@400	0.263
CD012599	recall@500	0.263
CD012599	recall@1000	0.263
CD012599	recall@2000	0.368
CD012599	recall@3000	0.368
CD012599	recall@4000	0.421
CD012599	recall@5000	0.421
ALL	num_shown	150000
ALL	rels_found	323
ALL	num_rels	759
ALL	last_rel	2213.0
ALL	norm_last_rel	0.443
ALL	threshold	5000.0
ALL	norm_threshold	1.0
ALL	wss_100	0.045
ALL	wss_95	0.049
ALL	total_cost	5075.0
ALL	norm_area	0.391
ALL	ap	0.026
ALL	recall_total	11.0
ALL	recall_max	25.0
ALL	recall_at_threshold	0.426
ALL	recall_threshold	5000.0
ALL	recall@10	0.017
ALL	recall@20	0.022
ALL	recall@30	0.034
ALL	recall@40	0.04
ALL	recall@50	0.045
ALL	recall@100	0.063
ALL	recall@200	0.108
ALL	recall@300	0.149
ALL	recall@400	0.169
ALL	recall@500	0.187
ALL	recall@1000	0.261
ALL	recall@2000	0.315
ALL	recall@3000	0.358
ALL	recall@4000	0.394
ALL	recall@5000	0.426
