ALL	num_shown	149992
ALL	rels_found	227
ALL	num_rels	759
ALL	last_rel	2336.0
ALL	norm_last_rel	0.467
ALL	threshold	5000.0
ALL	norm_threshold	1.0
ALL	wss_100	0.03
ALL	wss_95	0.029
ALL	total_cost	5203.0
ALL	norm_area	0.289
ALL	ap	0.008
ALL	recall_total	8.0
ALL	recall_max	25.0
ALL	recall_at_threshold	0.299
ALL	recall_threshold	4999.733
ALL	recall@10	0.008
ALL	recall@20	0.011
ALL	recall@30	0.016
ALL	recall@40	0.018
ALL	recall@50	0.022
ALL	recall@100	0.049
ALL	recall@200	0.069
ALL	recall@300	0.097
ALL	recall@400	0.111
ALL	recall@500	0.124
ALL	recall@1000	0.17
ALL	recall@2000	0.221
ALL	recall@3000	0.254
ALL	recall@4000	0.282
ALL	recall@5000	0.299
