CD012281	num_shown	5000
CD012281	rels_found	6
CD012281	num_rels	10
CD012281	last_rel	4708
CD012281	norm_last_rel	0.942
CD012281	threshold	5000
CD012281	norm_threshold	1.0
CD012281	wss_100	0
CD012281	wss_95	0
CD012281	total_cost	4960.0
CD012281	norm_area	0.388
CD012281	ap	0.002
CD012281	recall_total	6.0
CD012281	recall_max	10.0
CD012281	recall_at_threshold	0.6
CD012281	recall_threshold	5000
CD012281	recall@10	0.0
CD012281	recall@20	0.0
CD012281	recall@30	0.0
CD012281	recall@40	0.0
CD012281	recall@50	0.0
CD012281	recall@100	0.0
CD012281	recall@200	0.0
CD012281	recall@300	0.0
CD012281	recall@400	0.0
CD012281	recall@500	0.2
CD012281	recall@1000	0.2
CD012281	recall@2000	0.4
CD012281	recall@3000	0.5
CD012281	recall@4000	0.5
CD012281	recall@5000	0.6
CD011053	num_shown	5000
CD011053	rels_found	9
CD011053	num_rels	9
CD011053	last_rel	814
CD011053	norm_last_rel	0.163
CD011053	threshold	5000
CD011053	norm_threshold	1.0
CD011053	wss_100	0.837
CD011053	wss_95	0.787
CD011053	total_cost	4820.0
CD011053	norm_area	0.866
CD011053	ap	0.007
CD011053	recall_total	9.0
CD011053	recall_max	9.0
CD011053	recall_at_threshold	1.0
CD011053	recall_threshold	5000
CD011053	recall@10	0.0
CD011053	recall@20	0.0
CD011053	recall@30	0.0
CD011053	recall@40	0.0
CD011053	recall@50	0.0
CD011053	recall@100	0.0
CD011053	recall@200	0.0
CD011053	recall@300	0.0
CD011053	recall@400	0.0
CD011053	recall@500	0.0
CD011053	recall@1000	1.0
CD011053	recall@2000	1.0
CD011053	recall@3000	1.0
CD011053	recall@4000	1.0
CD011053	recall@5000	1.0
CD011602	num_shown	5000
CD011602	rels_found	0
CD011602	num_rels	1
CD011602	last_rel	0
CD011602	norm_last_rel	0.0
CD011602	threshold	5000
CD011602	norm_threshold	1.0
CD011602	wss_100	0
CD011602	wss_95	0
CD011602	total_cost	5020.0
CD011602	norm_area	0.0
CD011602	ap	0.0
CD011602	recall_total	0.0
CD011602	recall_max	1.0
CD011602	recall_at_threshold	0.0
CD011602	recall_threshold	5000
CD011602	recall@10	0.0
CD011602	recall@20	0.0
CD011602	recall@30	0.0
CD011602	recall@40	0.0
CD011602	recall@50	0.0
CD011602	recall@100	0.0
CD011602	recall@200	0.0
CD011602	recall@300	0.0
CD011602	recall@400	0.0
CD011602	recall@500	0.0
CD011602	recall@1000	0.0
CD011602	recall@2000	0.0
CD011602	recall@3000	0.0
CD011602	recall@4000	0.0
CD011602	recall@5000	0.0
CD010657	num_shown	5000
CD010657	rels_found	34
CD010657	num_rels	37
CD010657	last_rel	405
CD010657	norm_last_rel	0.081
CD010657	threshold	5000
CD010657	norm_threshold	1.0
CD010657	wss_100	0
CD010657	wss_95	0
CD010657	total_cost	4380.0
CD010657	norm_area	0.894
CD010657	ap	0.103
CD010657	recall_total	34.0
CD010657	recall_max	37.0
CD010657	recall_at_threshold	0.919
CD010657	recall_threshold	5000
CD010657	recall@10	0.027
CD010657	recall@20	0.027
CD010657	recall@30	0.054
CD010657	recall@40	0.081
CD010657	recall@50	0.135
CD010657	recall@100	0.27
CD010657	recall@200	0.541
CD010657	recall@300	0.892
CD010657	recall@400	0.892
CD010657	recall@500	0.919
CD010657	recall@1000	0.919
CD010657	recall@2000	0.919
CD010657	recall@3000	0.919
CD010657	recall@4000	0.919
CD010657	recall@5000	0.919
CD009263	num_shown	5000
CD009263	rels_found	9
CD009263	num_rels	11
CD009263	last_rel	2363
CD009263	norm_last_rel	0.473
CD009263	threshold	5000
CD009263	norm_threshold	1.0
CD009263	wss_100	0
CD009263	wss_95	0
CD009263	total_cost	4860.0
CD009263	norm_area	0.689
CD009263	ap	0.01
CD009263	recall_total	9.0
CD009263	recall_max	11.0
CD009263	recall_at_threshold	0.818
CD009263	recall_threshold	5000
CD009263	recall@10	0.0
CD009263	recall@20	0.0
CD009263	recall@30	0.0
CD009263	recall@40	0.0
CD009263	recall@50	0.0
CD009263	recall@100	0.182
CD009263	recall@200	0.273
CD009263	recall@300	0.364
CD009263	recall@400	0.364
CD009263	recall@500	0.455
CD009263	recall@1000	0.636
CD009263	recall@2000	0.636
CD009263	recall@3000	0.818
CD009263	recall@4000	0.818
CD009263	recall@5000	0.818
CD011912	num_shown	5000
CD011912	rels_found	18
CD011912	num_rels	18
CD011912	last_rel	219
CD011912	norm_last_rel	0.044
CD011912	threshold	5000
CD011912	norm_threshold	1.0
CD011912	wss_100	0.956
CD011912	wss_95	0.931
CD011912	total_cost	4640.0
CD011912	norm_area	0.993
CD011912	ap	0.27
CD011912	recall_total	18.0
CD011912	recall_max	18.0
CD011912	recall_at_threshold	1.0
CD011912	recall_threshold	5000
CD011912	recall@10	0.167
CD011912	recall@20	0.278
CD011912	recall@30	0.556
CD011912	recall@40	0.667
CD011912	recall@50	0.778
CD011912	recall@100	0.944
CD011912	recall@200	0.944
CD011912	recall@300	1.0
CD011912	recall@400	1.0
CD011912	recall@500	1.0
CD011912	recall@1000	1.0
CD011912	recall@2000	1.0
CD011912	recall@3000	1.0
CD011912	recall@4000	1.0
CD011912	recall@5000	1.0
CD012010	num_shown	5000
CD012010	rels_found	8
CD012010	num_rels	9
CD012010	last_rel	854
CD012010	norm_last_rel	0.171
CD012010	threshold	5000
CD012010	norm_threshold	1.0
CD012010	wss_100	0
CD012010	wss_95	0
CD012010	total_cost	4860.0
CD012010	norm_area	0.834
CD012010	ap	0.027
CD012010	recall_total	8.0
CD012010	recall_max	9.0
CD012010	recall_at_threshold	0.889
CD012010	recall_threshold	5000
CD012010	recall@10	0.0
CD012010	recall@20	0.0
CD012010	recall@30	0.111
CD012010	recall@40	0.222
CD012010	recall@50	0.333
CD012010	recall@100	0.333
CD012010	recall@200	0.444
CD012010	recall@300	0.444
CD012010	recall@400	0.556
CD012010	recall@500	0.556
CD012010	recall@1000	0.889
CD012010	recall@2000	0.889
CD012010	recall@3000	0.889
CD012010	recall@4000	0.889
CD012010	recall@5000	0.889
CD008759	num_shown	5000
CD008759	rels_found	47
CD008759	num_rels	52
CD008759	last_rel	537
CD008759	norm_last_rel	0.107
CD008759	threshold	5000
CD008759	norm_threshold	1.0
CD008759	wss_100	0
CD008759	wss_95	0
CD008759	total_cost	4160.0
CD008759	norm_area	0.884
CD008759	ap	0.261
CD008759	recall_total	47.0
CD008759	recall_max	52.0
CD008759	recall_at_threshold	0.904
CD008759	recall_threshold	5000
CD008759	recall@10	0.077
CD008759	recall@20	0.096
CD008759	recall@30	0.212
CD008759	recall@40	0.231
CD008759	recall@50	0.25
CD008759	recall@100	0.481
CD008759	recall@200	0.712
CD008759	recall@300	0.788
CD008759	recall@400	0.846
CD008759	recall@500	0.885
CD008759	recall@1000	0.904
CD008759	recall@2000	0.904
CD008759	recall@3000	0.904
CD008759	recall@4000	0.904
CD008759	recall@5000	0.904
CD009175	num_shown	5000
CD009175	rels_found	7
CD009175	num_rels	7
CD009175	last_rel	543
CD009175	norm_last_rel	0.109
CD009175	threshold	5000
CD009175	norm_threshold	1.0
CD009175	wss_100	0.891
CD009175	wss_95	0.841
CD009175	total_cost	4860.0
CD009175	norm_area	0.953
CD009175	ap	0.017
CD009175	recall_total	7.0
CD009175	recall_max	7.0
CD009175	recall_at_threshold	1.0
CD009175	recall_threshold	5000
CD009175	recall@10	0.0
CD009175	recall@20	0.0
CD009175	recall@30	0.0
CD009175	recall@40	0.0
CD009175	recall@50	0.0
CD009175	recall@100	0.0
CD009175	recall@200	0.571
CD009175	recall@300	0.857
CD009175	recall@400	0.857
CD009175	recall@500	0.857
CD009175	recall@1000	1.0
CD009175	recall@2000	1.0
CD009175	recall@3000	1.0
CD009175	recall@4000	1.0
CD009175	recall@5000	1.0
CD010296	num_shown	5000
CD010296	rels_found	38
CD010296	num_rels	38
CD010296	last_rel	565
CD010296	norm_last_rel	0.113
CD010296	threshold	5000
CD010296	norm_threshold	1.0
CD010296	wss_100	0.887
CD010296	wss_95	0.919
CD010296	total_cost	4240.0
CD010296	norm_area	0.989
CD010296	ap	0.428
CD010296	recall_total	38.0
CD010296	recall_max	38.0
CD010296	recall_at_threshold	1.0
CD010296	recall_threshold	5000
CD010296	recall@10	0.132
CD010296	recall@20	0.211
CD010296	recall@30	0.316
CD010296	recall@40	0.342
CD010296	recall@50	0.526
CD010296	recall@100	0.868
CD010296	recall@200	0.947
CD010296	recall@300	0.947
CD010296	recall@400	0.947
CD010296	recall@500	0.974
CD010296	recall@1000	1.0
CD010296	recall@2000	1.0
CD010296	recall@3000	1.0
CD010296	recall@4000	1.0
CD010296	recall@5000	1.0
CD010680	num_shown	5000
CD010680	rels_found	1
CD010680	num_rels	1
CD010680	last_rel	3425
CD010680	norm_last_rel	0.685
CD010680	threshold	5000
CD010680	norm_threshold	1.0
CD010680	wss_100	0.315
CD010680	wss_95	0.265
CD010680	total_cost	4980.0
CD010680	norm_area	0.315
CD010680	ap	0.0
CD010680	recall_total	1.0
CD010680	recall_max	1.0
CD010680	recall_at_threshold	1.0
CD010680	recall_threshold	5000
CD010680	recall@10	0.0
CD010680	recall@20	0.0
CD010680	recall@30	0.0
CD010680	recall@40	0.0
CD010680	recall@50	0.0
CD010680	recall@100	0.0
CD010680	recall@200	0.0
CD010680	recall@300	0.0
CD010680	recall@400	0.0
CD010680	recall@500	0.0
CD010680	recall@1000	0.0
CD010680	recall@2000	0.0
CD010680	recall@3000	0.0
CD010680	recall@4000	1.0
CD010680	recall@5000	1.0
CD012083	num_shown	5000
CD012083	rels_found	6
CD012083	num_rels	7
CD012083	last_rel	258
CD012083	norm_last_rel	0.052
CD012083	threshold	5000
CD012083	norm_threshold	1.0
CD012083	wss_100	0
CD012083	wss_95	0
CD012083	total_cost	4900.0
CD012083	norm_area	0.846
CD012083	ap	0.246
CD012083	recall_total	6.0
CD012083	recall_max	7.0
CD012083	recall_at_threshold	0.857
CD012083	recall_threshold	5000
CD012083	recall@10	0.286
CD012083	recall@20	0.429
CD012083	recall@30	0.429
CD012083	recall@40	0.429
CD012083	recall@50	0.429
CD012083	recall@100	0.714
CD012083	recall@200	0.714
CD012083	recall@300	0.857
CD012083	recall@400	0.857
CD012083	recall@500	0.857
CD012083	recall@1000	0.857
CD012083	recall@2000	0.857
CD012083	recall@3000	0.857
CD012083	recall@4000	0.857
CD012083	recall@5000	0.857
CD012216	num_shown	5000
CD012216	rels_found	0
CD012216	num_rels	1
CD012216	last_rel	0
CD012216	norm_last_rel	0.0
CD012216	threshold	5000
CD012216	norm_threshold	1.0
CD012216	wss_100	0
CD012216	wss_95	0
CD012216	total_cost	5020.0
CD012216	norm_area	0.0
CD012216	ap	0.0
CD012216	recall_total	0.0
CD012216	recall_max	1.0
CD012216	recall_at_threshold	0.0
CD012216	recall_threshold	5000
CD012216	recall@10	0.0
CD012216	recall@20	0.0
CD012216	recall@30	0.0
CD012216	recall@40	0.0
CD012216	recall@50	0.0
CD012216	recall@100	0.0
CD012216	recall@200	0.0
CD012216	recall@300	0.0
CD012216	recall@400	0.0
CD012216	recall@500	0.0
CD012216	recall@1000	0.0
CD012216	recall@2000	0.0
CD012216	recall@3000	0.0
CD012216	recall@4000	0.0
CD012216	recall@5000	0.0
CD010864	num_shown	5000
CD010864	rels_found	3
CD010864	num_rels	3
CD010864	last_rel	532
CD010864	norm_last_rel	0.106
CD010864	threshold	5000
CD010864	norm_threshold	1.0
CD010864	wss_100	0.894
CD010864	wss_95	0.844
CD010864	total_cost	4940.0
CD010864	norm_area	0.943
CD010864	ap	0.008
CD010864	recall_total	3.0
CD010864	recall_max	3.0
CD010864	recall_at_threshold	1.0
CD010864	recall_threshold	5000
CD010864	recall@10	0.0
CD010864	recall@20	0.0
CD010864	recall@30	0.0
CD010864	recall@40	0.0
CD010864	recall@50	0.0
CD010864	recall@100	0.0
CD010864	recall@200	0.667
CD010864	recall@300	0.667
CD010864	recall@400	0.667
CD010864	recall@500	0.667
CD010864	recall@1000	1.0
CD010864	recall@2000	1.0
CD010864	recall@3000	1.0
CD010864	recall@4000	1.0
CD010864	recall@5000	1.0
CD008122	num_shown	5000
CD008122	rels_found	55
CD008122	num_rels	62
CD008122	last_rel	511
CD008122	norm_last_rel	0.102
CD008122	threshold	5000
CD008122	norm_threshold	1.0
CD008122	wss_100	0
CD008122	wss_95	0
CD008122	total_cost	4040.0
CD008122	norm_area	0.865
CD008122	ap	0.183
CD008122	recall_total	55.0
CD008122	recall_max	62.0
CD008122	recall_at_threshold	0.887
CD008122	recall_threshold	5000
CD008122	recall@10	0.032
CD008122	recall@20	0.065
CD008122	recall@30	0.097
CD008122	recall@40	0.113
CD008122	recall@50	0.145
CD008122	recall@100	0.371
CD008122	recall@200	0.597
CD008122	recall@300	0.806
CD008122	recall@400	0.855
CD008122	recall@500	0.871
CD008122	recall@1000	0.887
CD008122	recall@2000	0.887
CD008122	recall@3000	0.887
CD008122	recall@4000	0.887
CD008122	recall@5000	0.887
CD010213	num_shown	5000
CD010213	rels_found	11
CD010213	num_rels	40
CD010213	last_rel	1344
CD010213	norm_last_rel	0.269
CD010213	threshold	5000
CD010213	norm_threshold	1.0
CD010213	wss_100	0
CD010213	wss_95	0
CD010213	total_cost	5360.0
CD010213	norm_area	0.239
CD010213	ap	0.002
CD010213	recall_total	11.0
CD010213	recall_max	40.0
CD010213	recall_at_threshold	0.275
CD010213	recall_threshold	5000
CD010213	recall@10	0.0
CD010213	recall@20	0.0
CD010213	recall@30	0.0
CD010213	recall@40	0.0
CD010213	recall@50	0.0
CD010213	recall@100	0.0
CD010213	recall@200	0.0
CD010213	recall@300	0.0
CD010213	recall@400	0.025
CD010213	recall@500	0.05
CD010213	recall@1000	0.25
CD010213	recall@2000	0.275
CD010213	recall@3000	0.275
CD010213	recall@4000	0.275
CD010213	recall@5000	0.275
CD011431	num_shown	5000
CD011431	rels_found	32
CD011431	num_rels	34
CD011431	last_rel	513
CD011431	norm_last_rel	0.103
CD011431	threshold	5000
CD011431	norm_threshold	1.0
CD011431	wss_100	0
CD011431	wss_95	0.847
CD011431	total_cost	4400.0
CD011431	norm_area	0.924
CD011431	ap	0.198
CD011431	recall_total	32.0
CD011431	recall_max	34.0
CD011431	recall_at_threshold	0.941
CD011431	recall_threshold	5000
CD011431	recall@10	0.088
CD011431	recall@20	0.088
CD011431	recall@30	0.206
CD011431	recall@40	0.235
CD011431	recall@50	0.353
CD011431	recall@100	0.647
CD011431	recall@200	0.794
CD011431	recall@300	0.882
CD011431	recall@400	0.882
CD011431	recall@500	0.912
CD011431	recall@1000	0.941
CD011431	recall@2000	0.941
CD011431	recall@3000	0.941
CD011431	recall@4000	0.941
CD011431	recall@5000	0.941
CD011515	num_shown	5000
CD011515	rels_found	2
CD011515	num_rels	2
CD011515	last_rel	2464
CD011515	norm_last_rel	0.493
CD011515	threshold	5000
CD011515	norm_threshold	1.0
CD011515	wss_100	0.507
CD011515	wss_95	0.457
CD011515	total_cost	4960.0
CD011515	norm_area	0.547
CD011515	ap	0.001
CD011515	recall_total	2.0
CD011515	recall_max	2.0
CD011515	recall_at_threshold	1.0
CD011515	recall_threshold	5000
CD011515	recall@10	0.0
CD011515	recall@20	0.0
CD011515	recall@30	0.0
CD011515	recall@40	0.0
CD011515	recall@50	0.0
CD011515	recall@100	0.0
CD011515	recall@200	0.0
CD011515	recall@300	0.0
CD011515	recall@400	0.0
CD011515	recall@500	0.0
CD011515	recall@1000	0.0
CD011515	recall@2000	0.0
CD011515	recall@3000	1.0
CD011515	recall@4000	1.0
CD011515	recall@5000	1.0
CD011126	num_shown	5000
CD011126	rels_found	12
CD011126	num_rels	12
CD011126	last_rel	547
CD011126	norm_last_rel	0.109
CD011126	threshold	5000
CD011126	norm_threshold	1.0
CD011126	wss_100	0.891
CD011126	wss_95	0.92
CD011126	total_cost	4760.0
CD011126	norm_area	0.98
CD011126	ap	0.088
CD011126	recall_total	12.0
CD011126	recall_max	12.0
CD011126	recall_at_threshold	1.0
CD011126	recall_threshold	5000
CD011126	recall@10	0.083
CD011126	recall@20	0.083
CD011126	recall@30	0.167
CD011126	recall@40	0.167
CD011126	recall@50	0.417
CD011126	recall@100	0.75
CD011126	recall@200	0.917
CD011126	recall@300	0.917
CD011126	recall@400	0.917
CD011126	recall@500	0.917
CD011126	recall@1000	1.0
CD011126	recall@2000	1.0
CD011126	recall@3000	1.0
CD011126	recall@4000	1.0
CD011126	recall@5000	1.0
CD010502	num_shown	5000
CD010502	rels_found	61
CD010502	num_rels	82
CD010502	last_rel	922
CD010502	norm_last_rel	0.184
CD010502	threshold	5000
CD010502	norm_threshold	1.0
CD010502	wss_100	0
CD010502	wss_95	0
CD010502	total_cost	4200.0
CD010502	norm_area	0.725
CD010502	ap	0.148
CD010502	recall_total	61.0
CD010502	recall_max	82.0
CD010502	recall_at_threshold	0.744
CD010502	recall_threshold	5000
CD010502	recall@10	0.0
CD010502	recall@20	0.0
CD010502	recall@30	0.0
CD010502	recall@40	0.024
CD010502	recall@50	0.049
CD010502	recall@100	0.305
CD010502	recall@200	0.573
CD010502	recall@300	0.634
CD010502	recall@400	0.707
CD010502	recall@500	0.72
CD010502	recall@1000	0.744
CD010502	recall@2000	0.744
CD010502	recall@3000	0.744
CD010502	recall@4000	0.744
CD010502	recall@5000	0.744
CD008587	num_shown	5000
CD008587	rels_found	35
CD008587	num_rels	35
CD008587	last_rel	1062
CD008587	norm_last_rel	0.212
CD008587	threshold	5000
CD008587	norm_threshold	1.0
CD008587	wss_100	0.788
CD008587	wss_95	0.766
CD008587	total_cost	4300.0
CD008587	norm_area	0.925
CD008587	ap	0.069
CD008587	recall_total	35.0
CD008587	recall_max	35.0
CD008587	recall_at_threshold	1.0
CD008587	recall_threshold	5000
CD008587	recall@10	0.057
CD008587	recall@20	0.086
CD008587	recall@30	0.114
CD008587	recall@40	0.114
CD008587	recall@50	0.114
CD008587	recall@100	0.143
CD008587	recall@200	0.286
CD008587	recall@300	0.457
CD008587	recall@400	0.571
CD008587	recall@500	0.629
CD008587	recall@1000	0.943
CD008587	recall@2000	1.0
CD008587	recall@3000	1.0
CD008587	recall@4000	1.0
CD008587	recall@5000	1.0
CD008892	num_shown	5000
CD008892	rels_found	31
CD008892	num_rels	34
CD008892	last_rel	476
CD008892	norm_last_rel	0.095
CD008892	threshold	5000
CD008892	norm_threshold	1.0
CD008892	wss_100	0
CD008892	wss_95	0
CD008892	total_cost	4440.0
CD008892	norm_area	0.902
CD008892	ap	0.323
CD008892	recall_total	31.0
CD008892	recall_max	34.0
CD008892	recall_at_threshold	0.912
CD008892	recall_threshold	5000
CD008892	recall@10	0.088
CD008892	recall@20	0.235
CD008892	recall@30	0.353
CD008892	recall@40	0.5
CD008892	recall@50	0.559
CD008892	recall@100	0.676
CD008892	recall@200	0.882
CD008892	recall@300	0.882
CD008892	recall@400	0.882
CD008892	recall@500	0.912
CD008892	recall@1000	0.912
CD008892	recall@2000	0.912
CD008892	recall@3000	0.912
CD008892	recall@4000	0.912
CD008892	recall@5000	0.912
CD012179	num_shown	5000
CD012179	rels_found	93
CD012179	num_rels	127
CD012179	last_rel	2826
CD012179	norm_last_rel	0.565
CD012179	threshold	5000
CD012179	norm_threshold	1.0
CD012179	wss_100	0
CD012179	wss_95	0
CD012179	total_cost	3820.0
CD012179	norm_area	0.684
CD012179	ap	0.113
CD012179	recall_total	93.0
CD012179	recall_max	127.0
CD012179	recall_at_threshold	0.732
CD012179	recall_threshold	5000
CD012179	recall@10	0.0
CD012179	recall@20	0.0
CD012179	recall@30	0.0
CD012179	recall@40	0.0
CD012179	recall@50	0.008
CD012179	recall@100	0.134
CD012179	recall@200	0.315
CD012179	recall@300	0.417
CD012179	recall@400	0.496
CD012179	recall@500	0.528
CD012179	recall@1000	0.693
CD012179	recall@2000	0.717
CD012179	recall@3000	0.732
CD012179	recall@4000	0.732
CD012179	recall@5000	0.732
CD009694	num_shown	5000
CD009694	rels_found	10
CD009694	num_rels	10
CD009694	last_rel	52
CD009694	norm_last_rel	0.01
CD009694	threshold	5000
CD009694	norm_threshold	1.0
CD009694	wss_100	0.99
CD009694	wss_95	0.94
CD009694	total_cost	4800.0
CD009694	norm_area	0.998
CD009694	ap	0.492
CD009694	recall_total	10.0
CD009694	recall_max	10.0
CD009694	recall_at_threshold	1.0
CD009694	recall_threshold	5000
CD009694	recall@10	0.4
CD009694	recall@20	0.8
CD009694	recall@30	0.8
CD009694	recall@40	0.9
CD009694	recall@50	0.9
CD009694	recall@100	1.0
CD009694	recall@200	1.0
CD009694	recall@300	1.0
CD009694	recall@400	1.0
CD009694	recall@500	1.0
CD009694	recall@1000	1.0
CD009694	recall@2000	1.0
CD009694	recall@3000	1.0
CD009694	recall@4000	1.0
CD009694	recall@5000	1.0
CD011926	num_shown	5000
CD011926	rels_found	30
CD011926	num_rels	31
CD011926	last_rel	761
CD011926	norm_last_rel	0.152
CD011926	threshold	5000
CD011926	norm_threshold	1.0
CD011926	wss_100	0
CD011926	wss_95	0.838
CD011926	total_cost	4420.0
CD011926	norm_area	0.942
CD011926	ap	0.255
CD011926	recall_total	30.0
CD011926	recall_max	31.0
CD011926	recall_at_threshold	0.968
CD011926	recall_threshold	5000
CD011926	recall@10	0.065
CD011926	recall@20	0.194
CD011926	recall@30	0.419
CD011926	recall@40	0.452
CD011926	recall@50	0.484
CD011926	recall@100	0.613
CD011926	recall@200	0.71
CD011926	recall@300	0.774
CD011926	recall@400	0.839
CD011926	recall@500	0.871
CD011926	recall@1000	0.968
CD011926	recall@2000	0.968
CD011926	recall@3000	0.968
CD011926	recall@4000	0.968
CD011926	recall@5000	0.968
CD012009	num_shown	5000
CD012009	rels_found	4
CD012009	num_rels	4
CD012009	last_rel	1046
CD012009	norm_last_rel	0.209
CD012009	threshold	5000
CD012009	norm_threshold	1.0
CD012009	wss_100	0.791
CD012009	wss_95	0.741
CD012009	total_cost	4920.0
CD012009	norm_area	0.902
CD012009	ap	0.019
CD012009	recall_total	4.0
CD012009	recall_max	4.0
CD012009	recall_at_threshold	1.0
CD012009	recall_threshold	5000
CD012009	recall@10	0.0
CD012009	recall@20	0.25
CD012009	recall@30	0.25
CD012009	recall@40	0.25
CD012009	recall@50	0.25
CD012009	recall@100	0.25
CD012009	recall@200	0.25
CD012009	recall@300	0.25
CD012009	recall@400	0.25
CD012009	recall@500	0.75
CD012009	recall@1000	0.75
CD012009	recall@2000	1.0
CD012009	recall@3000	1.0
CD012009	recall@4000	1.0
CD012009	recall@5000	1.0
CD012165	num_shown	5000
CD012165	rels_found	33
CD012165	num_rels	52
CD012165	last_rel	2663
CD012165	norm_last_rel	0.533
CD012165	threshold	5000
CD012165	norm_threshold	1.0
CD012165	wss_100	0
CD012165	wss_95	0
CD012165	total_cost	4720.0
CD012165	norm_area	0.581
CD012165	ap	0.028
CD012165	recall_total	33.0
CD012165	recall_max	52.0
CD012165	recall_at_threshold	0.635
CD012165	recall_threshold	5000
CD012165	recall@10	0.0
CD012165	recall@20	0.0
CD012165	recall@30	0.0
CD012165	recall@40	0.0
CD012165	recall@50	0.0
CD012165	recall@100	0.0
CD012165	recall@200	0.154
CD012165	recall@300	0.308
CD012165	recall@400	0.442
CD012165	recall@500	0.5
CD012165	recall@1000	0.577
CD012165	recall@2000	0.615
CD012165	recall@3000	0.635
CD012165	recall@4000	0.635
CD012165	recall@5000	0.635
CD011420	num_shown	5000
CD011420	rels_found	4
CD011420	num_rels	8
CD011420	last_rel	88
CD011420	norm_last_rel	0.018
CD011420	threshold	5000
CD011420	norm_threshold	1.0
CD011420	wss_100	0
CD011420	wss_95	0
CD011420	total_cost	5000.0
CD011420	norm_area	0.495
CD011420	ap	0.022
CD011420	recall_total	4.0
CD011420	recall_max	8.0
CD011420	recall_at_threshold	0.5
CD011420	recall_threshold	5000
CD011420	recall@10	0.0
CD011420	recall@20	0.0
CD011420	recall@30	0.0
CD011420	recall@40	0.0
CD011420	recall@50	0.375
CD011420	recall@100	0.5
CD011420	recall@200	0.5
CD011420	recall@300	0.5
CD011420	recall@400	0.5
CD011420	recall@500	0.5
CD011420	recall@1000	0.5
CD011420	recall@2000	0.5
CD011420	recall@3000	0.5
CD011420	recall@4000	0.5
CD011420	recall@5000	0.5
CD012599	num_shown	5000
CD012599	rels_found	17
CD012599	num_rels	19
CD012599	last_rel	437
CD012599	norm_last_rel	0.087
CD012599	threshold	5000
CD012599	norm_threshold	1.0
CD012599	wss_100	0
CD012599	wss_95	0
CD012599	total_cost	4700.0
CD012599	norm_area	0.866
CD012599	ap	0.05
CD012599	recall_total	17.0
CD012599	recall_max	19.0
CD012599	recall_at_threshold	0.895
CD012599	recall_threshold	5000
CD012599	recall@10	0.0
CD012599	recall@20	0.0
CD012599	recall@30	0.105
CD012599	recall@40	0.158
CD012599	recall@50	0.158
CD012599	recall@100	0.263
CD012599	recall@200	0.579
CD012599	recall@300	0.789
CD012599	recall@400	0.842
CD012599	recall@500	0.895
CD012599	recall@1000	0.895
CD012599	recall@2000	0.895
CD012599	recall@3000	0.895
CD012599	recall@4000	0.895
CD012599	recall@5000	0.895
CD011686	num_shown	5000
CD011686	rels_found	3
CD011686	num_rels	3
CD011686	last_rel	1544
CD011686	norm_last_rel	0.309
CD011686	threshold	5000
CD011686	norm_threshold	1.0
CD011686	wss_100	0.691
CD011686	wss_95	0.641
CD011686	total_cost	4940.0
CD011686	norm_area	0.849
CD011686	ap	0.007
CD011686	recall_total	3.0
CD011686	recall_max	3.0
CD011686	recall_at_threshold	1.0
CD011686	recall_threshold	5000
CD011686	recall@10	0.0
CD011686	recall@20	0.0
CD011686	recall@30	0.0
CD011686	recall@40	0.0
CD011686	recall@50	0.0
CD011686	recall@100	0.333
CD011686	recall@200	0.333
CD011686	recall@300	0.333
CD011686	recall@400	0.333
CD011686	recall@500	0.333
CD011686	recall@1000	0.667
CD011686	recall@2000	1.0
CD011686	recall@3000	1.0
CD011686	recall@4000	1.0
CD011686	recall@5000	1.0
ALL	num_shown	150000
ALL	rels_found	619
ALL	num_rels	759
ALL	last_rel	1083.0
ALL	norm_last_rel	0.217
ALL	threshold	5000.0
ALL	norm_threshold	1.0
ALL	wss_100	0.315
ALL	wss_95	0.358
ALL	total_cost	4681.0
ALL	norm_area	0.734
ALL	ap	0.113
ALL	recall_total	21.0
ALL	recall_max	25.0
ALL	recall_at_threshold	0.816
ALL	recall_threshold	5000.0
ALL	recall@10	0.042
ALL	recall@20	0.074
ALL	recall@30	0.124
ALL	recall@40	0.148
ALL	recall@50	0.188
ALL	recall@100	0.341
ALL	recall@200	0.51
ALL	recall@300	0.61
ALL	recall@400	0.66
ALL	recall@500	0.693
ALL	recall@1000	0.787
ALL	recall@2000	0.802
ALL	recall@3000	0.813
ALL	recall@4000	0.814
ALL	recall@5000	0.816
