ALL	num_shown	150000
ALL	rels_found	619
ALL	num_rels	759
ALL	last_rel	1083.0
ALL	norm_last_rel	0.217
ALL	threshold	1000.0
ALL	norm_threshold	0.2
ALL	wss_100	0.315
ALL	wss_95	0.358
ALL	total_cost	725.0
ALL	norm_area	0.734
ALL	ap	0.113
ALL	recall_total	21.0
ALL	recall_max	25.0
ALL	recall_at_threshold	0.787
ALL	recall_threshold	1000.0
ALL	recall@10	0.042
ALL	recall@20	0.074
ALL	recall@30	0.124
ALL	recall@40	0.148
ALL	recall@50	0.188
ALL	recall@100	0.341
ALL	recall@200	0.51
ALL	recall@300	0.61
ALL	recall@400	0.66
ALL	recall@500	0.693
ALL	recall@1000	0.787
ALL	recall@2000	0.802
ALL	recall@3000	0.813
ALL	recall@4000	0.814
ALL	recall@5000	0.816
