ALL	num_shown	150000
ALL	rels_found	727
ALL	num_rels	759
ALL	last_rel	1124.0
ALL	norm_last_rel	0.225
ALL	threshold	3559.0
ALL	norm_threshold	0.712
ALL	wss_100	0.425
ALL	wss_95	0.635
ALL	total_cost	3106.0
ALL	norm_area	0.898
ALL	ap	0.124
ALL	recall_total	24.0
ALL	recall_max	25.0
ALL	recall_at_threshold	0.951
ALL	recall_threshold	3559.467
ALL	recall@10	0.045
ALL	recall@20	0.095
ALL	recall@30	0.15
ALL	recall@40	0.203
ALL	recall@50	0.256
ALL	recall@100	0.428
ALL	recall@200	0.592
ALL	recall@300	0.693
ALL	recall@400	0.771
ALL	recall@500	0.806
ALL	recall@1000	0.912
ALL	recall@2000	0.947
ALL	recall@3000	0.953
ALL	recall@4000	0.955
ALL	recall@5000	0.958
