CD008122	num_shown	5000
CD008122	rels_found	59
CD008122	num_rels	62
CD008122	last_rel	584
CD008122	norm_last_rel	0.117
CD008122	threshold	1105
CD008122	norm_threshold	0.221
CD008122	wss_100	0
CD008122	wss_95	0.833
CD008122	total_cost	-15.0
CD008122	norm_area	0.927
CD008122	ap	0.215
CD008122	recall_total	59.0
CD008122	recall_max	62.0
CD008122	recall_at_threshold	0.952
CD008122	recall_threshold	1105
CD008122	recall@10	0.016
CD008122	recall@20	0.081
CD008122	recall@30	0.097
CD008122	recall@40	0.161
CD008122	recall@50	0.21
CD008122	recall@100	0.371
CD008122	recall@200	0.677
CD008122	recall@300	0.855
CD008122	recall@400	0.871
CD008122	recall@500	0.903
CD008122	recall@1000	0.952
CD008122	recall@2000	0.952
CD008122	recall@3000	0.952
CD008122	recall@4000	0.952
CD008122	recall@5000	0.952
CD008587	num_shown	5000
CD008587	rels_found	35
CD008587	num_rels	35
CD008587	last_rel	1925
CD008587	norm_last_rel	0.385
CD008587	threshold	5000
CD008587	norm_threshold	1.0
CD008587	wss_100	0.615
CD008587	wss_95	0.782
CD008587	total_cost	4300.0
CD008587	norm_area	0.905
CD008587	ap	0.038
CD008587	recall_total	35.0
CD008587	recall_max	35.0
CD008587	recall_at_threshold	1.0
CD008587	recall_threshold	5000
CD008587	recall@10	0.0
CD008587	recall@20	0.0
CD008587	recall@30	0.0
CD008587	recall@40	0.0
CD008587	recall@50	0.0
CD008587	recall@100	0.029
CD008587	recall@200	0.2
CD008587	recall@300	0.343
CD008587	recall@400	0.514
CD008587	recall@500	0.629
CD008587	recall@1000	0.943
CD008587	recall@2000	1.0
CD008587	recall@3000	1.0
CD008587	recall@4000	1.0
CD008587	recall@5000	1.0
CD008759	num_shown	5000
CD008759	rels_found	48
CD008759	num_rels	52
CD008759	last_rel	823
CD008759	norm_last_rel	0.165
CD008759	threshold	3144
CD008759	norm_threshold	0.629
CD008759	wss_100	0
CD008759	wss_95	0
CD008759	total_cost	2264.0
CD008759	norm_area	0.907
CD008759	ap	0.32
CD008759	recall_total	48.0
CD008759	recall_max	52.0
CD008759	recall_at_threshold	0.923
CD008759	recall_threshold	3144
CD008759	recall@10	0.077
CD008759	recall@20	0.192
CD008759	recall@30	0.25
CD008759	recall@40	0.288
CD008759	recall@50	0.346
CD008759	recall@100	0.596
CD008759	recall@200	0.808
CD008759	recall@300	0.827
CD008759	recall@400	0.865
CD008759	recall@500	0.904
CD008759	recall@1000	0.923
CD008759	recall@2000	0.923
CD008759	recall@3000	0.923
CD008759	recall@4000	0.923
CD008759	recall@5000	0.923
CD008892	num_shown	5000
CD008892	rels_found	33
CD008892	num_rels	34
CD008892	last_rel	378
CD008892	norm_last_rel	0.076
CD008892	threshold	5000
CD008892	norm_threshold	1.0
CD008892	wss_100	0
CD008892	wss_95	0.886
CD008892	total_cost	4360.0
CD008892	norm_area	0.957
CD008892	ap	0.212
CD008892	recall_total	33.0
CD008892	recall_max	34.0
CD008892	recall_at_threshold	0.971
CD008892	recall_threshold	5000
CD008892	recall@10	0.0
CD008892	recall@20	0.0
CD008892	recall@30	0.0
CD008892	recall@40	0.088
CD008892	recall@50	0.353
CD008892	recall@100	0.794
CD008892	recall@200	0.882
CD008892	recall@300	0.912
CD008892	recall@400	0.971
CD008892	recall@500	0.971
CD008892	recall@1000	0.971
CD008892	recall@2000	0.971
CD008892	recall@3000	0.971
CD008892	recall@4000	0.971
CD008892	recall@5000	0.971
CD009175	num_shown	5000
CD009175	rels_found	7
CD009175	num_rels	7
CD009175	last_rel	95
CD009175	norm_last_rel	0.019
CD009175	threshold	5000
CD009175	norm_threshold	1.0
CD009175	wss_100	0.981
CD009175	wss_95	0.931
CD009175	total_cost	4860.0
CD009175	norm_area	0.992
CD009175	ap	0.095
CD009175	recall_total	7.0
CD009175	recall_max	7.0
CD009175	recall_at_threshold	1.0
CD009175	recall_threshold	5000
CD009175	recall@10	0.0
CD009175	recall@20	0.286
CD009175	recall@30	0.286
CD009175	recall@40	0.571
CD009175	recall@50	0.714
CD009175	recall@100	1.0
CD009175	recall@200	1.0
CD009175	recall@300	1.0
CD009175	recall@400	1.0
CD009175	recall@500	1.0
CD009175	recall@1000	1.0
CD009175	recall@2000	1.0
CD009175	recall@3000	1.0
CD009175	recall@4000	1.0
CD009175	recall@5000	1.0
CD009263	num_shown	5000
CD009263	rels_found	10
CD009263	num_rels	11
CD009263	last_rel	631
CD009263	norm_last_rel	0.126
CD009263	threshold	5000
CD009263	norm_threshold	1.0
CD009263	wss_100	0
CD009263	wss_95	0.824
CD009263	total_cost	4820.0
CD009263	norm_area	0.865
CD009263	ap	0.122
CD009263	recall_total	10.0
CD009263	recall_max	11.0
CD009263	recall_at_threshold	0.909
CD009263	recall_threshold	5000
CD009263	recall@10	0.091
CD009263	recall@20	0.182
CD009263	recall@30	0.182
CD009263	recall@40	0.182
CD009263	recall@50	0.182
CD009263	recall@100	0.182
CD009263	recall@200	0.636
CD009263	recall@300	0.636
CD009263	recall@400	0.636
CD009263	recall@500	0.636
CD009263	recall@1000	0.909
CD009263	recall@2000	0.909
CD009263	recall@3000	0.909
CD009263	recall@4000	0.909
CD009263	recall@5000	0.909
CD009694	num_shown	5000
CD009694	rels_found	9
CD009694	num_rels	10
CD009694	last_rel	58
CD009694	norm_last_rel	0.012
CD009694	threshold	5000
CD009694	norm_threshold	1.0
CD009694	wss_100	0
CD009694	wss_95	0
CD009694	total_cost	4840.0
CD009694	norm_area	0.897
CD009694	ap	0.192
CD009694	recall_total	9.0
CD009694	recall_max	10.0
CD009694	recall_at_threshold	0.9
CD009694	recall_threshold	5000
CD009694	recall@10	0.0
CD009694	recall@20	0.5
CD009694	recall@30	0.8
CD009694	recall@40	0.8
CD009694	recall@50	0.8
CD009694	recall@100	0.9
CD009694	recall@200	0.9
CD009694	recall@300	0.9
CD009694	recall@400	0.9
CD009694	recall@500	0.9
CD009694	recall@1000	0.9
CD009694	recall@2000	0.9
CD009694	recall@3000	0.9
CD009694	recall@4000	0.9
CD009694	recall@5000	0.9
CD010213	num_shown	5000
CD010213	rels_found	38
CD010213	num_rels	40
CD010213	last_rel	2534
CD010213	norm_last_rel	0.507
CD010213	threshold	4251
CD010213	norm_threshold	0.85
CD010213	wss_100	0
CD010213	wss_95	0.443
CD010213	total_cost	3531.0
CD010213	norm_area	0.807
CD010213	ap	0.033
CD010213	recall_total	38.0
CD010213	recall_max	40.0
CD010213	recall_at_threshold	0.95
CD010213	recall_threshold	4251
CD010213	recall@10	0.0
CD010213	recall@20	0.025
CD010213	recall@30	0.05
CD010213	recall@40	0.05
CD010213	recall@50	0.05
CD010213	recall@100	0.15
CD010213	recall@200	0.225
CD010213	recall@300	0.25
CD010213	recall@400	0.325
CD010213	recall@500	0.325
CD010213	recall@1000	0.7
CD010213	recall@2000	0.9
CD010213	recall@3000	0.95
CD010213	recall@4000	0.95
CD010213	recall@5000	0.95
CD010296	num_shown	5000
CD010296	rels_found	38
CD010296	num_rels	38
CD010296	last_rel	176
CD010296	norm_last_rel	0.035
CD010296	threshold	1105
CD010296	norm_threshold	0.221
CD010296	wss_100	0.965
CD010296	wss_95	0.932
CD010296	total_cost	345.0
CD010296	norm_area	0.996
CD010296	ap	0.602
CD010296	recall_total	38.0
CD010296	recall_max	38.0
CD010296	recall_at_threshold	1.0
CD010296	recall_threshold	1105
CD010296	recall@10	0.211
CD010296	recall@20	0.395
CD010296	recall@30	0.474
CD010296	recall@40	0.579
CD010296	recall@50	0.684
CD010296	recall@100	0.947
CD010296	recall@200	1.0
CD010296	recall@300	1.0
CD010296	recall@400	1.0
CD010296	recall@500	1.0
CD010296	recall@1000	1.0
CD010296	recall@2000	1.0
CD010296	recall@3000	1.0
CD010296	recall@4000	1.0
CD010296	recall@5000	1.0
CD010502	num_shown	5000
CD010502	rels_found	75
CD010502	num_rels	82
CD010502	last_rel	4565
CD010502	norm_last_rel	0.913
CD010502	threshold	886
CD010502	norm_threshold	0.177
CD010502	wss_100	0
CD010502	wss_95	0
CD010502	total_cost	-414.0
CD010502	norm_area	0.881
CD010502	ap	0.281
CD010502	recall_total	75.0
CD010502	recall_max	82.0
CD010502	recall_at_threshold	0.902
CD010502	recall_threshold	886
CD010502	recall@10	0.061
CD010502	recall@20	0.073
CD010502	recall@30	0.11
CD010502	recall@40	0.146
CD010502	recall@50	0.159
CD010502	recall@100	0.378
CD010502	recall@200	0.659
CD010502	recall@300	0.756
CD010502	recall@400	0.817
CD010502	recall@500	0.866
CD010502	recall@1000	0.902
CD010502	recall@2000	0.902
CD010502	recall@3000	0.902
CD010502	recall@4000	0.902
CD010502	recall@5000	0.915
CD010657	num_shown	5000
CD010657	rels_found	37
CD010657	num_rels	37
CD010657	last_rel	681
CD010657	norm_last_rel	0.136
CD010657	threshold	1526
CD010657	norm_threshold	0.305
CD010657	wss_100	0.864
CD010657	wss_95	0.838
CD010657	total_cost	786.0
CD010657	norm_area	0.97
CD010657	ap	0.174
CD010657	recall_total	37.0
CD010657	recall_max	37.0
CD010657	recall_at_threshold	1.0
CD010657	recall_threshold	1526
CD010657	recall@10	0.081
CD010657	recall@20	0.108
CD010657	recall@30	0.189
CD010657	recall@40	0.216
CD010657	recall@50	0.27
CD010657	recall@100	0.405
CD010657	recall@200	0.73
CD010657	recall@300	0.811
CD010657	recall@400	0.865
CD010657	recall@500	0.919
CD010657	recall@1000	1.0
CD010657	recall@2000	1.0
CD010657	recall@3000	1.0
CD010657	recall@4000	1.0
CD010657	recall@5000	1.0
CD010680	num_shown	5000
CD010680	rels_found	1
CD010680	num_rels	1
CD010680	last_rel	98
CD010680	norm_last_rel	0.02
CD010680	threshold	5000
CD010680	norm_threshold	1.0
CD010680	wss_100	0.98
CD010680	wss_95	0.93
CD010680	total_cost	4980.0
CD010680	norm_area	0.981
CD010680	ap	0.01
CD010680	recall_total	1.0
CD010680	recall_max	1.0
CD010680	recall_at_threshold	1.0
CD010680	recall_threshold	5000
CD010680	recall@10	0.0
CD010680	recall@20	0.0
CD010680	recall@30	0.0
CD010680	recall@40	0.0
CD010680	recall@50	0.0
CD010680	recall@100	1.0
CD010680	recall@200	1.0
CD010680	recall@300	1.0
CD010680	recall@400	1.0
CD010680	recall@500	1.0
CD010680	recall@1000	1.0
CD010680	recall@2000	1.0
CD010680	recall@3000	1.0
CD010680	recall@4000	1.0
CD010680	recall@5000	1.0
CD010864	num_shown	5000
CD010864	rels_found	3
CD010864	num_rels	3
CD010864	last_rel	274
CD010864	norm_last_rel	0.055
CD010864	threshold	5000
CD010864	norm_threshold	1.0
CD010864	wss_100	0.945
CD010864	wss_95	0.895
CD010864	total_cost	4940.0
CD010864	norm_area	0.959
CD010864	ap	0.009
CD010864	recall_total	3.0
CD010864	recall_max	3.0
CD010864	recall_at_threshold	1.0
CD010864	recall_threshold	5000
CD010864	recall@10	0.0
CD010864	recall@20	0.0
CD010864	recall@30	0.0
CD010864	recall@40	0.0
CD010864	recall@50	0.0
CD010864	recall@100	0.0
CD010864	recall@200	0.333
CD010864	recall@300	1.0
CD010864	recall@400	1.0
CD010864	recall@500	1.0
CD010864	recall@1000	1.0
CD010864	recall@2000	1.0
CD010864	recall@3000	1.0
CD010864	recall@4000	1.0
CD010864	recall@5000	1.0
CD011053	num_shown	5000
CD011053	rels_found	9
CD011053	num_rels	9
CD011053	last_rel	313
CD011053	norm_last_rel	0.063
CD011053	threshold	3846
CD011053	norm_threshold	0.769
CD011053	wss_100	0.937
CD011053	wss_95	0.887
CD011053	total_cost	3666.0
CD011053	norm_area	0.973
CD011053	ap	0.038
CD011053	recall_total	9.0
CD011053	recall_max	9.0
CD011053	recall_at_threshold	1.0
CD011053	recall_threshold	3846
CD011053	recall@10	0.0
CD011053	recall@20	0.0
CD011053	recall@30	0.111
CD011053	recall@40	0.111
CD011053	recall@50	0.111
CD011053	recall@100	0.444
CD011053	recall@200	0.778
CD011053	recall@300	0.889
CD011053	recall@400	1.0
CD011053	recall@500	1.0
CD011053	recall@1000	1.0
CD011053	recall@2000	1.0
CD011053	recall@3000	1.0
CD011053	recall@4000	1.0
CD011053	recall@5000	1.0
CD011126	num_shown	5000
CD011126	rels_found	12
CD011126	num_rels	12
CD011126	last_rel	698
CD011126	norm_last_rel	0.14
CD011126	threshold	5000
CD011126	norm_threshold	1.0
CD011126	wss_100	0.86
CD011126	wss_95	0.898
CD011126	total_cost	4760.0
CD011126	norm_area	0.976
CD011126	ap	0.113
CD011126	recall_total	12.0
CD011126	recall_max	12.0
CD011126	recall_at_threshold	1.0
CD011126	recall_threshold	5000
CD011126	recall@10	0.083
CD011126	recall@20	0.083
CD011126	recall@30	0.25
CD011126	recall@40	0.5
CD011126	recall@50	0.5
CD011126	recall@100	0.75
CD011126	recall@200	0.833
CD011126	recall@300	0.917
CD011126	recall@400	0.917
CD011126	recall@500	0.917
CD011126	recall@1000	1.0
CD011126	recall@2000	1.0
CD011126	recall@3000	1.0
CD011126	recall@4000	1.0
CD011126	recall@5000	1.0
CD011420	num_shown	5000
CD011420	rels_found	4
CD011420	num_rels	8
CD011420	last_rel	32
CD011420	norm_last_rel	0.006
CD011420	threshold	1105
CD011420	norm_threshold	0.221
CD011420	wss_100	0
CD011420	wss_95	0
CD011420	total_cost	1105.0
CD011420	norm_area	0.499
CD011420	ap	0.079
CD011420	recall_total	4.0
CD011420	recall_max	8.0
CD011420	recall_at_threshold	0.5
CD011420	recall_threshold	1105
CD011420	recall@10	0.25
CD011420	recall@20	0.25
CD011420	recall@30	0.375
CD011420	recall@40	0.5
CD011420	recall@50	0.5
CD011420	recall@100	0.5
CD011420	recall@200	0.5
CD011420	recall@300	0.5
CD011420	recall@400	0.5
CD011420	recall@500	0.5
CD011420	recall@1000	0.5
CD011420	recall@2000	0.5
CD011420	recall@3000	0.5
CD011420	recall@4000	0.5
CD011420	recall@5000	0.5
CD011431	num_shown	5000
CD011431	rels_found	32
CD011431	num_rels	34
CD011431	last_rel	386
CD011431	norm_last_rel	0.077
CD011431	threshold	1372
CD011431	norm_threshold	0.274
CD011431	wss_100	0
CD011431	wss_95	0.873
CD011431	total_cost	772.0
CD011431	norm_area	0.923
CD011431	ap	0.171
CD011431	recall_total	32.0
CD011431	recall_max	34.0
CD011431	recall_at_threshold	0.941
CD011431	recall_threshold	1372
CD011431	recall@10	0.059
CD011431	recall@20	0.088
CD011431	recall@30	0.176
CD011431	recall@40	0.235
CD011431	recall@50	0.324
CD011431	recall@100	0.588
CD011431	recall@200	0.765
CD011431	recall@300	0.853
CD011431	recall@400	0.941
CD011431	recall@500	0.941
CD011431	recall@1000	0.941
CD011431	recall@2000	0.941
CD011431	recall@3000	0.941
CD011431	recall@4000	0.941
CD011431	recall@5000	0.941
CD011515	num_shown	5000
CD011515	rels_found	2
CD011515	num_rels	2
CD011515	last_rel	359
CD011515	norm_last_rel	0.072
CD011515	threshold	3144
CD011515	norm_threshold	0.629
CD011515	wss_100	0.928
CD011515	wss_95	0.878
CD011515	total_cost	3104.0
CD011515	norm_area	0.961
CD011515	ap	0.019
CD011515	recall_total	2.0
CD011515	recall_max	2.0
CD011515	recall_at_threshold	1.0
CD011515	recall_threshold	3144
CD011515	recall@10	0.0
CD011515	recall@20	0.0
CD011515	recall@30	0.5
CD011515	recall@40	0.5
CD011515	recall@50	0.5
CD011515	recall@100	0.5
CD011515	recall@200	0.5
CD011515	recall@300	0.5
CD011515	recall@400	1.0
CD011515	recall@500	1.0
CD011515	recall@1000	1.0
CD011515	recall@2000	1.0
CD011515	recall@3000	1.0
CD011515	recall@4000	1.0
CD011515	recall@5000	1.0
CD011602	num_shown	5000
CD011602	rels_found	1
CD011602	num_rels	1
CD011602	last_rel	1358
CD011602	norm_last_rel	0.272
CD011602	threshold	5000
CD011602	norm_threshold	1.0
CD011602	wss_100	0.728
CD011602	wss_95	0.678
CD011602	total_cost	4980.0
CD011602	norm_area	0.729
CD011602	ap	0.001
CD011602	recall_total	1.0
CD011602	recall_max	1.0
CD011602	recall_at_threshold	1.0
CD011602	recall_threshold	5000
CD011602	recall@10	0.0
CD011602	recall@20	0.0
CD011602	recall@30	0.0
CD011602	recall@40	0.0
CD011602	recall@50	0.0
CD011602	recall@100	0.0
CD011602	recall@200	0.0
CD011602	recall@300	0.0
CD011602	recall@400	0.0
CD011602	recall@500	0.0
CD011602	recall@1000	0.0
CD011602	recall@2000	1.0
CD011602	recall@3000	1.0
CD011602	recall@4000	1.0
CD011602	recall@5000	1.0
CD011686	num_shown	5000
CD011686	rels_found	3
CD011686	num_rels	3
CD011686	last_rel	146
CD011686	norm_last_rel	0.029
CD011686	threshold	5000
CD011686	norm_threshold	1.0
CD011686	wss_100	0.971
CD011686	wss_95	0.921
CD011686	total_cost	4940.0
CD011686	norm_area	0.978
CD011686	ap	0.018
CD011686	recall_total	3.0
CD011686	recall_max	3.0
CD011686	recall_at_threshold	1.0
CD011686	recall_threshold	5000
CD011686	recall@10	0.0
CD011686	recall@20	0.0
CD011686	recall@30	0.0
CD011686	recall@40	0.0
CD011686	recall@50	0.0
CD011686	recall@100	0.333
CD011686	recall@200	1.0
CD011686	recall@300	1.0
CD011686	recall@400	1.0
CD011686	recall@500	1.0
CD011686	recall@1000	1.0
CD011686	recall@2000	1.0
CD011686	recall@3000	1.0
CD011686	recall@4000	1.0
CD011686	recall@5000	1.0
CD011912	num_shown	5000
CD011912	rels_found	17
CD011912	num_rels	18
CD011912	last_rel	120
CD011912	norm_last_rel	0.024
CD011912	threshold	2316
CD011912	norm_threshold	0.463
CD011912	wss_100	0
CD011912	wss_95	0.926
CD011912	total_cost	1996.0
CD011912	norm_area	0.938
CD011912	ap	0.193
CD011912	recall_total	17.0
CD011912	recall_max	18.0
CD011912	recall_at_threshold	0.944
CD011912	recall_threshold	2316
CD011912	recall@10	0.0
CD011912	recall@20	0.111
CD011912	recall@30	0.333
CD011912	recall@40	0.556
CD011912	recall@50	0.722
CD011912	recall@100	0.889
CD011912	recall@200	0.944
CD011912	recall@300	0.944
CD011912	recall@400	0.944
CD011912	recall@500	0.944
CD011912	recall@1000	0.944
CD011912	recall@2000	0.944
CD011912	recall@3000	0.944
CD011912	recall@4000	0.944
CD011912	recall@5000	0.944
CD011926	num_shown	5000
CD011926	rels_found	31
CD011926	num_rels	31
CD011926	last_rel	2699
CD011926	norm_last_rel	0.54
CD011926	threshold	5000
CD011926	norm_threshold	1.0
CD011926	wss_100	0.46
CD011926	wss_95	0.866
CD011926	total_cost	4380.0
CD011926	norm_area	0.96
CD011926	ap	0.205
CD011926	recall_total	31.0
CD011926	recall_max	31.0
CD011926	recall_at_threshold	1.0
CD011926	recall_threshold	5000
CD011926	recall@10	0.0
CD011926	recall@20	0.097
CD011926	recall@30	0.29
CD011926	recall@40	0.419
CD011926	recall@50	0.548
CD011926	recall@100	0.677
CD011926	recall@200	0.774
CD011926	recall@300	0.806
CD011926	recall@400	0.903
CD011926	recall@500	0.935
CD011926	recall@1000	0.968
CD011926	recall@2000	0.968
CD011926	recall@3000	1.0
CD011926	recall@4000	1.0
CD011926	recall@5000	1.0
CD012009	num_shown	5000
CD012009	rels_found	4
CD012009	num_rels	4
CD012009	last_rel	154
CD012009	norm_last_rel	0.031
CD012009	threshold	1883
CD012009	norm_threshold	0.377
CD012009	wss_100	0.969
CD012009	wss_95	0.919
CD012009	total_cost	1803.0
CD012009	norm_area	0.99
CD012009	ap	0.12
CD012009	recall_total	4.0
CD012009	recall_max	4.0
CD012009	recall_at_threshold	1.0
CD012009	recall_threshold	1883
CD012009	recall@10	0.25
CD012009	recall@20	0.25
CD012009	recall@30	0.75
CD012009	recall@40	0.75
CD012009	recall@50	0.75
CD012009	recall@100	0.75
CD012009	recall@200	1.0
CD012009	recall@300	1.0
CD012009	recall@400	1.0
CD012009	recall@500	1.0
CD012009	recall@1000	1.0
CD012009	recall@2000	1.0
CD012009	recall@3000	1.0
CD012009	recall@4000	1.0
CD012009	recall@5000	1.0
CD012010	num_shown	5000
CD012010	rels_found	8
CD012010	num_rels	9
CD012010	last_rel	656
CD012010	norm_last_rel	0.131
CD012010	threshold	2316
CD012010	norm_threshold	0.463
CD012010	wss_100	0
CD012010	wss_95	0
CD012010	total_cost	2176.0
CD012010	norm_area	0.863
CD012010	ap	0.093
CD012010	recall_total	8.0
CD012010	recall_max	9.0
CD012010	recall_at_threshold	0.889
CD012010	recall_threshold	2316
CD012010	recall@10	0.111
CD012010	recall@20	0.222
CD012010	recall@30	0.444
CD012010	recall@40	0.444
CD012010	recall@50	0.556
CD012010	recall@100	0.667
CD012010	recall@200	0.667
CD012010	recall@300	0.667
CD012010	recall@400	0.778
CD012010	recall@500	0.778
CD012010	recall@1000	0.889
CD012010	recall@2000	0.889
CD012010	recall@3000	0.889
CD012010	recall@4000	0.889
CD012010	recall@5000	0.889
CD012083	num_shown	5000
CD012083	rels_found	6
CD012083	num_rels	7
CD012083	last_rel	300
CD012083	norm_last_rel	0.06
CD012083	threshold	5000
CD012083	norm_threshold	1.0
CD012083	wss_100	0
CD012083	wss_95	0
CD012083	total_cost	4900.0
CD012083	norm_area	0.815
CD012083	ap	0.011
CD012083	recall_total	6.0
CD012083	recall_max	7.0
CD012083	recall_at_threshold	0.857
CD012083	recall_threshold	5000
CD012083	recall@10	0.0
CD012083	recall@20	0.0
CD012083	recall@30	0.0
CD012083	recall@40	0.0
CD012083	recall@50	0.0
CD012083	recall@100	0.0
CD012083	recall@200	0.0
CD012083	recall@300	0.857
CD012083	recall@400	0.857
CD012083	recall@500	0.857
CD012083	recall@1000	0.857
CD012083	recall@2000	0.857
CD012083	recall@3000	0.857
CD012083	recall@4000	0.857
CD012083	recall@5000	0.857
CD012165	num_shown	5000
CD012165	rels_found	51
CD012165	num_rels	52
CD012165	last_rel	3847
CD012165	norm_last_rel	0.769
CD012165	threshold	2089
CD012165	norm_threshold	0.418
CD012165	wss_100	0
CD012165	wss_95	0.771
CD012165	total_cost	1149.0
CD012165	norm_area	0.911
CD012165	ap	0.1
CD012165	recall_total	51.0
CD012165	recall_max	52.0
CD012165	recall_at_threshold	0.962
CD012165	recall_threshold	2089
CD012165	recall@10	0.0
CD012165	recall@20	0.0
CD012165	recall@30	0.0
CD012165	recall@40	0.077
CD012165	recall@50	0.115
CD012165	recall@100	0.269
CD012165	recall@200	0.404
CD012165	recall@300	0.596
CD012165	recall@400	0.75
CD012165	recall@500	0.788
CD012165	recall@1000	0.942
CD012165	recall@2000	0.962
CD012165	recall@3000	0.962
CD012165	recall@4000	0.981
CD012165	recall@5000	0.981
CD012179	num_shown	5000
CD012179	rels_found	126
CD012179	num_rels	127
CD012179	last_rel	3551
CD012179	norm_last_rel	0.71
CD012179	threshold	1696
CD012179	norm_threshold	0.339
CD012179	wss_100	0
CD012179	wss_95	0.676
CD012179	total_cost	-624.0
CD012179	norm_area	0.917
CD012179	ap	0.237
CD012179	recall_total	126.0
CD012179	recall_max	127.0
CD012179	recall_at_threshold	0.969
CD012179	recall_threshold	1696
CD012179	recall@10	0.039
CD012179	recall@20	0.055
CD012179	recall@30	0.079
CD012179	recall@40	0.102
CD012179	recall@50	0.134
CD012179	recall@100	0.276
CD012179	recall@200	0.378
CD012179	recall@300	0.528
CD012179	recall@400	0.661
CD012179	recall@500	0.732
CD012179	recall@1000	0.89
CD012179	recall@2000	0.976
CD012179	recall@3000	0.984
CD012179	recall@4000	0.992
CD012179	recall@5000	0.992
CD012216	num_shown	5000
CD012216	rels_found	1
CD012216	num_rels	1
CD012216	last_rel	856
CD012216	norm_last_rel	0.171
CD012216	threshold	5000
CD012216	norm_threshold	1.0
CD012216	wss_100	0.829
CD012216	wss_95	0.779
CD012216	total_cost	4980.0
CD012216	norm_area	0.829
CD012216	ap	0.001
CD012216	recall_total	1.0
CD012216	recall_max	1.0
CD012216	recall_at_threshold	1.0
CD012216	recall_threshold	5000
CD012216	recall@10	0.0
CD012216	recall@20	0.0
CD012216	recall@30	0.0
CD012216	recall@40	0.0
CD012216	recall@50	0.0
CD012216	recall@100	0.0
CD012216	recall@200	0.0
CD012216	recall@300	0.0
CD012216	recall@400	0.0
CD012216	recall@500	0.0
CD012216	recall@1000	1.0
CD012216	recall@2000	1.0
CD012216	recall@3000	1.0
CD012216	recall@4000	1.0
CD012216	recall@5000	1.0
CD012281	num_shown	5000
CD012281	rels_found	10
CD012281	num_rels	10
CD012281	last_rel	1373
CD012281	norm_last_rel	0.275
CD012281	threshold	5000
CD012281	norm_threshold	1.0
CD012281	wss_100	0.725
CD012281	wss_95	0.675
CD012281	total_cost	4800.0
CD012281	norm_area	0.887
CD012281	ap	0.011
CD012281	recall_total	10.0
CD012281	recall_max	10.0
CD012281	recall_at_threshold	1.0
CD012281	recall_threshold	5000
CD012281	recall@10	0.0
CD012281	recall@20	0.0
CD012281	recall@30	0.0
CD012281	recall@40	0.0
CD012281	recall@50	0.0
CD012281	recall@100	0.1
CD012281	recall@200	0.2
CD012281	recall@300	0.3
CD012281	recall@400	0.5
CD012281	recall@500	0.5
CD012281	recall@1000	0.8
CD012281	recall@2000	1.0
CD012281	recall@3000	1.0
CD012281	recall@4000	1.0
CD012281	recall@5000	1.0
CD012599	num_shown	5000
CD012599	rels_found	17
CD012599	num_rels	19
CD012599	last_rel	4054
CD012599	norm_last_rel	0.811
CD012599	threshold	5000
CD012599	norm_threshold	1.0
CD012599	wss_100	0
CD012599	wss_95	0
CD012599	total_cost	4700.0
CD012599	norm_area	0.75
CD012599	ap	0.015
CD012599	recall_total	17.0
CD012599	recall_max	19.0
CD012599	recall_at_threshold	0.895
CD012599	recall_threshold	5000
CD012599	recall@10	0.0
CD012599	recall@20	0.053
CD012599	recall@30	0.053
CD012599	recall@40	0.053
CD012599	recall@50	0.053
CD012599	recall@100	0.053
CD012599	recall@200	0.105
CD012599	recall@300	0.263
CD012599	recall@400	0.368
CD012599	recall@500	0.421
CD012599	recall@1000	0.737
CD012599	recall@2000	0.842
CD012599	recall@3000	0.842
CD012599	recall@4000	0.842
CD012599	recall@5000	0.895
ALL	num_shown	150000
ALL	rels_found	727
ALL	num_rels	759
ALL	last_rel	1124.0
ALL	norm_last_rel	0.225
ALL	threshold	3559.0
ALL	norm_threshold	0.712
ALL	wss_100	0.425
ALL	wss_95	0.635
ALL	total_cost	3106.0
ALL	norm_area	0.898
ALL	ap	0.124
ALL	recall_total	24.0
ALL	recall_max	25.0
ALL	recall_at_threshold	0.951
ALL	recall_threshold	3559.467
ALL	recall@10	0.045
ALL	recall@20	0.095
ALL	recall@30	0.15
ALL	recall@40	0.203
ALL	recall@50	0.256
ALL	recall@100	0.428
ALL	recall@200	0.592
ALL	recall@300	0.693
ALL	recall@400	0.771
ALL	recall@500	0.806
ALL	recall@1000	0.912
ALL	recall@2000	0.947
ALL	recall@3000	0.953
ALL	recall@4000	0.955
ALL	recall@5000	0.958
