ALL	num_shown	149979
ALL	rels_found	734
ALL	num_rels	759
ALL	last_rel	1195.0
ALL	norm_last_rel	0.239
ALL	threshold	3612.0
ALL	norm_threshold	0.722
ALL	wss_100	0.423
ALL	wss_95	0.646
ALL	total_cost	3147.0
ALL	norm_area	0.899
ALL	ap	0.08
ALL	recall_total	24.0
ALL	recall_max	25.0
ALL	recall_at_threshold	0.962
ALL	recall_threshold	3611.667
ALL	recall@10	0.022
ALL	recall@20	0.051
ALL	recall@30	0.083
ALL	recall@40	0.105
ALL	recall@50	0.121
ALL	recall@100	0.273
ALL	recall@200	0.462
ALL	recall@300	0.59
ALL	recall@400	0.675
ALL	recall@500	0.729
ALL	recall@1000	0.883
ALL	recall@2000	0.959
ALL	recall@3000	0.962
ALL	recall@4000	0.964
ALL	recall@5000	0.967
