CD008122 Duplicate 8022495
CD008122 Duplicate 8022495
CD008122 Duplicate 8022495
CD008122 Duplicate 9251654
CD008122 Duplicate 18139104
CD008122 Duplicate 11370647
CD008122 Duplicate 7603387
CD008122 Duplicate 4891502
CD008122 Duplicate 4887304
CD008122 Duplicate 12368817
CD008122 Duplicate 21735422
CD008122 Duplicate 20276800
CD008122 Duplicate 14562623
CD008122 Duplicate 13276922
CD008122 Duplicate 359097
CD008122 Duplicate 18129435
CD008122	num_shown	4984
CD008122	rels_found	60
CD008122	num_rels	62
CD008122	last_rel	1719
CD008122	norm_last_rel	0.344
CD008122	threshold	2278
CD008122	norm_threshold	0.456
CD008122	wss_100	0
CD008122	wss_95	0.682
CD008122	total_cost	1118.0
CD008122	norm_area	0.811
CD008122	ap	0.033
CD008122	recall_total	60.0
CD008122	recall_max	62.0
CD008122	recall_at_threshold	0.968
CD008122	recall_threshold	2278
CD008122	recall@10	0.0
CD008122	recall@20	0.016
CD008122	recall@30	0.016
CD008122	recall@40	0.016
CD008122	recall@50	0.016
CD008122	recall@100	0.016
CD008122	recall@200	0.016
CD008122	recall@300	0.097
CD008122	recall@400	0.113
CD008122	recall@500	0.145
CD008122	recall@1000	0.71
CD008122	recall@2000	0.968
CD008122	recall@3000	0.968
CD008122	recall@4000	0.968
CD008122	recall@5000	0.968
CD008587	num_shown	5000
CD008587	rels_found	35
CD008587	num_rels	35
CD008587	last_rel	1863
CD008587	norm_last_rel	0.373
CD008587	threshold	5000
CD008587	norm_threshold	1.0
CD008587	wss_100	0.627
CD008587	wss_95	0.708
CD008587	total_cost	4300.0
CD008587	norm_area	0.899
CD008587	ap	0.042
CD008587	recall_total	35.0
CD008587	recall_max	35.0
CD008587	recall_at_threshold	1.0
CD008587	recall_threshold	5000
CD008587	recall@10	0.0
CD008587	recall@20	0.029
CD008587	recall@30	0.029
CD008587	recall@40	0.057
CD008587	recall@50	0.057
CD008587	recall@100	0.171
CD008587	recall@200	0.229
CD008587	recall@300	0.371
CD008587	recall@400	0.571
CD008587	recall@500	0.629
CD008587	recall@1000	0.829
CD008587	recall@2000	1.0
CD008587	recall@3000	1.0
CD008587	recall@4000	1.0
CD008587	recall@5000	1.0
CD008759	num_shown	5000
CD008759	rels_found	48
CD008759	num_rels	52
CD008759	last_rel	818
CD008759	norm_last_rel	0.164
CD008759	threshold	1958
CD008759	norm_threshold	0.392
CD008759	wss_100	0
CD008759	wss_95	0
CD008759	total_cost	1078.0
CD008759	norm_area	0.904
CD008759	ap	0.22
CD008759	recall_total	48.0
CD008759	recall_max	52.0
CD008759	recall_at_threshold	0.923
CD008759	recall_threshold	1958
CD008759	recall@10	0.038
CD008759	recall@20	0.096
CD008759	recall@30	0.115
CD008759	recall@40	0.135
CD008759	recall@50	0.173
CD008759	recall@100	0.596
CD008759	recall@200	0.769
CD008759	recall@300	0.827
CD008759	recall@400	0.865
CD008759	recall@500	0.885
CD008759	recall@1000	0.923
CD008759	recall@2000	0.923
CD008759	recall@3000	0.923
CD008759	recall@4000	0.923
CD008759	recall@5000	0.923
CD008892	num_shown	5000
CD008892	rels_found	33
CD008892	num_rels	34
CD008892	last_rel	588
CD008892	norm_last_rel	0.118
CD008892	threshold	5000
CD008892	norm_threshold	1.0
CD008892	wss_100	0
CD008892	wss_95	0.871
CD008892	total_cost	4360.0
CD008892	norm_area	0.942
CD008892	ap	0.101
CD008892	recall_total	33.0
CD008892	recall_max	34.0
CD008892	recall_at_threshold	0.971
CD008892	recall_threshold	5000
CD008892	recall@10	0.0
CD008892	recall@20	0.0
CD008892	recall@30	0.0
CD008892	recall@40	0.0
CD008892	recall@50	0.0
CD008892	recall@100	0.029
CD008892	recall@200	0.824
CD008892	recall@300	0.882
CD008892	recall@400	0.941
CD008892	recall@500	0.941
CD008892	recall@1000	0.971
CD008892	recall@2000	0.971
CD008892	recall@3000	0.971
CD008892	recall@4000	0.971
CD008892	recall@5000	0.971
CD009175	num_shown	5000
CD009175	rels_found	7
CD009175	num_rels	7
CD009175	last_rel	154
CD009175	norm_last_rel	0.031
CD009175	threshold	5000
CD009175	norm_threshold	1.0
CD009175	wss_100	0.969
CD009175	wss_95	0.919
CD009175	total_cost	4860.0
CD009175	norm_area	0.978
CD009175	ap	0.033
CD009175	recall_total	7.0
CD009175	recall_max	7.0
CD009175	recall_at_threshold	1.0
CD009175	recall_threshold	5000
CD009175	recall@10	0.0
CD009175	recall@20	0.0
CD009175	recall@30	0.0
CD009175	recall@40	0.0
CD009175	recall@50	0.0
CD009175	recall@100	0.286
CD009175	recall@200	1.0
CD009175	recall@300	1.0
CD009175	recall@400	1.0
CD009175	recall@500	1.0
CD009175	recall@1000	1.0
CD009175	recall@2000	1.0
CD009175	recall@3000	1.0
CD009175	recall@4000	1.0
CD009175	recall@5000	1.0
CD009263	num_shown	5000
CD009263	rels_found	10
CD009263	num_rels	11
CD009263	last_rel	441
CD009263	norm_last_rel	0.088
CD009263	threshold	5000
CD009263	norm_threshold	1.0
CD009263	wss_100	0
CD009263	wss_95	0.862
CD009263	total_cost	4820.0
CD009263	norm_area	0.874
CD009263	ap	0.075
CD009263	recall_total	10.0
CD009263	recall_max	11.0
CD009263	recall_at_threshold	0.909
CD009263	recall_threshold	5000
CD009263	recall@10	0.091
CD009263	recall@20	0.091
CD009263	recall@30	0.091
CD009263	recall@40	0.182
CD009263	recall@50	0.273
CD009263	recall@100	0.364
CD009263	recall@200	0.455
CD009263	recall@300	0.636
CD009263	recall@400	0.727
CD009263	recall@500	0.909
CD009263	recall@1000	0.909
CD009263	recall@2000	0.909
CD009263	recall@3000	0.909
CD009263	recall@4000	0.909
CD009263	recall@5000	0.909
CD009694	num_shown	5000
CD009694	rels_found	9
CD009694	num_rels	10
CD009694	last_rel	137
CD009694	norm_last_rel	0.027
CD009694	threshold	5000
CD009694	norm_threshold	1.0
CD009694	wss_100	0
CD009694	wss_95	0
CD009694	total_cost	4840.0
CD009694	norm_area	0.887
CD009694	ap	0.053
CD009694	recall_total	9.0
CD009694	recall_max	10.0
CD009694	recall_at_threshold	0.9
CD009694	recall_threshold	5000
CD009694	recall@10	0.0
CD009694	recall@20	0.0
CD009694	recall@30	0.0
CD009694	recall@40	0.1
CD009694	recall@50	0.1
CD009694	recall@100	0.8
CD009694	recall@200	0.9
CD009694	recall@300	0.9
CD009694	recall@400	0.9
CD009694	recall@500	0.9
CD009694	recall@1000	0.9
CD009694	recall@2000	0.9
CD009694	recall@3000	0.9
CD009694	recall@4000	0.9
CD009694	recall@5000	0.9
CD010213	num_shown	5000
CD010213	rels_found	38
CD010213	num_rels	40
CD010213	last_rel	2628
CD010213	norm_last_rel	0.526
CD010213	threshold	3897
CD010213	norm_threshold	0.779
CD010213	wss_100	0
CD010213	wss_95	0.424
CD010213	total_cost	3177.0
CD010213	norm_area	0.802
CD010213	ap	0.026
CD010213	recall_total	38.0
CD010213	recall_max	40.0
CD010213	recall_at_threshold	0.95
CD010213	recall_threshold	3897
CD010213	recall@10	0.0
CD010213	recall@20	0.0
CD010213	recall@30	0.0
CD010213	recall@40	0.0
CD010213	recall@50	0.0
CD010213	recall@100	0.075
CD010213	recall@200	0.15
CD010213	recall@300	0.175
CD010213	recall@400	0.2
CD010213	recall@500	0.35
CD010213	recall@1000	0.675
CD010213	recall@2000	0.925
CD010213	recall@3000	0.95
CD010213	recall@4000	0.95
CD010213	recall@5000	0.95
CD010296	num_shown	5000
CD010296	rels_found	38
CD010296	num_rels	38
CD010296	last_rel	213
CD010296	norm_last_rel	0.043
CD010296	threshold	882
CD010296	norm_threshold	0.176
CD010296	wss_100	0.957
CD010296	wss_95	0.927
CD010296	total_cost	122.0
CD010296	norm_area	0.993
CD010296	ap	0.486
CD010296	recall_total	38.0
CD010296	recall_max	38.0
CD010296	recall_at_threshold	1.0
CD010296	recall_threshold	882
CD010296	recall@10	0.184
CD010296	recall@20	0.342
CD010296	recall@30	0.447
CD010296	recall@40	0.474
CD010296	recall@50	0.474
CD010296	recall@100	0.895
CD010296	recall@200	0.974
CD010296	recall@300	1.0
CD010296	recall@400	1.0
CD010296	recall@500	1.0
CD010296	recall@1000	1.0
CD010296	recall@2000	1.0
CD010296	recall@3000	1.0
CD010296	recall@4000	1.0
CD010296	recall@5000	1.0
CD010502	num_shown	5000
CD010502	rels_found	79
CD010502	num_rels	82
CD010502	last_rel	4940
CD010502	norm_last_rel	0.988
CD010502	threshold	825
CD010502	norm_threshold	0.165
CD010502	wss_100	0
CD010502	wss_95	0.756
CD010502	total_cost	-575.0
CD010502	norm_area	0.924
CD010502	ap	0.255
CD010502	recall_total	79.0
CD010502	recall_max	82.0
CD010502	recall_at_threshold	0.939
CD010502	recall_threshold	825
CD010502	recall@10	0.024
CD010502	recall@20	0.098
CD010502	recall@30	0.146
CD010502	recall@40	0.159
CD010502	recall@50	0.159
CD010502	recall@100	0.341
CD010502	recall@200	0.622
CD010502	recall@300	0.793
CD010502	recall@400	0.866
CD010502	recall@500	0.89
CD010502	recall@1000	0.951
CD010502	recall@2000	0.951
CD010502	recall@3000	0.951
CD010502	recall@4000	0.951
CD010502	recall@5000	0.963
CD010657	num_shown	5000
CD010657	rels_found	37
CD010657	num_rels	37
CD010657	last_rel	645
CD010657	norm_last_rel	0.129
CD010657	threshold	1550
CD010657	norm_threshold	0.31
CD010657	wss_100	0.871
CD010657	wss_95	0.856
CD010657	total_cost	810.0
CD010657	norm_area	0.973
CD010657	ap	0.198
CD010657	recall_total	37.0
CD010657	recall_max	37.0
CD010657	recall_at_threshold	1.0
CD010657	recall_threshold	1550
CD010657	recall@10	0.081
CD010657	recall@20	0.135
CD010657	recall@30	0.216
CD010657	recall@40	0.27
CD010657	recall@50	0.324
CD010657	recall@100	0.541
CD010657	recall@200	0.757
CD010657	recall@300	0.838
CD010657	recall@400	0.865
CD010657	recall@500	0.946
CD010657	recall@1000	1.0
CD010657	recall@2000	1.0
CD010657	recall@3000	1.0
CD010657	recall@4000	1.0
CD010657	recall@5000	1.0
CD010680	num_shown	5000
CD010680	rels_found	1
CD010680	num_rels	1
CD010680	last_rel	174
CD010680	norm_last_rel	0.035
CD010680	threshold	5000
CD010680	norm_threshold	1.0
CD010680	wss_100	0.965
CD010680	wss_95	0.915
CD010680	total_cost	4980.0
CD010680	norm_area	0.965
CD010680	ap	0.006
CD010680	recall_total	1.0
CD010680	recall_max	1.0
CD010680	recall_at_threshold	1.0
CD010680	recall_threshold	5000
CD010680	recall@10	0.0
CD010680	recall@20	0.0
CD010680	recall@30	0.0
CD010680	recall@40	0.0
CD010680	recall@50	0.0
CD010680	recall@100	0.0
CD010680	recall@200	1.0
CD010680	recall@300	1.0
CD010680	recall@400	1.0
CD010680	recall@500	1.0
CD010680	recall@1000	1.0
CD010680	recall@2000	1.0
CD010680	recall@3000	1.0
CD010680	recall@4000	1.0
CD010680	recall@5000	1.0
CD010864	num_shown	5000
CD010864	rels_found	3
CD010864	num_rels	3
CD010864	last_rel	300
CD010864	norm_last_rel	0.06
CD010864	threshold	5000
CD010864	norm_threshold	1.0
CD010864	wss_100	0.94
CD010864	wss_95	0.89
CD010864	total_cost	4940.0
CD010864	norm_area	0.964
CD010864	ap	0.024
CD010864	recall_total	3.0
CD010864	recall_max	3.0
CD010864	recall_at_threshold	1.0
CD010864	recall_threshold	5000
CD010864	recall@10	0.0
CD010864	recall@20	0.333
CD010864	recall@30	0.333
CD010864	recall@40	0.333
CD010864	recall@50	0.333
CD010864	recall@100	0.333
CD010864	recall@200	0.333
CD010864	recall@300	1.0
CD010864	recall@400	1.0
CD010864	recall@500	1.0
CD010864	recall@1000	1.0
CD010864	recall@2000	1.0
CD010864	recall@3000	1.0
CD010864	recall@4000	1.0
CD010864	recall@5000	1.0
CD011053	num_shown	5000
CD011053	rels_found	9
CD011053	num_rels	9
CD011053	last_rel	264
CD011053	norm_last_rel	0.053
CD011053	threshold	3585
CD011053	norm_threshold	0.717
CD011053	wss_100	0.947
CD011053	wss_95	0.897
CD011053	total_cost	3405.0
CD011053	norm_area	0.972
CD011053	ap	0.033
CD011053	recall_total	9.0
CD011053	recall_max	9.0
CD011053	recall_at_threshold	1.0
CD011053	recall_threshold	3585
CD011053	recall@10	0.0
CD011053	recall@20	0.0
CD011053	recall@30	0.0
CD011053	recall@40	0.0
CD011053	recall@50	0.111
CD011053	recall@100	0.222
CD011053	recall@200	0.889
CD011053	recall@300	1.0
CD011053	recall@400	1.0
CD011053	recall@500	1.0
CD011053	recall@1000	1.0
CD011053	recall@2000	1.0
CD011053	recall@3000	1.0
CD011053	recall@4000	1.0
CD011053	recall@5000	1.0
CD011126	num_shown	5000
CD011126	rels_found	12
CD011126	num_rels	12
CD011126	last_rel	766
CD011126	norm_last_rel	0.153
CD011126	threshold	5000
CD011126	norm_threshold	1.0
CD011126	wss_100	0.847
CD011126	wss_95	0.892
CD011126	total_cost	4760.0
CD011126	norm_area	0.969
CD011126	ap	0.068
CD011126	recall_total	12.0
CD011126	recall_max	12.0
CD011126	recall_at_threshold	1.0
CD011126	recall_threshold	5000
CD011126	recall@10	0.083
CD011126	recall@20	0.083
CD011126	recall@30	0.167
CD011126	recall@40	0.167
CD011126	recall@50	0.167
CD011126	recall@100	0.583
CD011126	recall@200	0.833
CD011126	recall@300	0.917
CD011126	recall@400	0.917
CD011126	recall@500	0.917
CD011126	recall@1000	1.0
CD011126	recall@2000	1.0
CD011126	recall@3000	1.0
CD011126	recall@4000	1.0
CD011126	recall@5000	1.0
CD011420	num_shown	5000
CD011420	rels_found	6
CD011420	num_rels	8
CD011420	last_rel	87
CD011420	norm_last_rel	0.017
CD011420	threshold	2442
CD011420	norm_threshold	0.488
CD011420	wss_100	0
CD011420	wss_95	0
CD011420	total_cost	2362.0
CD011420	norm_area	0.744
CD011420	ap	0.057
CD011420	recall_total	6.0
CD011420	recall_max	8.0
CD011420	recall_at_threshold	0.75
CD011420	recall_threshold	2442
CD011420	recall@10	0.0
CD011420	recall@20	0.125
CD011420	recall@30	0.125
CD011420	recall@40	0.375
CD011420	recall@50	0.5
CD011420	recall@100	0.75
CD011420	recall@200	0.75
CD011420	recall@300	0.75
CD011420	recall@400	0.75
CD011420	recall@500	0.75
CD011420	recall@1000	0.75
CD011420	recall@2000	0.75
CD011420	recall@3000	0.75
CD011420	recall@4000	0.75
CD011420	recall@5000	0.75
CD011431	num_shown	5000
CD011431	rels_found	32
CD011431	num_rels	34
CD011431	last_rel	529
CD011431	norm_last_rel	0.106
CD011431	threshold	1635
CD011431	norm_threshold	0.327
CD011431	wss_100	0
CD011431	wss_95	0.844
CD011431	total_cost	1035.0
CD011431	norm_area	0.896
CD011431	ap	0.057
CD011431	recall_total	32.0
CD011431	recall_max	34.0
CD011431	recall_at_threshold	0.941
CD011431	recall_threshold	1635
CD011431	recall@10	0.0
CD011431	recall@20	0.0
CD011431	recall@30	0.029
CD011431	recall@40	0.029
CD011431	recall@50	0.029
CD011431	recall@100	0.088
CD011431	recall@200	0.294
CD011431	recall@300	0.647
CD011431	recall@400	0.824
CD011431	recall@500	0.912
CD011431	recall@1000	0.941
CD011431	recall@2000	0.941
CD011431	recall@3000	0.941
CD011431	recall@4000	0.941
CD011431	recall@5000	0.941
CD011515	num_shown	5000
CD011515	rels_found	2
CD011515	num_rels	2
CD011515	last_rel	262
CD011515	norm_last_rel	0.052
CD011515	threshold	3532
CD011515	norm_threshold	0.706
CD011515	wss_100	0.948
CD011515	wss_95	0.898
CD011515	total_cost	3492.0
CD011515	norm_area	0.968
CD011515	ap	0.012
CD011515	recall_total	2.0
CD011515	recall_max	2.0
CD011515	recall_at_threshold	1.0
CD011515	recall_threshold	3532
CD011515	recall@10	0.0
CD011515	recall@20	0.0
CD011515	recall@30	0.0
CD011515	recall@40	0.0
CD011515	recall@50	0.0
CD011515	recall@100	0.5
CD011515	recall@200	0.5
CD011515	recall@300	1.0
CD011515	recall@400	1.0
CD011515	recall@500	1.0
CD011515	recall@1000	1.0
CD011515	recall@2000	1.0
CD011515	recall@3000	1.0
CD011515	recall@4000	1.0
CD011515	recall@5000	1.0
CD011602	num_shown	5000
CD011602	rels_found	1
CD011602	num_rels	1
CD011602	last_rel	1351
CD011602	norm_last_rel	0.27
CD011602	threshold	5000
CD011602	norm_threshold	1.0
CD011602	wss_100	0.73
CD011602	wss_95	0.68
CD011602	total_cost	4980.0
CD011602	norm_area	0.73
CD011602	ap	0.001
CD011602	recall_total	1.0
CD011602	recall_max	1.0
CD011602	recall_at_threshold	1.0
CD011602	recall_threshold	5000
CD011602	recall@10	0.0
CD011602	recall@20	0.0
CD011602	recall@30	0.0
CD011602	recall@40	0.0
CD011602	recall@50	0.0
CD011602	recall@100	0.0
CD011602	recall@200	0.0
CD011602	recall@300	0.0
CD011602	recall@400	0.0
CD011602	recall@500	0.0
CD011602	recall@1000	0.0
CD011602	recall@2000	1.0
CD011602	recall@3000	1.0
CD011602	recall@4000	1.0
CD011602	recall@5000	1.0
CD011686 Duplicate 10029051
CD011686	num_shown	4999
CD011686	rels_found	3
CD011686	num_rels	3
CD011686	last_rel	165
CD011686	norm_last_rel	0.033
CD011686	threshold	5000
CD011686	norm_threshold	1.0
CD011686	wss_100	0.967
CD011686	wss_95	0.917
CD011686	total_cost	4939.0
CD011686	norm_area	0.98
CD011686	ap	0.02
CD011686	recall_total	3.0
CD011686	recall_max	3.0
CD011686	recall_at_threshold	1.0
CD011686	recall_threshold	4999
CD011686	recall@10	0.0
CD011686	recall@20	0.0
CD011686	recall@30	0.0
CD011686	recall@40	0.0
CD011686	recall@50	0.333
CD011686	recall@100	0.667
CD011686	recall@200	1.0
CD011686	recall@300	1.0
CD011686	recall@400	1.0
CD011686	recall@500	1.0
CD011686	recall@1000	1.0
CD011686	recall@2000	1.0
CD011686	recall@3000	1.0
CD011686	recall@4000	1.0
CD011686	recall@5000	1.0
CD011912	num_shown	5000
CD011912	rels_found	17
CD011912	num_rels	18
CD011912	last_rel	126
CD011912	norm_last_rel	0.025
CD011912	threshold	2332
CD011912	norm_threshold	0.466
CD011912	wss_100	0
CD011912	wss_95	0.925
CD011912	total_cost	2012.0
CD011912	norm_area	0.938
CD011912	ap	0.194
CD011912	recall_total	17.0
CD011912	recall_max	18.0
CD011912	recall_at_threshold	0.944
CD011912	recall_threshold	2332
CD011912	recall@10	0.0
CD011912	recall@20	0.0
CD011912	recall@30	0.222
CD011912	recall@40	0.611
CD011912	recall@50	0.778
CD011912	recall@100	0.889
CD011912	recall@200	0.944
CD011912	recall@300	0.944
CD011912	recall@400	0.944
CD011912	recall@500	0.944
CD011912	recall@1000	0.944
CD011912	recall@2000	0.944
CD011912	recall@3000	0.944
CD011912	recall@4000	0.944
CD011912	recall@5000	0.944
CD011926	num_shown	5000
CD011926	rels_found	31
CD011926	num_rels	31
CD011926	last_rel	2700
CD011926	norm_last_rel	0.54
CD011926	threshold	5000
CD011926	norm_threshold	1.0
CD011926	wss_100	0.46
CD011926	wss_95	0.828
CD011926	total_cost	4380.0
CD011926	norm_area	0.949
CD011926	ap	0.1
CD011926	recall_total	31.0
CD011926	recall_max	31.0
CD011926	recall_at_threshold	1.0
CD011926	recall_threshold	5000
CD011926	recall@10	0.0
CD011926	recall@20	0.0
CD011926	recall@30	0.097
CD011926	recall@40	0.097
CD011926	recall@50	0.129
CD011926	recall@100	0.419
CD011926	recall@200	0.742
CD011926	recall@300	0.774
CD011926	recall@400	0.806
CD011926	recall@500	0.903
CD011926	recall@1000	0.935
CD011926	recall@2000	0.968
CD011926	recall@3000	1.0
CD011926	recall@4000	1.0
CD011926	recall@5000	1.0
CD012009	num_shown	5000
CD012009	rels_found	4
CD012009	num_rels	4
CD012009	last_rel	208
CD012009	norm_last_rel	0.042
CD012009	threshold	2157
CD012009	norm_threshold	0.431
CD012009	wss_100	0.958
CD012009	wss_95	0.908
CD012009	total_cost	2077.0
CD012009	norm_area	0.982
CD012009	ap	0.033
CD012009	recall_total	4.0
CD012009	recall_max	4.0
CD012009	recall_at_threshold	1.0
CD012009	recall_threshold	2157
CD012009	recall@10	0.0
CD012009	recall@20	0.0
CD012009	recall@30	0.25
CD012009	recall@40	0.25
CD012009	recall@50	0.25
CD012009	recall@100	0.75
CD012009	recall@200	0.75
CD012009	recall@300	1.0
CD012009	recall@400	1.0
CD012009	recall@500	1.0
CD012009	recall@1000	1.0
CD012009	recall@2000	1.0
CD012009	recall@3000	1.0
CD012009	recall@4000	1.0
CD012009	recall@5000	1.0
CD012010	num_shown	5000
CD012010	rels_found	8
CD012010	num_rels	9
CD012010	last_rel	816
CD012010	norm_last_rel	0.163
CD012010	threshold	2073
CD012010	norm_threshold	0.415
CD012010	wss_100	0
CD012010	wss_95	0
CD012010	total_cost	1933.0
CD012010	norm_area	0.848
CD012010	ap	0.034
CD012010	recall_total	8.0
CD012010	recall_max	9.0
CD012010	recall_at_threshold	0.889
CD012010	recall_threshold	2073
CD012010	recall@10	0.0
CD012010	recall@20	0.111
CD012010	recall@30	0.222
CD012010	recall@40	0.222
CD012010	recall@50	0.222
CD012010	recall@100	0.333
CD012010	recall@200	0.556
CD012010	recall@300	0.667
CD012010	recall@400	0.667
CD012010	recall@500	0.778
CD012010	recall@1000	0.889
CD012010	recall@2000	0.889
CD012010	recall@3000	0.889
CD012010	recall@4000	0.889
CD012010	recall@5000	0.889
CD012083	num_shown	5000
CD012083	rels_found	6
CD012083	num_rels	7
CD012083	last_rel	321
CD012083	norm_last_rel	0.064
CD012083	threshold	5000
CD012083	norm_threshold	1.0
CD012083	wss_100	0
CD012083	wss_95	0
CD012083	total_cost	4900.0
CD012083	norm_area	0.811
CD012083	ap	0.011
CD012083	recall_total	6.0
CD012083	recall_max	7.0
CD012083	recall_at_threshold	0.857
CD012083	recall_threshold	5000
CD012083	recall@10	0.0
CD012083	recall@20	0.0
CD012083	recall@30	0.0
CD012083	recall@40	0.0
CD012083	recall@50	0.0
CD012083	recall@100	0.0
CD012083	recall@200	0.0
CD012083	recall@300	0.714
CD012083	recall@400	0.857
CD012083	recall@500	0.857
CD012083	recall@1000	0.857
CD012083	recall@2000	0.857
CD012083	recall@3000	0.857
CD012083	recall@4000	0.857
CD012083	recall@5000	0.857
CD012165	num_shown	5000
CD012165	rels_found	51
CD012165	num_rels	52
CD012165	last_rel	3831
CD012165	norm_last_rel	0.766
CD012165	threshold	2211
CD012165	norm_threshold	0.442
CD012165	wss_100	0
CD012165	wss_95	0.706
CD012165	total_cost	1271.0
CD012165	norm_area	0.885
CD012165	ap	0.055
CD012165	recall_total	51.0
CD012165	recall_max	52.0
CD012165	recall_at_threshold	0.962
CD012165	recall_threshold	2211
CD012165	recall@10	0.0
CD012165	recall@20	0.0
CD012165	recall@30	0.0
CD012165	recall@40	0.0
CD012165	recall@50	0.0
CD012165	recall@100	0.0
CD012165	recall@200	0.115
CD012165	recall@300	0.365
CD012165	recall@400	0.615
CD012165	recall@500	0.654
CD012165	recall@1000	0.904
CD012165	recall@2000	0.962
CD012165	recall@3000	0.962
CD012165	recall@4000	0.981
CD012165	recall@5000	0.981
CD012179 Duplicate 18635170
CD012179	num_shown	4999
CD012179	rels_found	126
CD012179	num_rels	127
CD012179	last_rel	4304
CD012179	norm_last_rel	0.861
CD012179	threshold	1997
CD012179	norm_threshold	0.399
CD012179	wss_100	0
CD012179	wss_95	0.645
CD012179	total_cost	-443.0
CD012179	norm_area	0.897
CD012179	ap	0.135
CD012179	recall_total	126.0
CD012179	recall_max	127.0
CD012179	recall_at_threshold	0.984
CD012179	recall_threshold	1997
CD012179	recall@10	0.008
CD012179	recall@20	0.008
CD012179	recall@30	0.016
CD012179	recall@40	0.016
CD012179	recall@50	0.016
CD012179	recall@100	0.063
CD012179	recall@200	0.236
CD012179	recall@300	0.394
CD012179	recall@400	0.551
CD012179	recall@500	0.661
CD012179	recall@1000	0.843
CD012179	recall@2000	0.984
CD012179	recall@3000	0.984
CD012179	recall@4000	0.984
CD012179	recall@5000	0.992
CD012216	num_shown	5000
CD012216	rels_found	1
CD012216	num_rels	1
CD012216	last_rel	831
CD012216	norm_last_rel	0.166
CD012216	threshold	5000
CD012216	norm_threshold	1.0
CD012216	wss_100	0.834
CD012216	wss_95	0.784
CD012216	total_cost	4980.0
CD012216	norm_area	0.834
CD012216	ap	0.001
CD012216	recall_total	1.0
CD012216	recall_max	1.0
CD012216	recall_at_threshold	1.0
CD012216	recall_threshold	5000
CD012216	recall@10	0.0
CD012216	recall@20	0.0
CD012216	recall@30	0.0
CD012216	recall@40	0.0
CD012216	recall@50	0.0
CD012216	recall@100	0.0
CD012216	recall@200	0.0
CD012216	recall@300	0.0
CD012216	recall@400	0.0
CD012216	recall@500	0.0
CD012216	recall@1000	1.0
CD012216	recall@2000	1.0
CD012216	recall@3000	1.0
CD012216	recall@4000	1.0
CD012216	recall@5000	1.0
CD012281 Duplicate 27132058
CD012281	num_shown	4999
CD012281	rels_found	10
CD012281	num_rels	10
CD012281	last_rel	1589
CD012281	norm_last_rel	0.318
CD012281	threshold	5000
CD012281	norm_threshold	1.0
CD012281	wss_100	0.682
CD012281	wss_95	0.632
CD012281	total_cost	4799.0
CD012281	norm_area	0.878
CD012281	ap	0.01
CD012281	recall_total	10.0
CD012281	recall_max	10.0
CD012281	recall_at_threshold	1.0
CD012281	recall_threshold	4999
CD012281	recall@10	0.0
CD012281	recall@20	0.0
CD012281	recall@30	0.0
CD012281	recall@40	0.0
CD012281	recall@50	0.0
CD012281	recall@100	0.0
CD012281	recall@200	0.1
CD012281	recall@300	0.3
CD012281	recall@400	0.5
CD012281	recall@500	0.5
CD012281	recall@1000	0.8
CD012281	recall@2000	1.0
CD012281	recall@3000	1.0
CD012281	recall@4000	1.0
CD012281	recall@5000	1.0
CD012599 Duplicate 15505874
CD012599 Duplicate 16533649
CD012599	num_shown	4998
CD012599	rels_found	17
CD012599	num_rels	19
CD012599	last_rel	3075
CD012599	norm_last_rel	0.615
CD012599	threshold	5000
CD012599	norm_threshold	1.0
CD012599	wss_100	0
CD012599	wss_95	0
CD012599	total_cost	4698.0
CD012599	norm_area	0.779
CD012599	ap	0.02
CD012599	recall_total	17.0
CD012599	recall_max	19.0
CD012599	recall_at_threshold	0.895
CD012599	recall_threshold	4998
CD012599	recall@10	0.0
CD012599	recall@20	0.0
CD012599	recall@30	0.0
CD012599	recall@40	0.0
CD012599	recall@50	0.0
CD012599	recall@100	0.211
CD012599	recall@200	0.316
CD012599	recall@300	0.368
CD012599	recall@400	0.368
CD012599	recall@500	0.368
CD012599	recall@1000	0.789
CD012599	recall@2000	0.842
CD012599	recall@3000	0.842
CD012599	recall@4000	0.895
CD012599	recall@5000	0.895
ALL	num_shown	149979
ALL	rels_found	734
ALL	num_rels	759
ALL	last_rel	1195.0
ALL	norm_last_rel	0.239
ALL	threshold	3612.0
ALL	norm_threshold	0.722
ALL	wss_100	0.423
ALL	wss_95	0.646
ALL	total_cost	3147.0
ALL	norm_area	0.899
ALL	ap	0.08
ALL	recall_total	24.0
ALL	recall_max	25.0
ALL	recall_at_threshold	0.962
ALL	recall_threshold	3611.667
ALL	recall@10	0.022
ALL	recall@20	0.051
ALL	recall@30	0.083
ALL	recall@40	0.105
ALL	recall@50	0.121
ALL	recall@100	0.273
ALL	recall@200	0.462
ALL	recall@300	0.59
ALL	recall@400	0.675
ALL	recall@500	0.729
ALL	recall@1000	0.883
ALL	recall@2000	0.959
ALL	recall@3000	0.962
ALL	recall@4000	0.964
ALL	recall@5000	0.967
