CD008122	num_shown	5000
CD008122	rels_found	59
CD008122	num_rels	62
CD008122	last_rel	661
CD008122	norm_last_rel	0.132
CD008122	threshold	886
CD008122	norm_threshold	0.177
CD008122	wss_100	0
CD008122	wss_95	0.818
CD008122	total_cost	-234.0
CD008122	norm_area	0.927
CD008122	ap	0.223
CD008122	recall_total	59.0
CD008122	recall_max	62.0
CD008122	recall_at_threshold	0.952
CD008122	recall_threshold	886
CD008122	recall@10	0.048
CD008122	recall@20	0.065
CD008122	recall@30	0.129
CD008122	recall@40	0.145
CD008122	recall@50	0.21
CD008122	recall@100	0.355
CD008122	recall@200	0.694
CD008122	recall@300	0.855
CD008122	recall@400	0.887
CD008122	recall@500	0.919
CD008122	recall@1000	0.952
CD008122	recall@2000	0.952
CD008122	recall@3000	0.952
CD008122	recall@4000	0.952
CD008122	recall@5000	0.952
CD008587	num_shown	5000
CD008587	rels_found	35
CD008587	num_rels	35
CD008587	last_rel	1888
CD008587	norm_last_rel	0.378
CD008587	threshold	5000
CD008587	norm_threshold	1.0
CD008587	wss_100	0.622
CD008587	wss_95	0.67
CD008587	total_cost	4300.0
CD008587	norm_area	0.905
CD008587	ap	0.055
CD008587	recall_total	35.0
CD008587	recall_max	35.0
CD008587	recall_at_threshold	1.0
CD008587	recall_threshold	5000
CD008587	recall@10	0.0
CD008587	recall@20	0.086
CD008587	recall@30	0.086
CD008587	recall@40	0.086
CD008587	recall@50	0.086
CD008587	recall@100	0.143
CD008587	recall@200	0.343
CD008587	recall@300	0.457
CD008587	recall@400	0.6
CD008587	recall@500	0.629
CD008587	recall@1000	0.886
CD008587	recall@2000	1.0
CD008587	recall@3000	1.0
CD008587	recall@4000	1.0
CD008587	recall@5000	1.0
CD008759	num_shown	5000
CD008759	rels_found	48
CD008759	num_rels	52
CD008759	last_rel	890
CD008759	norm_last_rel	0.178
CD008759	threshold	3144
CD008759	norm_threshold	0.629
CD008759	wss_100	0
CD008759	wss_95	0
CD008759	total_cost	2264.0
CD008759	norm_area	0.906
CD008759	ap	0.298
CD008759	recall_total	48.0
CD008759	recall_max	52.0
CD008759	recall_at_threshold	0.923
CD008759	recall_threshold	3144
CD008759	recall@10	0.058
CD008759	recall@20	0.173
CD008759	recall@30	0.269
CD008759	recall@40	0.308
CD008759	recall@50	0.365
CD008759	recall@100	0.577
CD008759	recall@200	0.788
CD008759	recall@300	0.827
CD008759	recall@400	0.865
CD008759	recall@500	0.904
CD008759	recall@1000	0.923
CD008759	recall@2000	0.923
CD008759	recall@3000	0.923
CD008759	recall@4000	0.923
CD008759	recall@5000	0.923
CD008892	num_shown	5000
CD008892	rels_found	33
CD008892	num_rels	34
CD008892	last_rel	386
CD008892	norm_last_rel	0.077
CD008892	threshold	5000
CD008892	norm_threshold	1.0
CD008892	wss_100	0
CD008892	wss_95	0.895
CD008892	total_cost	4360.0
CD008892	norm_area	0.963
CD008892	ap	0.566
CD008892	recall_total	33.0
CD008892	recall_max	34.0
CD008892	recall_at_threshold	0.971
CD008892	recall_threshold	5000
CD008892	recall@10	0.206
CD008892	recall@20	0.441
CD008892	recall@30	0.588
CD008892	recall@40	0.588
CD008892	recall@50	0.618
CD008892	recall@100	0.824
CD008892	recall@200	0.882
CD008892	recall@300	0.941
CD008892	recall@400	0.971
CD008892	recall@500	0.971
CD008892	recall@1000	0.971
CD008892	recall@2000	0.971
CD008892	recall@3000	0.971
CD008892	recall@4000	0.971
CD008892	recall@5000	0.971
CD009175	num_shown	5000
CD009175	rels_found	7
CD009175	num_rels	7
CD009175	last_rel	206
CD009175	norm_last_rel	0.041
CD009175	threshold	5000
CD009175	norm_threshold	1.0
CD009175	wss_100	0.959
CD009175	wss_95	0.909
CD009175	total_cost	4860.0
CD009175	norm_area	0.975
CD009175	ap	0.032
CD009175	recall_total	7.0
CD009175	recall_max	7.0
CD009175	recall_at_threshold	1.0
CD009175	recall_threshold	5000
CD009175	recall@10	0.0
CD009175	recall@20	0.0
CD009175	recall@30	0.0
CD009175	recall@40	0.143
CD009175	recall@50	0.143
CD009175	recall@100	0.429
CD009175	recall@200	0.714
CD009175	recall@300	1.0
CD009175	recall@400	1.0
CD009175	recall@500	1.0
CD009175	recall@1000	1.0
CD009175	recall@2000	1.0
CD009175	recall@3000	1.0
CD009175	recall@4000	1.0
CD009175	recall@5000	1.0
CD009263	num_shown	5000
CD009263	rels_found	10
CD009263	num_rels	11
CD009263	last_rel	578
CD009263	norm_last_rel	0.116
CD009263	threshold	5000
CD009263	norm_threshold	1.0
CD009263	wss_100	0
CD009263	wss_95	0.834
CD009263	total_cost	4820.0
CD009263	norm_area	0.866
CD009263	ap	0.13
CD009263	recall_total	10.0
CD009263	recall_max	11.0
CD009263	recall_at_threshold	0.909
CD009263	recall_threshold	5000
CD009263	recall@10	0.182
CD009263	recall@20	0.182
CD009263	recall@30	0.182
CD009263	recall@40	0.182
CD009263	recall@50	0.182
CD009263	recall@100	0.182
CD009263	recall@200	0.545
CD009263	recall@300	0.636
CD009263	recall@400	0.636
CD009263	recall@500	0.727
CD009263	recall@1000	0.909
CD009263	recall@2000	0.909
CD009263	recall@3000	0.909
CD009263	recall@4000	0.909
CD009263	recall@5000	0.909
CD009694	num_shown	5000
CD009694	rels_found	9
CD009694	num_rels	10
CD009694	last_rel	40
CD009694	norm_last_rel	0.008
CD009694	threshold	5000
CD009694	norm_threshold	1.0
CD009694	wss_100	0
CD009694	wss_95	0
CD009694	total_cost	4840.0
CD009694	norm_area	0.898
CD009694	ap	0.322
CD009694	recall_total	9.0
CD009694	recall_max	10.0
CD009694	recall_at_threshold	0.9
CD009694	recall_threshold	5000
CD009694	recall@10	0.3
CD009694	recall@20	0.8
CD009694	recall@30	0.8
CD009694	recall@40	0.9
CD009694	recall@50	0.9
CD009694	recall@100	0.9
CD009694	recall@200	0.9
CD009694	recall@300	0.9
CD009694	recall@400	0.9
CD009694	recall@500	0.9
CD009694	recall@1000	0.9
CD009694	recall@2000	0.9
CD009694	recall@3000	0.9
CD009694	recall@4000	0.9
CD009694	recall@5000	0.9
CD010213	num_shown	5000
CD010213	rels_found	38
CD010213	num_rels	40
CD010213	last_rel	2169
CD010213	norm_last_rel	0.434
CD010213	threshold	4697
CD010213	norm_threshold	0.939
CD010213	wss_100	0
CD010213	wss_95	0.516
CD010213	total_cost	3977.0
CD010213	norm_area	0.79
CD010213	ap	0.023
CD010213	recall_total	38.0
CD010213	recall_max	40.0
CD010213	recall_at_threshold	0.95
CD010213	recall_threshold	4697
CD010213	recall@10	0.0
CD010213	recall@20	0.0
CD010213	recall@30	0.0
CD010213	recall@40	0.0
CD010213	recall@50	0.0
CD010213	recall@100	0.025
CD010213	recall@200	0.175
CD010213	recall@300	0.175
CD010213	recall@400	0.2
CD010213	recall@500	0.25
CD010213	recall@1000	0.475
CD010213	recall@2000	0.925
CD010213	recall@3000	0.95
CD010213	recall@4000	0.95
CD010213	recall@5000	0.95
CD010296	num_shown	5000
CD010296	rels_found	38
CD010296	num_rels	38
CD010296	last_rel	157
CD010296	norm_last_rel	0.031
CD010296	threshold	1105
CD010296	norm_threshold	0.221
CD010296	wss_100	0.969
CD010296	wss_95	0.929
CD010296	total_cost	345.0
CD010296	norm_area	0.996
CD010296	ap	0.582
CD010296	recall_total	38.0
CD010296	recall_max	38.0
CD010296	recall_at_threshold	1.0
CD010296	recall_threshold	1105
CD010296	recall@10	0.184
CD010296	recall@20	0.342
CD010296	recall@30	0.5
CD010296	recall@40	0.632
CD010296	recall@50	0.684
CD010296	recall@100	0.921
CD010296	recall@200	1.0
CD010296	recall@300	1.0
CD010296	recall@400	1.0
CD010296	recall@500	1.0
CD010296	recall@1000	1.0
CD010296	recall@2000	1.0
CD010296	recall@3000	1.0
CD010296	recall@4000	1.0
CD010296	recall@5000	1.0
CD010502	num_shown	5000
CD010502	rels_found	75
CD010502	num_rels	82
CD010502	last_rel	4896
CD010502	norm_last_rel	0.979
CD010502	threshold	886
CD010502	norm_threshold	0.177
CD010502	wss_100	0
CD010502	wss_95	0
CD010502	total_cost	-414.0
CD010502	norm_area	0.876
CD010502	ap	0.251
CD010502	recall_total	75.0
CD010502	recall_max	82.0
CD010502	recall_at_threshold	0.902
CD010502	recall_threshold	886
CD010502	recall@10	0.049
CD010502	recall@20	0.085
CD010502	recall@30	0.085
CD010502	recall@40	0.134
CD010502	recall@50	0.183
CD010502	recall@100	0.402
CD010502	recall@200	0.573
CD010502	recall@300	0.756
CD010502	recall@400	0.793
CD010502	recall@500	0.829
CD010502	recall@1000	0.902
CD010502	recall@2000	0.902
CD010502	recall@3000	0.902
CD010502	recall@4000	0.902
CD010502	recall@5000	0.915
CD010657	num_shown	5000
CD010657	rels_found	37
CD010657	num_rels	37
CD010657	last_rel	874
CD010657	norm_last_rel	0.175
CD010657	threshold	1696
CD010657	norm_threshold	0.339
CD010657	wss_100	0.825
CD010657	wss_95	0.83
CD010657	total_cost	956.0
CD010657	norm_area	0.967
CD010657	ap	0.196
CD010657	recall_total	37.0
CD010657	recall_max	37.0
CD010657	recall_at_threshold	1.0
CD010657	recall_threshold	1696
CD010657	recall@10	0.108
CD010657	recall@20	0.189
CD010657	recall@30	0.243
CD010657	recall@40	0.27
CD010657	recall@50	0.324
CD010657	recall@100	0.514
CD010657	recall@200	0.676
CD010657	recall@300	0.784
CD010657	recall@400	0.865
CD010657	recall@500	0.919
CD010657	recall@1000	1.0
CD010657	recall@2000	1.0
CD010657	recall@3000	1.0
CD010657	recall@4000	1.0
CD010657	recall@5000	1.0
CD010680	num_shown	5000
CD010680	rels_found	1
CD010680	num_rels	1
CD010680	last_rel	90
CD010680	norm_last_rel	0.018
CD010680	threshold	5000
CD010680	norm_threshold	1.0
CD010680	wss_100	0.982
CD010680	wss_95	0.932
CD010680	total_cost	4980.0
CD010680	norm_area	0.982
CD010680	ap	0.011
CD010680	recall_total	1.0
CD010680	recall_max	1.0
CD010680	recall_at_threshold	1.0
CD010680	recall_threshold	5000
CD010680	recall@10	0.0
CD010680	recall@20	0.0
CD010680	recall@30	0.0
CD010680	recall@40	0.0
CD010680	recall@50	0.0
CD010680	recall@100	1.0
CD010680	recall@200	1.0
CD010680	recall@300	1.0
CD010680	recall@400	1.0
CD010680	recall@500	1.0
CD010680	recall@1000	1.0
CD010680	recall@2000	1.0
CD010680	recall@3000	1.0
CD010680	recall@4000	1.0
CD010680	recall@5000	1.0
CD010864	num_shown	5000
CD010864	rels_found	3
CD010864	num_rels	3
CD010864	last_rel	260
CD010864	norm_last_rel	0.052
CD010864	threshold	5000
CD010864	norm_threshold	1.0
CD010864	wss_100	0.948
CD010864	wss_95	0.898
CD010864	total_cost	4940.0
CD010864	norm_area	0.952
CD010864	ap	0.008
CD010864	recall_total	3.0
CD010864	recall_max	3.0
CD010864	recall_at_threshold	1.0
CD010864	recall_threshold	5000
CD010864	recall@10	0.0
CD010864	recall@20	0.0
CD010864	recall@30	0.0
CD010864	recall@40	0.0
CD010864	recall@50	0.0
CD010864	recall@100	0.0
CD010864	recall@200	0.0
CD010864	recall@300	1.0
CD010864	recall@400	1.0
CD010864	recall@500	1.0
CD010864	recall@1000	1.0
CD010864	recall@2000	1.0
CD010864	recall@3000	1.0
CD010864	recall@4000	1.0
CD010864	recall@5000	1.0
CD011053	num_shown	5000
CD011053	rels_found	9
CD011053	num_rels	9
CD011053	last_rel	445
CD011053	norm_last_rel	0.089
CD011053	threshold	5000
CD011053	norm_threshold	1.0
CD011053	wss_100	0.911
CD011053	wss_95	0.861
CD011053	total_cost	4820.0
CD011053	norm_area	0.946
CD011053	ap	0.017
CD011053	recall_total	9.0
CD011053	recall_max	9.0
CD011053	recall_at_threshold	1.0
CD011053	recall_threshold	5000
CD011053	recall@10	0.0
CD011053	recall@20	0.0
CD011053	recall@30	0.0
CD011053	recall@40	0.0
CD011053	recall@50	0.0
CD011053	recall@100	0.0
CD011053	recall@200	0.222
CD011053	recall@300	0.667
CD011053	recall@400	0.778
CD011053	recall@500	1.0
CD011053	recall@1000	1.0
CD011053	recall@2000	1.0
CD011053	recall@3000	1.0
CD011053	recall@4000	1.0
CD011053	recall@5000	1.0
CD011126	num_shown	5000
CD011126	rels_found	12
CD011126	num_rels	12
CD011126	last_rel	793
CD011126	norm_last_rel	0.159
CD011126	threshold	5000
CD011126	norm_threshold	1.0
CD011126	wss_100	0.841
CD011126	wss_95	0.868
CD011126	total_cost	4760.0
CD011126	norm_area	0.951
CD011126	ap	0.027
CD011126	recall_total	12.0
CD011126	recall_max	12.0
CD011126	recall_at_threshold	1.0
CD011126	recall_threshold	5000
CD011126	recall@10	0.0
CD011126	recall@20	0.0
CD011126	recall@30	0.0
CD011126	recall@40	0.0
CD011126	recall@50	0.0
CD011126	recall@100	0.083
CD011126	recall@200	0.5
CD011126	recall@300	0.833
CD011126	recall@400	0.833
CD011126	recall@500	0.917
CD011126	recall@1000	1.0
CD011126	recall@2000	1.0
CD011126	recall@3000	1.0
CD011126	recall@4000	1.0
CD011126	recall@5000	1.0
CD011420	num_shown	5000
CD011420	rels_found	4
CD011420	num_rels	8
CD011420	last_rel	26
CD011420	norm_last_rel	0.005
CD011420	threshold	1105
CD011420	norm_threshold	0.221
CD011420	wss_100	0
CD011420	wss_95	0
CD011420	total_cost	1105.0
CD011420	norm_area	0.499
CD011420	ap	0.124
CD011420	recall_total	4.0
CD011420	recall_max	8.0
CD011420	recall_at_threshold	0.5
CD011420	recall_threshold	1105
CD011420	recall@10	0.125
CD011420	recall@20	0.375
CD011420	recall@30	0.5
CD011420	recall@40	0.5
CD011420	recall@50	0.5
CD011420	recall@100	0.5
CD011420	recall@200	0.5
CD011420	recall@300	0.5
CD011420	recall@400	0.5
CD011420	recall@500	0.5
CD011420	recall@1000	0.5
CD011420	recall@2000	0.5
CD011420	recall@3000	0.5
CD011420	recall@4000	0.5
CD011420	recall@5000	0.5
CD011431	num_shown	5000
CD011431	rels_found	32
CD011431	num_rels	34
CD011431	last_rel	446
CD011431	norm_last_rel	0.089
CD011431	threshold	1526
CD011431	norm_threshold	0.305
CD011431	wss_100	0
CD011431	wss_95	0.861
CD011431	total_cost	926.0
CD011431	norm_area	0.92
CD011431	ap	0.137
CD011431	recall_total	32.0
CD011431	recall_max	34.0
CD011431	recall_at_threshold	0.941
CD011431	recall_threshold	1526
CD011431	recall@10	0.0
CD011431	recall@20	0.0
CD011431	recall@30	0.029
CD011431	recall@40	0.118
CD011431	recall@50	0.206
CD011431	recall@100	0.5
CD011431	recall@200	0.824
CD011431	recall@300	0.824
CD011431	recall@400	0.853
CD011431	recall@500	0.941
CD011431	recall@1000	0.941
CD011431	recall@2000	0.941
CD011431	recall@3000	0.941
CD011431	recall@4000	0.941
CD011431	recall@5000	0.941
CD011515	num_shown	5000
CD011515	rels_found	2
CD011515	num_rels	2
CD011515	last_rel	238
CD011515	norm_last_rel	0.048
CD011515	threshold	3478
CD011515	norm_threshold	0.696
CD011515	wss_100	0.952
CD011515	wss_95	0.902
CD011515	total_cost	3438.0
CD011515	norm_area	0.975
CD011515	ap	0.05
CD011515	recall_total	2.0
CD011515	recall_max	2.0
CD011515	recall_at_threshold	1.0
CD011515	recall_threshold	3478
CD011515	recall@10	0.0
CD011515	recall@20	0.5
CD011515	recall@30	0.5
CD011515	recall@40	0.5
CD011515	recall@50	0.5
CD011515	recall@100	0.5
CD011515	recall@200	0.5
CD011515	recall@300	1.0
CD011515	recall@400	1.0
CD011515	recall@500	1.0
CD011515	recall@1000	1.0
CD011515	recall@2000	1.0
CD011515	recall@3000	1.0
CD011515	recall@4000	1.0
CD011515	recall@5000	1.0
CD011602	num_shown	5000
CD011602	rels_found	1
CD011602	num_rels	1
CD011602	last_rel	919
CD011602	norm_last_rel	0.184
CD011602	threshold	5000
CD011602	norm_threshold	1.0
CD011602	wss_100	0.816
CD011602	wss_95	0.766
CD011602	total_cost	4980.0
CD011602	norm_area	0.816
CD011602	ap	0.001
CD011602	recall_total	1.0
CD011602	recall_max	1.0
CD011602	recall_at_threshold	1.0
CD011602	recall_threshold	5000
CD011602	recall@10	0.0
CD011602	recall@20	0.0
CD011602	recall@30	0.0
CD011602	recall@40	0.0
CD011602	recall@50	0.0
CD011602	recall@100	0.0
CD011602	recall@200	0.0
CD011602	recall@300	0.0
CD011602	recall@400	0.0
CD011602	recall@500	0.0
CD011602	recall@1000	1.0
CD011602	recall@2000	1.0
CD011602	recall@3000	1.0
CD011602	recall@4000	1.0
CD011602	recall@5000	1.0
CD011686	num_shown	5000
CD011686	rels_found	3
CD011686	num_rels	3
CD011686	last_rel	140
CD011686	norm_last_rel	0.028
CD011686	threshold	5000
CD011686	norm_threshold	1.0
CD011686	wss_100	0.972
CD011686	wss_95	0.922
CD011686	total_cost	4940.0
CD011686	norm_area	0.987
CD011686	ap	0.036
CD011686	recall_total	3.0
CD011686	recall_max	3.0
CD011686	recall_at_threshold	1.0
CD011686	recall_threshold	5000
CD011686	recall@10	0.0
CD011686	recall@20	0.0
CD011686	recall@30	0.333
CD011686	recall@40	0.333
CD011686	recall@50	0.667
CD011686	recall@100	0.667
CD011686	recall@200	1.0
CD011686	recall@300	1.0
CD011686	recall@400	1.0
CD011686	recall@500	1.0
CD011686	recall@1000	1.0
CD011686	recall@2000	1.0
CD011686	recall@3000	1.0
CD011686	recall@4000	1.0
CD011686	recall@5000	1.0
CD011912	num_shown	5000
CD011912	rels_found	17
CD011912	num_rels	18
CD011912	last_rel	134
CD011912	norm_last_rel	0.027
CD011912	threshold	2089
CD011912	norm_threshold	0.418
CD011912	wss_100	0
CD011912	wss_95	0.923
CD011912	total_cost	1769.0
CD011912	norm_area	0.94
CD011912	ap	0.329
CD011912	recall_total	17.0
CD011912	recall_max	18.0
CD011912	recall_at_threshold	0.944
CD011912	recall_threshold	2089
CD011912	recall@10	0.167
CD011912	recall@20	0.5
CD011912	recall@30	0.556
CD011912	recall@40	0.667
CD011912	recall@50	0.833
CD011912	recall@100	0.889
CD011912	recall@200	0.944
CD011912	recall@300	0.944
CD011912	recall@400	0.944
CD011912	recall@500	0.944
CD011912	recall@1000	0.944
CD011912	recall@2000	0.944
CD011912	recall@3000	0.944
CD011912	recall@4000	0.944
CD011912	recall@5000	0.944
CD011926	num_shown	5000
CD011926	rels_found	31
CD011926	num_rels	31
CD011926	last_rel	3020
CD011926	norm_last_rel	0.604
CD011926	threshold	5000
CD011926	norm_threshold	1.0
CD011926	wss_100	0.396
CD011926	wss_95	0.824
CD011926	total_cost	4380.0
CD011926	norm_area	0.959
CD011926	ap	0.372
CD011926	recall_total	31.0
CD011926	recall_max	31.0
CD011926	recall_at_threshold	1.0
CD011926	recall_threshold	5000
CD011926	recall@10	0.161
CD011926	recall@20	0.355
CD011926	recall@30	0.516
CD011926	recall@40	0.581
CD011926	recall@50	0.613
CD011926	recall@100	0.742
CD011926	recall@200	0.774
CD011926	recall@300	0.806
CD011926	recall@400	0.871
CD011926	recall@500	0.903
CD011926	recall@1000	0.968
CD011926	recall@2000	0.968
CD011926	recall@3000	0.968
CD011926	recall@4000	1.0
CD011926	recall@5000	1.0
CD012009	num_shown	5000
CD012009	rels_found	4
CD012009	num_rels	4
CD012009	last_rel	153
CD012009	norm_last_rel	0.031
CD012009	threshold	1696
CD012009	norm_threshold	0.339
CD012009	wss_100	0.969
CD012009	wss_95	0.919
CD012009	total_cost	1616.0
CD012009	norm_area	0.992
CD012009	ap	0.227
CD012009	recall_total	4.0
CD012009	recall_max	4.0
CD012009	recall_at_threshold	1.0
CD012009	recall_threshold	1696
CD012009	recall@10	0.5
CD012009	recall@20	0.75
CD012009	recall@30	0.75
CD012009	recall@40	0.75
CD012009	recall@50	0.75
CD012009	recall@100	0.75
CD012009	recall@200	1.0
CD012009	recall@300	1.0
CD012009	recall@400	1.0
CD012009	recall@500	1.0
CD012009	recall@1000	1.0
CD012009	recall@2000	1.0
CD012009	recall@3000	1.0
CD012009	recall@4000	1.0
CD012009	recall@5000	1.0
CD012010	num_shown	5000
CD012010	rels_found	8
CD012010	num_rels	9
CD012010	last_rel	491
CD012010	norm_last_rel	0.098
CD012010	threshold	2316
CD012010	norm_threshold	0.463
CD012010	wss_100	0
CD012010	wss_95	0
CD012010	total_cost	2176.0
CD012010	norm_area	0.868
CD012010	ap	0.094
CD012010	recall_total	8.0
CD012010	recall_max	9.0
CD012010	recall_at_threshold	0.889
CD012010	recall_threshold	2316
CD012010	recall@10	0.111
CD012010	recall@20	0.111
CD012010	recall@30	0.333
CD012010	recall@40	0.444
CD012010	recall@50	0.444
CD012010	recall@100	0.667
CD012010	recall@200	0.667
CD012010	recall@300	0.778
CD012010	recall@400	0.778
CD012010	recall@500	0.889
CD012010	recall@1000	0.889
CD012010	recall@2000	0.889
CD012010	recall@3000	0.889
CD012010	recall@4000	0.889
CD012010	recall@5000	0.889
CD012083	num_shown	5000
CD012083	rels_found	6
CD012083	num_rels	7
CD012083	last_rel	26
CD012083	norm_last_rel	0.005
CD012083	threshold	5000
CD012083	norm_threshold	1.0
CD012083	wss_100	0
CD012083	wss_95	0
CD012083	total_cost	4900.0
CD012083	norm_area	0.856
CD012083	ap	0.228
CD012083	recall_total	6.0
CD012083	recall_max	7.0
CD012083	recall_at_threshold	0.857
CD012083	recall_threshold	5000
CD012083	recall@10	0.429
CD012083	recall@20	0.714
CD012083	recall@30	0.857
CD012083	recall@40	0.857
CD012083	recall@50	0.857
CD012083	recall@100	0.857
CD012083	recall@200	0.857
CD012083	recall@300	0.857
CD012083	recall@400	0.857
CD012083	recall@500	0.857
CD012083	recall@1000	0.857
CD012083	recall@2000	0.857
CD012083	recall@3000	0.857
CD012083	recall@4000	0.857
CD012083	recall@5000	0.857
CD012165	num_shown	5000
CD012165	rels_found	51
CD012165	num_rels	52
CD012165	last_rel	3884
CD012165	norm_last_rel	0.777
CD012165	threshold	1883
CD012165	norm_threshold	0.377
CD012165	wss_100	0
CD012165	wss_95	0.744
CD012165	total_cost	943.0
CD012165	norm_area	0.912
CD012165	ap	0.107
CD012165	recall_total	51.0
CD012165	recall_max	52.0
CD012165	recall_at_threshold	0.962
CD012165	recall_threshold	1883
CD012165	recall@10	0.019
CD012165	recall@20	0.058
CD012165	recall@30	0.096
CD012165	recall@40	0.135
CD012165	recall@50	0.154
CD012165	recall@100	0.231
CD012165	recall@200	0.462
CD012165	recall@300	0.558
CD012165	recall@400	0.712
CD012165	recall@500	0.769
CD012165	recall@1000	0.923
CD012165	recall@2000	0.962
CD012165	recall@3000	0.962
CD012165	recall@4000	0.981
CD012165	recall@5000	0.981
CD012179	num_shown	5000
CD012179	rels_found	126
CD012179	num_rels	127
CD012179	last_rel	3963
CD012179	norm_last_rel	0.793
CD012179	threshold	1883
CD012179	norm_threshold	0.377
CD012179	wss_100	0
CD012179	wss_95	0.677
CD012179	total_cost	-437.0
CD012179	norm_area	0.908
CD012179	ap	0.157
CD012179	recall_total	126.0
CD012179	recall_max	127.0
CD012179	recall_at_threshold	0.969
CD012179	recall_threshold	1883
CD012179	recall@10	0.0
CD012179	recall@20	0.0
CD012179	recall@30	0.0
CD012179	recall@40	0.008
CD012179	recall@50	0.024
CD012179	recall@100	0.11
CD012179	recall@200	0.299
CD012179	recall@300	0.48
CD012179	recall@400	0.638
CD012179	recall@500	0.685
CD012179	recall@1000	0.858
CD012179	recall@2000	0.984
CD012179	recall@3000	0.984
CD012179	recall@4000	0.992
CD012179	recall@5000	0.992
CD012216	num_shown	5000
CD012216	rels_found	1
CD012216	num_rels	1
CD012216	last_rel	1010
CD012216	norm_last_rel	0.202
CD012216	threshold	5000
CD012216	norm_threshold	1.0
CD012216	wss_100	0.798
CD012216	wss_95	0.748
CD012216	total_cost	4980.0
CD012216	norm_area	0.798
CD012216	ap	0.001
CD012216	recall_total	1.0
CD012216	recall_max	1.0
CD012216	recall_at_threshold	1.0
CD012216	recall_threshold	5000
CD012216	recall@10	0.0
CD012216	recall@20	0.0
CD012216	recall@30	0.0
CD012216	recall@40	0.0
CD012216	recall@50	0.0
CD012216	recall@100	0.0
CD012216	recall@200	0.0
CD012216	recall@300	0.0
CD012216	recall@400	0.0
CD012216	recall@500	0.0
CD012216	recall@1000	0.0
CD012216	recall@2000	1.0
CD012216	recall@3000	1.0
CD012216	recall@4000	1.0
CD012216	recall@5000	1.0
CD012281	num_shown	5000
CD012281	rels_found	10
CD012281	num_rels	10
CD012281	last_rel	1398
CD012281	norm_last_rel	0.28
CD012281	threshold	5000
CD012281	norm_threshold	1.0
CD012281	wss_100	0.72
CD012281	wss_95	0.67
CD012281	total_cost	4800.0
CD012281	norm_area	0.813
CD012281	ap	0.005
CD012281	recall_total	10.0
CD012281	recall_max	10.0
CD012281	recall_at_threshold	1.0
CD012281	recall_threshold	5000
CD012281	recall@10	0.0
CD012281	recall@20	0.0
CD012281	recall@30	0.0
CD012281	recall@40	0.0
CD012281	recall@50	0.0
CD012281	recall@100	0.0
CD012281	recall@200	0.0
CD012281	recall@300	0.0
CD012281	recall@400	0.1
CD012281	recall@500	0.1
CD012281	recall@1000	0.5
CD012281	recall@2000	1.0
CD012281	recall@3000	1.0
CD012281	recall@4000	1.0
CD012281	recall@5000	1.0
CD012599	num_shown	5000
CD012599	rels_found	17
CD012599	num_rels	19
CD012599	last_rel	2970
CD012599	norm_last_rel	0.594
CD012599	threshold	5000
CD012599	norm_threshold	1.0
CD012599	wss_100	0
CD012599	wss_95	0
CD012599	total_cost	4700.0
CD012599	norm_area	0.742
CD012599	ap	0.01
CD012599	recall_total	17.0
CD012599	recall_max	19.0
CD012599	recall_at_threshold	0.895
CD012599	recall_threshold	5000
CD012599	recall@10	0.0
CD012599	recall@20	0.0
CD012599	recall@30	0.0
CD012599	recall@40	0.0
CD012599	recall@50	0.0
CD012599	recall@100	0.0
CD012599	recall@200	0.053
CD012599	recall@300	0.105
CD012599	recall@400	0.263
CD012599	recall@500	0.316
CD012599	recall@1000	0.632
CD012599	recall@2000	0.842
CD012599	recall@3000	0.895
CD012599	recall@4000	0.895
CD012599	recall@5000	0.895
ALL	num_shown	150000
ALL	rels_found	727
ALL	num_rels	759
ALL	last_rel	1105.0
ALL	norm_last_rel	0.221
ALL	threshold	3613.0
ALL	norm_threshold	0.723
ALL	wss_100	0.423
ALL	wss_95	0.631
ALL	total_cost	3160.0
ALL	norm_area	0.896
ALL	ap	0.154
ALL	recall_total	24.0
ALL	recall_max	25.0
ALL	recall_at_threshold	0.951
ALL	recall_threshold	3613.0
ALL	recall@10	0.065
ALL	recall@20	0.137
ALL	recall@30	0.184
ALL	recall@40	0.219
ALL	recall@50	0.254
ALL	recall@100	0.386
ALL	recall@200	0.564
ALL	recall@300	0.673
ALL	recall@400	0.743
ALL	recall@500	0.784
ALL	recall@1000	0.884
ALL	recall@2000	0.95
ALL	recall@3000	0.953
ALL	recall@4000	0.957
ALL	recall@5000	0.958
