ALL	num_shown	150000
ALL	rels_found	727
ALL	num_rels	759
ALL	last_rel	1105.0
ALL	norm_last_rel	0.221
ALL	threshold	3613.0
ALL	norm_threshold	0.723
ALL	wss_100	0.423
ALL	wss_95	0.631
ALL	total_cost	3160.0
ALL	norm_area	0.896
ALL	ap	0.154
ALL	recall_total	24.0
ALL	recall_max	25.0
ALL	recall_at_threshold	0.951
ALL	recall_threshold	3613.0
ALL	recall@10	0.065
ALL	recall@20	0.137
ALL	recall@30	0.184
ALL	recall@40	0.219
ALL	recall@50	0.254
ALL	recall@100	0.386
ALL	recall@200	0.564
ALL	recall@300	0.673
ALL	recall@400	0.743
ALL	recall@500	0.784
ALL	recall@1000	0.884
ALL	recall@2000	0.95
ALL	recall@3000	0.953
ALL	recall@4000	0.957
ALL	recall@5000	0.958
