CD011686	num_shown	5000
CD011686	rels_found	1
CD011686	num_rels	3
CD011686	last_rel	568
CD011686	norm_last_rel	0.114
CD011686	threshold	5000
CD011686	norm_threshold	1.0
CD011686	wss_100	0
CD011686	wss_95	0
CD011686	total_cost	5020.0
CD011686	norm_area	0.296
CD011686	ap	0.001
CD011686	recall_total	1.0
CD011686	recall_max	3.0
CD011686	recall_at_threshold	0.333
CD011686	recall_threshold	5000
CD011686	recall@10	0.0
CD011686	recall@20	0.0
CD011686	recall@30	0.0
CD011686	recall@40	0.0
CD011686	recall@50	0.0
CD011686	recall@100	0.0
CD011686	recall@200	0.0
CD011686	recall@300	0.0
CD011686	recall@400	0.0
CD011686	recall@500	0.0
CD011686	recall@1000	0.333
CD011686	recall@2000	0.333
CD011686	recall@3000	0.333
CD011686	recall@4000	0.333
CD011686	recall@5000	0.333
CD011926	num_shown	5000
CD011926	rels_found	28
CD011926	num_rels	31
CD011926	last_rel	4416
CD011926	norm_last_rel	0.883
CD011926	threshold	5000
CD011926	norm_threshold	1.0
CD011926	wss_100	0
CD011926	wss_95	0
CD011926	total_cost	4500.0
CD011926	norm_area	0.733
CD011926	ap	0.018
CD011926	recall_total	28.0
CD011926	recall_max	31.0
CD011926	recall_at_threshold	0.903
CD011926	recall_threshold	5000
CD011926	recall@10	0.0
CD011926	recall@20	0.0
CD011926	recall@30	0.0
CD011926	recall@40	0.0
CD011926	recall@50	0.0
CD011926	recall@100	0.0
CD011926	recall@200	0.032
CD011926	recall@300	0.032
CD011926	recall@400	0.032
CD011926	recall@500	0.484
CD011926	recall@1000	0.71
CD011926	recall@2000	0.806
CD011926	recall@3000	0.806
CD011926	recall@4000	0.839
CD011926	recall@5000	0.903
CD011420	num_shown	5000
CD011420	rels_found	8
CD011420	num_rels	8
CD011420	last_rel	2512
CD011420	norm_last_rel	0.502
CD011420	threshold	5000
CD011420	norm_threshold	1.0
CD011420	wss_100	0.498
CD011420	wss_95	0.448
CD011420	total_cost	4840.0
CD011420	norm_area	0.901
CD011420	ap	0.16
CD011420	recall_total	8.0
CD011420	recall_max	8.0
CD011420	recall_at_threshold	1.0
CD011420	recall_threshold	5000
CD011420	recall@10	0.25
CD011420	recall@20	0.25
CD011420	recall@30	0.25
CD011420	recall@40	0.25
CD011420	recall@50	0.25
CD011420	recall@100	0.25
CD011420	recall@200	0.625
CD011420	recall@300	0.75
CD011420	recall@400	0.75
CD011420	recall@500	0.75
CD011420	recall@1000	0.875
CD011420	recall@2000	0.875
CD011420	recall@3000	1.0
CD011420	recall@4000	1.0
CD011420	recall@5000	1.0
CD012281	num_shown	5000
CD012281	rels_found	10
CD012281	num_rels	10
CD012281	last_rel	2104
CD012281	norm_last_rel	0.421
CD012281	threshold	5000
CD012281	norm_threshold	1.0
CD012281	wss_100	0.579
CD012281	wss_95	0.529
CD012281	total_cost	4800.0
CD012281	norm_area	0.829
CD012281	ap	0.008
CD012281	recall_total	10.0
CD012281	recall_max	10.0
CD012281	recall_at_threshold	1.0
CD012281	recall_threshold	5000
CD012281	recall@10	0.0
CD012281	recall@20	0.0
CD012281	recall@30	0.0
CD012281	recall@40	0.0
CD012281	recall@50	0.0
CD012281	recall@100	0.1
CD012281	recall@200	0.1
CD012281	recall@300	0.3
CD012281	recall@400	0.3
CD012281	recall@500	0.3
CD012281	recall@1000	0.7
CD012281	recall@2000	0.9
CD012281	recall@3000	1.0
CD012281	recall@4000	1.0
CD012281	recall@5000	1.0
CD008122	num_shown	5000
CD008122	rels_found	49
CD008122	num_rels	62
CD008122	last_rel	4485
CD008122	norm_last_rel	0.897
CD008122	threshold	5000
CD008122	norm_threshold	1.0
CD008122	wss_100	0
CD008122	wss_95	0
CD008122	total_cost	4280.0
CD008122	norm_area	0.622
CD008122	ap	0.036
CD008122	recall_total	49.0
CD008122	recall_max	62.0
CD008122	recall_at_threshold	0.79
CD008122	recall_threshold	5000
CD008122	recall@10	0.0
CD008122	recall@20	0.016
CD008122	recall@30	0.016
CD008122	recall@40	0.032
CD008122	recall@50	0.048
CD008122	recall@100	0.129
CD008122	recall@200	0.226
CD008122	recall@300	0.274
CD008122	recall@400	0.29
CD008122	recall@500	0.419
CD008122	recall@1000	0.452
CD008122	recall@2000	0.661
CD008122	recall@3000	0.71
CD008122	recall@4000	0.726
CD008122	recall@5000	0.79
CD011053	num_shown	5000
CD011053	rels_found	9
CD011053	num_rels	9
CD011053	last_rel	1293
CD011053	norm_last_rel	0.259
CD011053	threshold	5000
CD011053	norm_threshold	1.0
CD011053	wss_100	0.741
CD011053	wss_95	0.691
CD011053	total_cost	4820.0
CD011053	norm_area	0.934
CD011053	ap	0.037
CD011053	recall_total	9.0
CD011053	recall_max	9.0
CD011053	recall_at_threshold	1.0
CD011053	recall_threshold	5000
CD011053	recall@10	0.0
CD011053	recall@20	0.0
CD011053	recall@30	0.0
CD011053	recall@40	0.0
CD011053	recall@50	0.333
CD011053	recall@100	0.556
CD011053	recall@200	0.556
CD011053	recall@300	0.667
CD011053	recall@400	0.667
CD011053	recall@500	0.778
CD011053	recall@1000	0.889
CD011053	recall@2000	1.0
CD011053	recall@3000	1.0
CD011053	recall@4000	1.0
CD011053	recall@5000	1.0
CD010213	num_shown	5000
CD010213	rels_found	24
CD010213	num_rels	40
CD010213	last_rel	4988
CD010213	norm_last_rel	0.998
CD010213	threshold	5000
CD010213	norm_threshold	1.0
CD010213	wss_100	0
CD010213	wss_95	0
CD010213	total_cost	4840.0
CD010213	norm_area	0.463
CD010213	ap	0.011
CD010213	recall_total	24.0
CD010213	recall_max	40.0
CD010213	recall_at_threshold	0.6
CD010213	recall_threshold	5000
CD010213	recall@10	0.0
CD010213	recall@20	0.0
CD010213	recall@30	0.0
CD010213	recall@40	0.0
CD010213	recall@50	0.0
CD010213	recall@100	0.025
CD010213	recall@200	0.15
CD010213	recall@300	0.175
CD010213	recall@400	0.225
CD010213	recall@500	0.3
CD010213	recall@1000	0.375
CD010213	recall@2000	0.5
CD010213	recall@3000	0.55
CD010213	recall@4000	0.55
CD010213	recall@5000	0.6
CD012165	num_shown	5000
CD012165	rels_found	50
CD012165	num_rels	52
CD012165	last_rel	4623
CD012165	norm_last_rel	0.925
CD012165	threshold	5000
CD012165	norm_threshold	1.0
CD012165	wss_100	0
CD012165	wss_95	0.081
CD012165	total_cost	4040.0
CD012165	norm_area	0.763
CD012165	ap	0.031
CD012165	recall_total	50.0
CD012165	recall_max	52.0
CD012165	recall_at_threshold	0.962
CD012165	recall_threshold	5000
CD012165	recall@10	0.0
CD012165	recall@20	0.038
CD012165	recall@30	0.038
CD012165	recall@40	0.038
CD012165	recall@50	0.038
CD012165	recall@100	0.058
CD012165	recall@200	0.096
CD012165	recall@300	0.154
CD012165	recall@400	0.173
CD012165	recall@500	0.288
CD012165	recall@1000	0.654
CD012165	recall@2000	0.846
CD012165	recall@3000	0.885
CD012165	recall@4000	0.923
CD012165	recall@5000	0.962
CD008892	num_shown	5000
CD008892	rels_found	32
CD008892	num_rels	34
CD008892	last_rel	3828
CD008892	norm_last_rel	0.766
CD008892	threshold	5000
CD008892	norm_threshold	1.0
CD008892	wss_100	0
CD008892	wss_95	0.184
CD008892	total_cost	4400.0
CD008892	norm_area	0.825
CD008892	ap	0.028
CD008892	recall_total	32.0
CD008892	recall_max	34.0
CD008892	recall_at_threshold	0.941
CD008892	recall_threshold	5000
CD008892	recall@10	0.0
CD008892	recall@20	0.0
CD008892	recall@30	0.0
CD008892	recall@40	0.0
CD008892	recall@50	0.029
CD008892	recall@100	0.029
CD008892	recall@200	0.029
CD008892	recall@300	0.265
CD008892	recall@400	0.324
CD008892	recall@500	0.647
CD008892	recall@1000	0.794
CD008892	recall@2000	0.912
CD008892	recall@3000	0.912
CD008892	recall@4000	0.941
CD008892	recall@5000	0.941
CD012010	num_shown	5000
CD012010	rels_found	7
CD012010	num_rels	9
CD012010	last_rel	4251
CD012010	norm_last_rel	0.85
CD012010	threshold	5000
CD012010	norm_threshold	1.0
CD012010	wss_100	0
CD012010	wss_95	0
CD012010	total_cost	4900.0
CD012010	norm_area	0.591
CD012010	ap	0.133
CD012010	recall_total	7.0
CD012010	recall_max	9.0
CD012010	recall_at_threshold	0.778
CD012010	recall_threshold	5000
CD012010	recall@10	0.111
CD012010	recall@20	0.111
CD012010	recall@30	0.333
CD012010	recall@40	0.333
CD012010	recall@50	0.333
CD012010	recall@100	0.333
CD012010	recall@200	0.333
CD012010	recall@300	0.444
CD012010	recall@400	0.444
CD012010	recall@500	0.444
CD012010	recall@1000	0.556
CD012010	recall@2000	0.556
CD012010	recall@3000	0.667
CD012010	recall@4000	0.667
CD012010	recall@5000	0.778
CD009175	num_shown	5000
CD009175	rels_found	7
CD009175	num_rels	7
CD009175	last_rel	651
CD009175	norm_last_rel	0.13
CD009175	threshold	5000
CD009175	norm_threshold	1.0
CD009175	wss_100	0.87
CD009175	wss_95	0.82
CD009175	total_cost	4860.0
CD009175	norm_area	0.963
CD009175	ap	0.039
CD009175	recall_total	7.0
CD009175	recall_max	7.0
CD009175	recall_at_threshold	1.0
CD009175	recall_threshold	5000
CD009175	recall@10	0.0
CD009175	recall@20	0.0
CD009175	recall@30	0.143
CD009175	recall@40	0.286
CD009175	recall@50	0.429
CD009175	recall@100	0.429
CD009175	recall@200	0.714
CD009175	recall@300	0.714
CD009175	recall@400	0.857
CD009175	recall@500	0.857
CD009175	recall@1000	1.0
CD009175	recall@2000	1.0
CD009175	recall@3000	1.0
CD009175	recall@4000	1.0
CD009175	recall@5000	1.0
CD010502	num_shown	5000
CD010502	rels_found	74
CD010502	num_rels	82
CD010502	last_rel	4608
CD010502	norm_last_rel	0.922
CD010502	threshold	5000
CD010502	norm_threshold	1.0
CD010502	wss_100	0
CD010502	wss_95	0
CD010502	total_cost	3680.0
CD010502	norm_area	0.825
CD010502	ap	0.21
CD010502	recall_total	74.0
CD010502	recall_max	82.0
CD010502	recall_at_threshold	0.902
CD010502	recall_threshold	5000
CD010502	recall@10	0.049
CD010502	recall@20	0.122
CD010502	recall@30	0.146
CD010502	recall@40	0.183
CD010502	recall@50	0.22
CD010502	recall@100	0.39
CD010502	recall@200	0.476
CD010502	recall@300	0.537
CD010502	recall@400	0.573
CD010502	recall@500	0.61
CD010502	recall@1000	0.78
CD010502	recall@2000	0.854
CD010502	recall@3000	0.89
CD010502	recall@4000	0.89
CD010502	recall@5000	0.902
CD011515	num_shown	5000
CD011515	rels_found	1
CD011515	num_rels	2
CD011515	last_rel	1919
CD011515	norm_last_rel	0.384
CD011515	threshold	5000
CD011515	norm_threshold	1.0
CD011515	wss_100	0
CD011515	wss_95	0
CD011515	total_cost	5000.0
CD011515	norm_area	0.308
CD011515	ap	0.0
CD011515	recall_total	1.0
CD011515	recall_max	2.0
CD011515	recall_at_threshold	0.5
CD011515	recall_threshold	5000
CD011515	recall@10	0.0
CD011515	recall@20	0.0
CD011515	recall@30	0.0
CD011515	recall@40	0.0
CD011515	recall@50	0.0
CD011515	recall@100	0.0
CD011515	recall@200	0.0
CD011515	recall@300	0.0
CD011515	recall@400	0.0
CD011515	recall@500	0.0
CD011515	recall@1000	0.0
CD011515	recall@2000	0.5
CD011515	recall@3000	0.5
CD011515	recall@4000	0.5
CD011515	recall@5000	0.5
CD012599	num_shown	5000
CD012599	rels_found	17
CD012599	num_rels	19
CD012599	last_rel	4930
CD012599	norm_last_rel	0.986
CD012599	threshold	5000
CD012599	norm_threshold	1.0
CD012599	wss_100	0
CD012599	wss_95	0
CD012599	total_cost	4700.0
CD012599	norm_area	0.645
CD012599	ap	0.018
CD012599	recall_total	17.0
CD012599	recall_max	19.0
CD012599	recall_at_threshold	0.895
CD012599	recall_threshold	5000
CD012599	recall@10	0.0
CD012599	recall@20	0.0
CD012599	recall@30	0.0
CD012599	recall@40	0.0
CD012599	recall@50	0.105
CD012599	recall@100	0.211
CD012599	recall@200	0.316
CD012599	recall@300	0.316
CD012599	recall@400	0.316
CD012599	recall@500	0.368
CD012599	recall@1000	0.526
CD012599	recall@2000	0.684
CD012599	recall@3000	0.684
CD012599	recall@4000	0.789
CD012599	recall@5000	0.895
CD008759	num_shown	5000
CD008759	rels_found	44
CD008759	num_rels	52
CD008759	last_rel	4469
CD008759	norm_last_rel	0.894
CD008759	threshold	5000
CD008759	norm_threshold	1.0
CD008759	wss_100	0
CD008759	wss_95	0
CD008759	total_cost	4280.0
CD008759	norm_area	0.789
CD008759	ap	0.088
CD008759	recall_total	44.0
CD008759	recall_max	52.0
CD008759	recall_at_threshold	0.846
CD008759	recall_threshold	5000
CD008759	recall@10	0.0
CD008759	recall@20	0.0
CD008759	recall@30	0.0
CD008759	recall@40	0.0
CD008759	recall@50	0.058
CD008759	recall@100	0.269
CD008759	recall@200	0.481
CD008759	recall@300	0.615
CD008759	recall@400	0.635
CD008759	recall@500	0.712
CD008759	recall@1000	0.808
CD008759	recall@2000	0.827
CD008759	recall@3000	0.827
CD008759	recall@4000	0.827
CD008759	recall@5000	0.846
CD008587	num_shown	5000
CD008587	rels_found	29
CD008587	num_rels	35
CD008587	last_rel	4704
CD008587	norm_last_rel	0.941
CD008587	threshold	5000
CD008587	norm_threshold	1.0
CD008587	wss_100	0
CD008587	wss_95	0
CD008587	total_cost	4540.0
CD008587	norm_area	0.679
CD008587	ap	0.059
CD008587	recall_total	29.0
CD008587	recall_max	35.0
CD008587	recall_at_threshold	0.829
CD008587	recall_threshold	5000
CD008587	recall@10	0.057
CD008587	recall@20	0.114
CD008587	recall@30	0.143
CD008587	recall@40	0.143
CD008587	recall@50	0.143
CD008587	recall@100	0.2
CD008587	recall@200	0.314
CD008587	recall@300	0.429
CD008587	recall@400	0.486
CD008587	recall@500	0.486
CD008587	recall@1000	0.6
CD008587	recall@2000	0.657
CD008587	recall@3000	0.743
CD008587	recall@4000	0.771
CD008587	recall@5000	0.829
CD010657	num_shown	5000
CD010657	rels_found	33
CD010657	num_rels	37
CD010657	last_rel	3695
CD010657	norm_last_rel	0.739
CD010657	threshold	5000
CD010657	norm_threshold	1.0
CD010657	wss_100	0
CD010657	wss_95	0
CD010657	total_cost	4420.0
CD010657	norm_area	0.801
CD010657	ap	0.092
CD010657	recall_total	33.0
CD010657	recall_max	37.0
CD010657	recall_at_threshold	0.892
CD010657	recall_threshold	5000
CD010657	recall@10	0.027
CD010657	recall@20	0.081
CD010657	recall@30	0.081
CD010657	recall@40	0.081
CD010657	recall@50	0.162
CD010657	recall@100	0.324
CD010657	recall@200	0.405
CD010657	recall@300	0.459
CD010657	recall@400	0.568
CD010657	recall@500	0.622
CD010657	recall@1000	0.757
CD010657	recall@2000	0.838
CD010657	recall@3000	0.865
CD010657	recall@4000	0.892
CD010657	recall@5000	0.892
CD012083	num_shown	5000
CD012083	rels_found	6
CD012083	num_rels	7
CD012083	last_rel	448
CD012083	norm_last_rel	0.09
CD012083	threshold	5000
CD012083	norm_threshold	1.0
CD012083	wss_100	0
CD012083	wss_95	0
CD012083	total_cost	4900.0
CD012083	norm_area	0.837
CD012083	ap	0.039
CD012083	recall_total	6.0
CD012083	recall_max	7.0
CD012083	recall_at_threshold	0.857
CD012083	recall_threshold	5000
CD012083	recall@10	0.0
CD012083	recall@20	0.0
CD012083	recall@30	0.0
CD012083	recall@40	0.143
CD012083	recall@50	0.429
CD012083	recall@100	0.714
CD012083	recall@200	0.714
CD012083	recall@300	0.714
CD012083	recall@400	0.714
CD012083	recall@500	0.857
CD012083	recall@1000	0.857
CD012083	recall@2000	0.857
CD012083	recall@3000	0.857
CD012083	recall@4000	0.857
CD012083	recall@5000	0.857
CD012216	num_shown	5000
CD012216	rels_found	0
CD012216	num_rels	1
CD012216	last_rel	0
CD012216	norm_last_rel	0.0
CD012216	threshold	5000
CD012216	norm_threshold	1.0
CD012216	wss_100	0
CD012216	wss_95	0
CD012216	total_cost	5020.0
CD012216	norm_area	0.0
CD012216	ap	0.0
CD012216	recall_total	0.0
CD012216	recall_max	1.0
CD012216	recall_at_threshold	0.0
CD012216	recall_threshold	5000
CD012216	recall@10	0.0
CD012216	recall@20	0.0
CD012216	recall@30	0.0
CD012216	recall@40	0.0
CD012216	recall@50	0.0
CD012216	recall@100	0.0
CD012216	recall@200	0.0
CD012216	recall@300	0.0
CD012216	recall@400	0.0
CD012216	recall@500	0.0
CD012216	recall@1000	0.0
CD012216	recall@2000	0.0
CD012216	recall@3000	0.0
CD012216	recall@4000	0.0
CD012216	recall@5000	0.0
CD009694	num_shown	5000
CD009694	rels_found	10
CD009694	num_rels	10
CD009694	last_rel	2062
CD009694	norm_last_rel	0.412
CD009694	threshold	5000
CD009694	norm_threshold	1.0
CD009694	wss_100	0.588
CD009694	wss_95	0.538
CD009694	total_cost	4800.0
CD009694	norm_area	0.924
CD009694	ap	0.054
CD009694	recall_total	10.0
CD009694	recall_max	10.0
CD009694	recall_at_threshold	1.0
CD009694	recall_threshold	5000
CD009694	recall@10	0.0
CD009694	recall@20	0.0
CD009694	recall@30	0.2
CD009694	recall@40	0.2
CD009694	recall@50	0.4
CD009694	recall@100	0.6
CD009694	recall@200	0.7
CD009694	recall@300	0.7
CD009694	recall@400	0.7
CD009694	recall@500	0.8
CD009694	recall@1000	0.9
CD009694	recall@2000	0.9
CD009694	recall@3000	1.0
CD009694	recall@4000	1.0
CD009694	recall@5000	1.0
CD011126	num_shown	5000
CD011126	rels_found	10
CD011126	num_rels	12
CD011126	last_rel	875
CD011126	norm_last_rel	0.175
CD011126	threshold	5000
CD011126	norm_threshold	1.0
CD011126	wss_100	0
CD011126	wss_95	0
CD011126	total_cost	4840.0
CD011126	norm_area	0.753
CD011126	ap	0.009
CD011126	recall_total	10.0
CD011126	recall_max	12.0
CD011126	recall_at_threshold	0.833
CD011126	recall_threshold	5000
CD011126	recall@10	0.0
CD011126	recall@20	0.0
CD011126	recall@30	0.0
CD011126	recall@40	0.0
CD011126	recall@50	0.0
CD011126	recall@100	0.0
CD011126	recall@200	0.0
CD011126	recall@300	0.167
CD011126	recall@400	0.417
CD011126	recall@500	0.5
CD011126	recall@1000	0.833
CD011126	recall@2000	0.833
CD011126	recall@3000	0.833
CD011126	recall@4000	0.833
CD011126	recall@5000	0.833
CD011602	num_shown	5000
CD011602	rels_found	0
CD011602	num_rels	1
CD011602	last_rel	0
CD011602	norm_last_rel	0.0
CD011602	threshold	5000
CD011602	norm_threshold	1.0
CD011602	wss_100	0
CD011602	wss_95	0
CD011602	total_cost	5020.0
CD011602	norm_area	0.0
CD011602	ap	0.0
CD011602	recall_total	0.0
CD011602	recall_max	1.0
CD011602	recall_at_threshold	0.0
CD011602	recall_threshold	5000
CD011602	recall@10	0.0
CD011602	recall@20	0.0
CD011602	recall@30	0.0
CD011602	recall@40	0.0
CD011602	recall@50	0.0
CD011602	recall@100	0.0
CD011602	recall@200	0.0
CD011602	recall@300	0.0
CD011602	recall@400	0.0
CD011602	recall@500	0.0
CD011602	recall@1000	0.0
CD011602	recall@2000	0.0
CD011602	recall@3000	0.0
CD011602	recall@4000	0.0
CD011602	recall@5000	0.0
CD010296	num_shown	5000
CD010296	rels_found	33
CD010296	num_rels	38
CD010296	last_rel	4102
CD010296	norm_last_rel	0.82
CD010296	threshold	5000
CD010296	norm_threshold	1.0
CD010296	wss_100	0
CD010296	wss_95	0
CD010296	total_cost	4440.0
CD010296	norm_area	0.611
CD010296	ap	0.019
CD010296	recall_total	33.0
CD010296	recall_max	38.0
CD010296	recall_at_threshold	0.868
CD010296	recall_threshold	5000
CD010296	recall@10	0.0
CD010296	recall@20	0.0
CD010296	recall@30	0.0
CD010296	recall@40	0.026
CD010296	recall@50	0.079
CD010296	recall@100	0.132
CD010296	recall@200	0.211
CD010296	recall@300	0.237
CD010296	recall@400	0.263
CD010296	recall@500	0.263
CD010296	recall@1000	0.263
CD010296	recall@2000	0.605
CD010296	recall@3000	0.711
CD010296	recall@4000	0.842
CD010296	recall@5000	0.868
CD009263	num_shown	5000
CD009263	rels_found	10
CD009263	num_rels	11
CD009263	last_rel	1405
CD009263	norm_last_rel	0.281
CD009263	threshold	5000
CD009263	norm_threshold	1.0
CD009263	wss_100	0
CD009263	wss_95	0.669
CD009263	total_cost	4820.0
CD009263	norm_area	0.817
CD009263	ap	0.027
CD009263	recall_total	10.0
CD009263	recall_max	11.0
CD009263	recall_at_threshold	0.909
CD009263	recall_threshold	5000
CD009263	recall@10	0.091
CD009263	recall@20	0.091
CD009263	recall@30	0.091
CD009263	recall@40	0.091
CD009263	recall@50	0.091
CD009263	recall@100	0.273
CD009263	recall@200	0.455
CD009263	recall@300	0.545
CD009263	recall@400	0.545
CD009263	recall@500	0.545
CD009263	recall@1000	0.636
CD009263	recall@2000	0.909
CD009263	recall@3000	0.909
CD009263	recall@4000	0.909
CD009263	recall@5000	0.909
CD010864	num_shown	5000
CD010864	rels_found	3
CD010864	num_rels	3
CD010864	last_rel	282
CD010864	norm_last_rel	0.056
CD010864	threshold	5000
CD010864	norm_threshold	1.0
CD010864	wss_100	0.944
CD010864	wss_95	0.894
CD010864	total_cost	4940.0
CD010864	norm_area	0.975
CD010864	ap	0.025
CD010864	recall_total	3.0
CD010864	recall_max	3.0
CD010864	recall_at_threshold	1.0
CD010864	recall_threshold	5000
CD010864	recall@10	0.0
CD010864	recall@20	0.0
CD010864	recall@30	0.333
CD010864	recall@40	0.333
CD010864	recall@50	0.333
CD010864	recall@100	0.667
CD010864	recall@200	0.667
CD010864	recall@300	1.0
CD010864	recall@400	1.0
CD010864	recall@500	1.0
CD010864	recall@1000	1.0
CD010864	recall@2000	1.0
CD010864	recall@3000	1.0
CD010864	recall@4000	1.0
CD010864	recall@5000	1.0
CD012009	num_shown	5000
CD012009	rels_found	4
CD012009	num_rels	4
CD012009	last_rel	2633
CD012009	norm_last_rel	0.527
CD012009	threshold	5000
CD012009	norm_threshold	1.0
CD012009	wss_100	0.473
CD012009	wss_95	0.423
CD012009	total_cost	4920.0
CD012009	norm_area	0.803
CD012009	ap	0.012
CD012009	recall_total	4.0
CD012009	recall_max	4.0
CD012009	recall_at_threshold	1.0
CD012009	recall_threshold	5000
CD012009	recall@10	0.0
CD012009	recall@20	0.0
CD012009	recall@30	0.25
CD012009	recall@40	0.25
CD012009	recall@50	0.25
CD012009	recall@100	0.25
CD012009	recall@200	0.25
CD012009	recall@300	0.25
CD012009	recall@400	0.5
CD012009	recall@500	0.5
CD012009	recall@1000	0.75
CD012009	recall@2000	0.75
CD012009	recall@3000	1.0
CD012009	recall@4000	1.0
CD012009	recall@5000	1.0
CD011912	num_shown	5000
CD011912	rels_found	18
CD011912	num_rels	18
CD011912	last_rel	379
CD011912	norm_last_rel	0.076
CD011912	threshold	5000
CD011912	norm_threshold	1.0
CD011912	wss_100	0.924
CD011912	wss_95	0.902
CD011912	total_cost	4640.0
CD011912	norm_area	0.985
CD011912	ap	0.191
CD011912	recall_total	18.0
CD011912	recall_max	18.0
CD011912	recall_at_threshold	1.0
CD011912	recall_threshold	5000
CD011912	recall@10	0.111
CD011912	recall@20	0.111
CD011912	recall@30	0.278
CD011912	recall@40	0.556
CD011912	recall@50	0.611
CD011912	recall@100	0.722
CD011912	recall@200	0.889
CD011912	recall@300	0.944
CD011912	recall@400	1.0
CD011912	recall@500	1.0
CD011912	recall@1000	1.0
CD011912	recall@2000	1.0
CD011912	recall@3000	1.0
CD011912	recall@4000	1.0
CD011912	recall@5000	1.0
CD010680	num_shown	5000
CD010680	rels_found	1
CD010680	num_rels	1
CD010680	last_rel	57
CD010680	norm_last_rel	0.011
CD010680	threshold	5000
CD010680	norm_threshold	1.0
CD010680	wss_100	0.989
CD010680	wss_95	0.939
CD010680	total_cost	4980.0
CD010680	norm_area	0.989
CD010680	ap	0.018
CD010680	recall_total	1.0
CD010680	recall_max	1.0
CD010680	recall_at_threshold	1.0
CD010680	recall_threshold	5000
CD010680	recall@10	0.0
CD010680	recall@20	0.0
CD010680	recall@30	0.0
CD010680	recall@40	0.0
CD010680	recall@50	0.0
CD010680	recall@100	1.0
CD010680	recall@200	1.0
CD010680	recall@300	1.0
CD010680	recall@400	1.0
CD010680	recall@500	1.0
CD010680	recall@1000	1.0
CD010680	recall@2000	1.0
CD010680	recall@3000	1.0
CD010680	recall@4000	1.0
CD010680	recall@5000	1.0
CD012179	num_shown	5000
CD012179	rels_found	108
CD012179	num_rels	127
CD012179	last_rel	4820
CD012179	norm_last_rel	0.964
CD012179	threshold	5000
CD012179	norm_threshold	1.0
CD012179	wss_100	0
CD012179	wss_95	0
CD012179	total_cost	3220.0
CD012179	norm_area	0.692
CD012179	ap	0.103
CD012179	recall_total	108.0
CD012179	recall_max	127.0
CD012179	recall_at_threshold	0.85
CD012179	recall_threshold	5000
CD012179	recall@10	0.008
CD012179	recall@20	0.055
CD012179	recall@30	0.055
CD012179	recall@40	0.071
CD012179	recall@50	0.079
CD012179	recall@100	0.15
CD012179	recall@200	0.276
CD012179	recall@300	0.339
CD012179	recall@400	0.378
CD012179	recall@500	0.417
CD012179	recall@1000	0.583
CD012179	recall@2000	0.724
CD012179	recall@3000	0.764
CD012179	recall@4000	0.819
CD012179	recall@5000	0.85
CD011431	num_shown	5000
CD011431	rels_found	30
CD011431	num_rels	34
CD011431	last_rel	4759
CD011431	norm_last_rel	0.952
CD011431	threshold	5000
CD011431	norm_threshold	1.0
CD011431	wss_100	0
CD011431	wss_95	0
CD011431	total_cost	4480.0
CD011431	norm_area	0.727
CD011431	ap	0.044
CD011431	recall_total	30.0
CD011431	recall_max	34.0
CD011431	recall_at_threshold	0.882
CD011431	recall_threshold	5000
CD011431	recall@10	0.0
CD011431	recall@20	0.0
CD011431	recall@30	0.0
CD011431	recall@40	0.0
CD011431	recall@50	0.059
CD011431	recall@100	0.235
CD011431	recall@200	0.324
CD011431	recall@300	0.471
CD011431	recall@400	0.5
CD011431	recall@500	0.559
CD011431	recall@1000	0.676
CD011431	recall@2000	0.765
CD011431	recall@3000	0.765
CD011431	recall@4000	0.824
CD011431	recall@5000	0.882
ALL	num_shown	150000
ALL	rels_found	656
ALL	num_rels	759
ALL	last_rel	2662.0
ALL	norm_last_rel	0.533
ALL	threshold	5000.0
ALL	norm_threshold	1.0
ALL	wss_100	0.22
ALL	wss_95	0.237
ALL	total_cost	4631.0
ALL	norm_area	0.703
ALL	ap	0.05
ALL	recall_total	22.0
ALL	recall_max	25.0
ALL	recall_at_threshold	0.864
ALL	recall_threshold	5000.0
ALL	recall@10	0.018
ALL	recall@20	0.043
ALL	recall@30	0.061
ALL	recall@40	0.079
ALL	recall@50	0.115
ALL	recall@100	0.209
ALL	recall@200	0.307
ALL	recall@300	0.382
ALL	recall@400	0.42
ALL	recall@500	0.503
ALL	recall@1000	0.646
ALL	recall@2000	0.765
ALL	recall@3000	0.802
ALL	recall@4000	0.833
ALL	recall@5000	0.864
