ALL	num_shown	150000
ALL	rels_found	656
ALL	num_rels	759
ALL	last_rel	2662.0
ALL	norm_last_rel	0.533
ALL	threshold	5000.0
ALL	norm_threshold	1.0
ALL	wss_100	0.22
ALL	wss_95	0.237
ALL	total_cost	4631.0
ALL	norm_area	0.703
ALL	ap	0.05
ALL	recall_total	22.0
ALL	recall_max	25.0
ALL	recall_at_threshold	0.864
ALL	recall_threshold	5000.0
ALL	recall@10	0.018
ALL	recall@20	0.043
ALL	recall@30	0.061
ALL	recall@40	0.079
ALL	recall@50	0.115
ALL	recall@100	0.209
ALL	recall@200	0.307
ALL	recall@300	0.382
ALL	recall@400	0.42
ALL	recall@500	0.503
ALL	recall@1000	0.646
ALL	recall@2000	0.765
ALL	recall@3000	0.802
ALL	recall@4000	0.833
ALL	recall@5000	0.864
