ALL	num_shown	143678
ALL	rels_found	545
ALL	num_rels	759
ALL	last_rel	1838.0
ALL	norm_last_rel	0.368
ALL	threshold	5000.0
ALL	norm_threshold	1.0
ALL	wss_100	0.181
ALL	wss_95	0.172
ALL	total_cost	4569.0
ALL	norm_area	0.714
ALL	ap	0.091
ALL	recall_total	18.0
ALL	recall_max	25.0
ALL	recall_at_threshold	0.718
ALL	recall_threshold	4789.267
ALL	recall@10	0.053
ALL	recall@20	0.094
ALL	recall@30	0.134
ALL	recall@40	0.174
ALL	recall@50	0.199
ALL	recall@100	0.294
ALL	recall@200	0.389
ALL	recall@300	0.439
ALL	recall@400	0.469
ALL	recall@500	0.495
ALL	recall@1000	0.582
ALL	recall@2000	0.65
ALL	recall@3000	0.682
ALL	recall@4000	0.701
ALL	recall@5000	0.718
