CD008122	num_shown	5000
CD008122	rels_found	37
CD008122	num_rels	62
CD008122	last_rel	4469
CD008122	norm_last_rel	0.894
CD008122	threshold	5000
CD008122	norm_threshold	1.0
CD008122	wss_100	0
CD008122	wss_95	0
CD008122	total_cost	4760.0
CD008122	norm_area	0.364
CD008122	ap	0.007
CD008122	recall_total	37.0
CD008122	recall_max	62.0
CD008122	recall_at_threshold	0.597
CD008122	recall_threshold	5000
CD008122	recall@10	0.0
CD008122	recall@20	0.0
CD008122	recall@30	0.0
CD008122	recall@40	0.0
CD008122	recall@50	0.0
CD008122	recall@100	0.0
CD008122	recall@200	0.048
CD008122	recall@300	0.113
CD008122	recall@400	0.113
CD008122	recall@500	0.129
CD008122	recall@1000	0.226
CD008122	recall@2000	0.29
CD008122	recall@3000	0.403
CD008122	recall@4000	0.581
CD008122	recall@5000	0.597
CD008587	num_shown	5000
CD008587	rels_found	27
CD008587	num_rels	35
CD008587	last_rel	4899
CD008587	norm_last_rel	0.98
CD008587	threshold	5000
CD008587	norm_threshold	1.0
CD008587	wss_100	0
CD008587	wss_95	0
CD008587	total_cost	4620.0
CD008587	norm_area	0.598
CD008587	ap	0.034
CD008587	recall_total	27.0
CD008587	recall_max	35.0
CD008587	recall_at_threshold	0.771
CD008587	recall_threshold	5000
CD008587	recall@10	0.029
CD008587	recall@20	0.029
CD008587	recall@30	0.057
CD008587	recall@40	0.057
CD008587	recall@50	0.057
CD008587	recall@100	0.114
CD008587	recall@200	0.229
CD008587	recall@300	0.257
CD008587	recall@400	0.286
CD008587	recall@500	0.371
CD008587	recall@1000	0.457
CD008587	recall@2000	0.6
CD008587	recall@3000	0.714
CD008587	recall@4000	0.743
CD008587	recall@5000	0.771
CD008759	num_shown	5000
CD008759	rels_found	33
CD008759	num_rels	52
CD008759	last_rel	4463
CD008759	norm_last_rel	0.893
CD008759	threshold	5000
CD008759	norm_threshold	1.0
CD008759	wss_100	0
CD008759	wss_95	0
CD008759	total_cost	4720.0
CD008759	norm_area	0.539
CD008759	ap	0.077
CD008759	recall_total	33.0
CD008759	recall_max	52.0
CD008759	recall_at_threshold	0.635
CD008759	recall_threshold	5000
CD008759	recall@10	0.038
CD008759	recall@20	0.058
CD008759	recall@30	0.115
CD008759	recall@40	0.154
CD008759	recall@50	0.173
CD008759	recall@100	0.308
CD008759	recall@200	0.346
CD008759	recall@300	0.385
CD008759	recall@400	0.385
CD008759	recall@500	0.404
CD008759	recall@1000	0.519
CD008759	recall@2000	0.558
CD008759	recall@3000	0.558
CD008759	recall@4000	0.615
CD008759	recall@5000	0.635
CD008892	num_shown	5000
CD008892	rels_found	31
CD008892	num_rels	34
CD008892	last_rel	1897
CD008892	norm_last_rel	0.379
CD008892	threshold	5000
CD008892	norm_threshold	1.0
CD008892	wss_100	0
CD008892	wss_95	0
CD008892	total_cost	4440.0
CD008892	norm_area	0.803
CD008892	ap	0.038
CD008892	recall_total	31.0
CD008892	recall_max	34.0
CD008892	recall_at_threshold	0.912
CD008892	recall_threshold	5000
CD008892	recall@10	0.029
CD008892	recall@20	0.029
CD008892	recall@30	0.029
CD008892	recall@40	0.029
CD008892	recall@50	0.029
CD008892	recall@100	0.029
CD008892	recall@200	0.059
CD008892	recall@300	0.382
CD008892	recall@400	0.676
CD008892	recall@500	0.676
CD008892	recall@1000	0.735
CD008892	recall@2000	0.912
CD008892	recall@3000	0.912
CD008892	recall@4000	0.912
CD008892	recall@5000	0.912
CD009175	num_shown	5000
CD009175	rels_found	7
CD009175	num_rels	7
CD009175	last_rel	4183
CD009175	norm_last_rel	0.837
CD009175	threshold	5000
CD009175	norm_threshold	1.0
CD009175	wss_100	0.163
CD009175	wss_95	0.113
CD009175	total_cost	4860.0
CD009175	norm_area	0.634
CD009175	ap	0.003
CD009175	recall_total	7.0
CD009175	recall_max	7.0
CD009175	recall_at_threshold	1.0
CD009175	recall_threshold	5000
CD009175	recall@10	0.0
CD009175	recall@20	0.0
CD009175	recall@30	0.0
CD009175	recall@40	0.0
CD009175	recall@50	0.0
CD009175	recall@100	0.0
CD009175	recall@200	0.0
CD009175	recall@300	0.0
CD009175	recall@400	0.143
CD009175	recall@500	0.143
CD009175	recall@1000	0.571
CD009175	recall@2000	0.571
CD009175	recall@3000	0.714
CD009175	recall@4000	0.857
CD009175	recall@5000	1.0
CD009263	num_shown	5000
CD009263	rels_found	6
CD009263	num_rels	11
CD009263	last_rel	2061
CD009263	norm_last_rel	0.412
CD009263	threshold	5000
CD009263	norm_threshold	1.0
CD009263	wss_100	0
CD009263	wss_95	0
CD009263	total_cost	4980.0
CD009263	norm_area	0.476
CD009263	ap	0.012
CD009263	recall_total	6.0
CD009263	recall_max	11.0
CD009263	recall_at_threshold	0.545
CD009263	recall_threshold	5000
CD009263	recall@10	0.0
CD009263	recall@20	0.0
CD009263	recall@30	0.091
CD009263	recall@40	0.091
CD009263	recall@50	0.091
CD009263	recall@100	0.273
CD009263	recall@200	0.364
CD009263	recall@300	0.364
CD009263	recall@400	0.364
CD009263	recall@500	0.364
CD009263	recall@1000	0.364
CD009263	recall@2000	0.455
CD009263	recall@3000	0.545
CD009263	recall@4000	0.545
CD009263	recall@5000	0.545
CD009694	num_shown	5000
CD009694	rels_found	9
CD009694	num_rels	10
CD009694	last_rel	2300
CD009694	norm_last_rel	0.46
CD009694	threshold	5000
CD009694	norm_threshold	1.0
CD009694	wss_100	0
CD009694	wss_95	0
CD009694	total_cost	4840.0
CD009694	norm_area	0.842
CD009694	ap	0.059
CD009694	recall_total	9.0
CD009694	recall_max	10.0
CD009694	recall_at_threshold	0.9
CD009694	recall_threshold	5000
CD009694	recall@10	0.0
CD009694	recall@20	0.2
CD009694	recall@30	0.2
CD009694	recall@40	0.2
CD009694	recall@50	0.4
CD009694	recall@100	0.6
CD009694	recall@200	0.7
CD009694	recall@300	0.8
CD009694	recall@400	0.8
CD009694	recall@500	0.8
CD009694	recall@1000	0.8
CD009694	recall@2000	0.8
CD009694	recall@3000	0.9
CD009694	recall@4000	0.9
CD009694	recall@5000	0.9
CD010213	num_shown	5000
CD010213	rels_found	6
CD010213	num_rels	40
CD010213	last_rel	3163
CD010213	norm_last_rel	0.633
CD010213	threshold	5000
CD010213	norm_threshold	1.0
CD010213	wss_100	0
CD010213	wss_95	0
CD010213	total_cost	5560.0
CD010213	norm_area	0.114
CD010213	ap	0.001
CD010213	recall_total	6.0
CD010213	recall_max	40.0
CD010213	recall_at_threshold	0.15
CD010213	recall_threshold	5000
CD010213	recall@10	0.0
CD010213	recall@20	0.0
CD010213	recall@30	0.0
CD010213	recall@40	0.0
CD010213	recall@50	0.0
CD010213	recall@100	0.0
CD010213	recall@200	0.025
CD010213	recall@300	0.025
CD010213	recall@400	0.025
CD010213	recall@500	0.025
CD010213	recall@1000	0.075
CD010213	recall@2000	0.125
CD010213	recall@3000	0.125
CD010213	recall@4000	0.15
CD010213	recall@5000	0.15
CD010296	num_shown	5000
CD010296	rels_found	30
CD010296	num_rels	38
CD010296	last_rel	4456
CD010296	norm_last_rel	0.891
CD010296	threshold	5000
CD010296	norm_threshold	1.0
CD010296	wss_100	0
CD010296	wss_95	0
CD010296	total_cost	4560.0
CD010296	norm_area	0.57
CD010296	ap	0.016
CD010296	recall_total	30.0
CD010296	recall_max	38.0
CD010296	recall_at_threshold	0.789
CD010296	recall_threshold	5000
CD010296	recall@10	0.0
CD010296	recall@20	0.026
CD010296	recall@30	0.026
CD010296	recall@40	0.053
CD010296	recall@50	0.053
CD010296	recall@100	0.105
CD010296	recall@200	0.132
CD010296	recall@300	0.184
CD010296	recall@400	0.184
CD010296	recall@500	0.184
CD010296	recall@1000	0.289
CD010296	recall@2000	0.579
CD010296	recall@3000	0.711
CD010296	recall@4000	0.763
CD010296	recall@5000	0.789
CD010502	num_shown	5000
CD010502	rels_found	56
CD010502	num_rels	82
CD010502	last_rel	4803
CD010502	norm_last_rel	0.961
CD010502	threshold	5000
CD010502	norm_threshold	1.0
CD010502	wss_100	0
CD010502	wss_95	0
CD010502	total_cost	4400.0
CD010502	norm_area	0.634
CD010502	ap	0.08
CD010502	recall_total	56.0
CD010502	recall_max	82.0
CD010502	recall_at_threshold	0.683
CD010502	recall_threshold	5000
CD010502	recall@10	0.037
CD010502	recall@20	0.037
CD010502	recall@30	0.073
CD010502	recall@40	0.085
CD010502	recall@50	0.085
CD010502	recall@100	0.146
CD010502	recall@200	0.317
CD010502	recall@300	0.402
CD010502	recall@400	0.427
CD010502	recall@500	0.488
CD010502	recall@1000	0.659
CD010502	recall@2000	0.671
CD010502	recall@3000	0.671
CD010502	recall@4000	0.671
CD010502	recall@5000	0.683
CD010657	num_shown	5000
CD010657	rels_found	27
CD010657	num_rels	37
CD010657	last_rel	4762
CD010657	norm_last_rel	0.952
CD010657	threshold	5000
CD010657	norm_threshold	1.0
CD010657	wss_100	0
CD010657	wss_95	0
CD010657	total_cost	4660.0
CD010657	norm_area	0.594
CD010657	ap	0.036
CD010657	recall_total	27.0
CD010657	recall_max	37.0
CD010657	recall_at_threshold	0.73
CD010657	recall_threshold	5000
CD010657	recall@10	0.0
CD010657	recall@20	0.027
CD010657	recall@30	0.027
CD010657	recall@40	0.027
CD010657	recall@50	0.027
CD010657	recall@100	0.135
CD010657	recall@200	0.405
CD010657	recall@300	0.486
CD010657	recall@400	0.514
CD010657	recall@500	0.541
CD010657	recall@1000	0.541
CD010657	recall@2000	0.622
CD010657	recall@3000	0.622
CD010657	recall@4000	0.622
CD010657	recall@5000	0.73
CD010680	num_shown	5000
CD010680	rels_found	1
CD010680	num_rels	1
CD010680	last_rel	217
CD010680	norm_last_rel	0.043
CD010680	threshold	5000
CD010680	norm_threshold	1.0
CD010680	wss_100	0.957
CD010680	wss_95	0.907
CD010680	total_cost	4980.0
CD010680	norm_area	0.957
CD010680	ap	0.005
CD010680	recall_total	1.0
CD010680	recall_max	1.0
CD010680	recall_at_threshold	1.0
CD010680	recall_threshold	5000
CD010680	recall@10	0.0
CD010680	recall@20	0.0
CD010680	recall@30	0.0
CD010680	recall@40	0.0
CD010680	recall@50	0.0
CD010680	recall@100	0.0
CD010680	recall@200	0.0
CD010680	recall@300	1.0
CD010680	recall@400	1.0
CD010680	recall@500	1.0
CD010680	recall@1000	1.0
CD010680	recall@2000	1.0
CD010680	recall@3000	1.0
CD010680	recall@4000	1.0
CD010680	recall@5000	1.0
CD010864	num_shown	5000
CD010864	rels_found	2
CD010864	num_rels	3
CD010864	last_rel	3416
CD010864	norm_last_rel	0.683
CD010864	threshold	5000
CD010864	norm_threshold	1.0
CD010864	wss_100	0
CD010864	wss_95	0
CD010864	total_cost	4980.0
CD010864	norm_area	0.438
CD010864	ap	0.02
CD010864	recall_total	2.0
CD010864	recall_max	3.0
CD010864	recall_at_threshold	0.667
CD010864	recall_threshold	5000
CD010864	recall@10	0.0
CD010864	recall@20	0.333
CD010864	recall@30	0.333
CD010864	recall@40	0.333
CD010864	recall@50	0.333
CD010864	recall@100	0.333
CD010864	recall@200	0.333
CD010864	recall@300	0.333
CD010864	recall@400	0.333
CD010864	recall@500	0.333
CD010864	recall@1000	0.333
CD010864	recall@2000	0.333
CD010864	recall@3000	0.333
CD010864	recall@4000	0.667
CD010864	recall@5000	0.667
CD011053	num_shown	5000
CD011053	rels_found	8
CD011053	num_rels	9
CD011053	last_rel	1688
CD011053	norm_last_rel	0.338
CD011053	threshold	5000
CD011053	norm_threshold	1.0
CD011053	wss_100	0
CD011053	wss_95	0
CD011053	total_cost	4860.0
CD011053	norm_area	0.816
CD011053	ap	0.03
CD011053	recall_total	8.0
CD011053	recall_max	9.0
CD011053	recall_at_threshold	0.889
CD011053	recall_threshold	5000
CD011053	recall@10	0.0
CD011053	recall@20	0.111
CD011053	recall@30	0.111
CD011053	recall@40	0.222
CD011053	recall@50	0.222
CD011053	recall@100	0.444
CD011053	recall@200	0.556
CD011053	recall@300	0.556
CD011053	recall@400	0.556
CD011053	recall@500	0.667
CD011053	recall@1000	0.778
CD011053	recall@2000	0.889
CD011053	recall@3000	0.889
CD011053	recall@4000	0.889
CD011053	recall@5000	0.889
CD011126	num_shown	5000
CD011126	rels_found	8
CD011126	num_rels	12
CD011126	last_rel	2452
CD011126	norm_last_rel	0.49
CD011126	threshold	5000
CD011126	norm_threshold	1.0
CD011126	wss_100	0
CD011126	wss_95	0
CD011126	total_cost	4920.0
CD011126	norm_area	0.524
CD011126	ap	0.003
CD011126	recall_total	8.0
CD011126	recall_max	12.0
CD011126	recall_at_threshold	0.667
CD011126	recall_threshold	5000
CD011126	recall@10	0.0
CD011126	recall@20	0.0
CD011126	recall@30	0.0
CD011126	recall@40	0.0
CD011126	recall@50	0.0
CD011126	recall@100	0.0
CD011126	recall@200	0.0
CD011126	recall@300	0.083
CD011126	recall@400	0.083
CD011126	recall@500	0.083
CD011126	recall@1000	0.417
CD011126	recall@2000	0.583
CD011126	recall@3000	0.667
CD011126	recall@4000	0.667
CD011126	recall@5000	0.667
CD011420	num_shown	5000
CD011420	rels_found	3
CD011420	num_rels	8
CD011420	last_rel	1211
CD011420	norm_last_rel	0.242
CD011420	threshold	5000
CD011420	norm_threshold	1.0
CD011420	wss_100	0
CD011420	wss_95	0
CD011420	total_cost	5040.0
CD011420	norm_area	0.315
CD011420	ap	0.018
CD011420	recall_total	3.0
CD011420	recall_max	8.0
CD011420	recall_at_threshold	0.375
CD011420	recall_threshold	5000
CD011420	recall@10	0.125
CD011420	recall@20	0.125
CD011420	recall@30	0.125
CD011420	recall@40	0.125
CD011420	recall@50	0.125
CD011420	recall@100	0.125
CD011420	recall@200	0.125
CD011420	recall@300	0.125
CD011420	recall@400	0.125
CD011420	recall@500	0.125
CD011420	recall@1000	0.125
CD011420	recall@2000	0.375
CD011420	recall@3000	0.375
CD011420	recall@4000	0.375
CD011420	recall@5000	0.375
CD011431	num_shown	5000
CD011431	rels_found	23
CD011431	num_rels	34
CD011431	last_rel	4070
CD011431	norm_last_rel	0.814
CD011431	threshold	5000
CD011431	norm_threshold	1.0
CD011431	wss_100	0
CD011431	wss_95	0
CD011431	total_cost	4760.0
CD011431	norm_area	0.498
CD011431	ap	0.028
CD011431	recall_total	23.0
CD011431	recall_max	34.0
CD011431	recall_at_threshold	0.676
CD011431	recall_threshold	5000
CD011431	recall@10	0.0
CD011431	recall@20	0.088
CD011431	recall@30	0.088
CD011431	recall@40	0.088
CD011431	recall@50	0.118
CD011431	recall@100	0.176
CD011431	recall@200	0.176
CD011431	recall@300	0.206
CD011431	recall@400	0.265
CD011431	recall@500	0.324
CD011431	recall@1000	0.412
CD011431	recall@2000	0.471
CD011431	recall@3000	0.5
CD011431	recall@4000	0.647
CD011431	recall@5000	0.676
CD011515	num_shown	5000
CD011515	rels_found	0
CD011515	num_rels	2
CD011515	last_rel	0
CD011515	norm_last_rel	0.0
CD011515	threshold	5000
CD011515	norm_threshold	1.0
CD011515	wss_100	0
CD011515	wss_95	0
CD011515	total_cost	5040.0
CD011515	norm_area	0.0
CD011515	ap	0.0
CD011515	recall_total	0.0
CD011515	recall_max	2.0
CD011515	recall_at_threshold	0.0
CD011515	recall_threshold	5000
CD011515	recall@10	0.0
CD011515	recall@20	0.0
CD011515	recall@30	0.0
CD011515	recall@40	0.0
CD011515	recall@50	0.0
CD011515	recall@100	0.0
CD011515	recall@200	0.0
CD011515	recall@300	0.0
CD011515	recall@400	0.0
CD011515	recall@500	0.0
CD011515	recall@1000	0.0
CD011515	recall@2000	0.0
CD011515	recall@3000	0.0
CD011515	recall@4000	0.0
CD011515	recall@5000	0.0
CD011602	num_shown	5000
CD011602	rels_found	0
CD011602	num_rels	1
CD011602	last_rel	0
CD011602	norm_last_rel	0.0
CD011602	threshold	5000
CD011602	norm_threshold	1.0
CD011602	wss_100	0
CD011602	wss_95	0
CD011602	total_cost	5020.0
CD011602	norm_area	0.0
CD011602	ap	0.0
CD011602	recall_total	0.0
CD011602	recall_max	1.0
CD011602	recall_at_threshold	0.0
CD011602	recall_threshold	5000
CD011602	recall@10	0.0
CD011602	recall@20	0.0
CD011602	recall@30	0.0
CD011602	recall@40	0.0
CD011602	recall@50	0.0
CD011602	recall@100	0.0
CD011602	recall@200	0.0
CD011602	recall@300	0.0
CD011602	recall@400	0.0
CD011602	recall@500	0.0
CD011602	recall@1000	0.0
CD011602	recall@2000	0.0
CD011602	recall@3000	0.0
CD011602	recall@4000	0.0
CD011602	recall@5000	0.0
CD011686	num_shown	5000
CD011686	rels_found	2
CD011686	num_rels	3
CD011686	last_rel	543
CD011686	norm_last_rel	0.109
CD011686	threshold	5000
CD011686	norm_threshold	1.0
CD011686	wss_100	0
CD011686	wss_95	0
CD011686	total_cost	4980.0
CD011686	norm_area	0.599
CD011686	ap	0.002
CD011686	recall_total	2.0
CD011686	recall_max	3.0
CD011686	recall_at_threshold	0.667
CD011686	recall_threshold	5000
CD011686	recall@10	0.0
CD011686	recall@20	0.0
CD011686	recall@30	0.0
CD011686	recall@40	0.0
CD011686	recall@50	0.0
CD011686	recall@100	0.0
CD011686	recall@200	0.0
CD011686	recall@300	0.0
CD011686	recall@400	0.0
CD011686	recall@500	0.333
CD011686	recall@1000	0.667
CD011686	recall@2000	0.667
CD011686	recall@3000	0.667
CD011686	recall@4000	0.667
CD011686	recall@5000	0.667
CD011912	num_shown	5000
CD011912	rels_found	18
CD011912	num_rels	18
CD011912	last_rel	4234
CD011912	norm_last_rel	0.847
CD011912	threshold	5000
CD011912	norm_threshold	1.0
CD011912	wss_100	0.153
CD011912	wss_95	0.104
CD011912	total_cost	4640.0
CD011912	norm_area	0.601
CD011912	ap	0.042
CD011912	recall_total	18.0
CD011912	recall_max	18.0
CD011912	recall_at_threshold	1.0
CD011912	recall_threshold	5000
CD011912	recall@10	0.111
CD011912	recall@20	0.111
CD011912	recall@30	0.111
CD011912	recall@40	0.111
CD011912	recall@50	0.111
CD011912	recall@100	0.111
CD011912	recall@200	0.111
CD011912	recall@300	0.167
CD011912	recall@400	0.167
CD011912	recall@500	0.167
CD011912	recall@1000	0.444
CD011912	recall@2000	0.611
CD011912	recall@3000	0.667
CD011912	recall@4000	0.667
CD011912	recall@5000	1.0
CD011926	num_shown	5000
CD011926	rels_found	10
CD011926	num_rels	31
CD011926	last_rel	4970
CD011926	norm_last_rel	0.994
CD011926	threshold	5000
CD011926	norm_threshold	1.0
CD011926	wss_100	0
CD011926	wss_95	0
CD011926	total_cost	5220.0
CD011926	norm_area	0.226
CD011926	ap	0.001
CD011926	recall_total	10.0
CD011926	recall_max	31.0
CD011926	recall_at_threshold	0.323
CD011926	recall_threshold	5000
CD011926	recall@10	0.0
CD011926	recall@20	0.0
CD011926	recall@30	0.0
CD011926	recall@40	0.0
CD011926	recall@50	0.0
CD011926	recall@100	0.0
CD011926	recall@200	0.0
CD011926	recall@300	0.032
CD011926	recall@400	0.032
CD011926	recall@500	0.065
CD011926	recall@1000	0.194
CD011926	recall@2000	0.226
CD011926	recall@3000	0.29
CD011926	recall@4000	0.29
CD011926	recall@5000	0.323
CD012009	num_shown	5000
CD012009	rels_found	3
CD012009	num_rels	4
CD012009	last_rel	103
CD012009	norm_last_rel	0.021
CD012009	threshold	5000
CD012009	norm_threshold	1.0
CD012009	wss_100	0
CD012009	wss_95	0
CD012009	total_cost	4960.0
CD012009	norm_area	0.743
CD012009	ap	0.035
CD012009	recall_total	3.0
CD012009	recall_max	4.0
CD012009	recall_at_threshold	0.75
CD012009	recall_threshold	5000
CD012009	recall@10	0.0
CD012009	recall@20	0.25
CD012009	recall@30	0.25
CD012009	recall@40	0.5
CD012009	recall@50	0.5
CD012009	recall@100	0.5
CD012009	recall@200	0.75
CD012009	recall@300	0.75
CD012009	recall@400	0.75
CD012009	recall@500	0.75
CD012009	recall@1000	0.75
CD012009	recall@2000	0.75
CD012009	recall@3000	0.75
CD012009	recall@4000	0.75
CD012009	recall@5000	0.75
CD012010	num_shown	5000
CD012010	rels_found	5
CD012010	num_rels	9
CD012010	last_rel	379
CD012010	norm_last_rel	0.076
CD012010	threshold	5000
CD012010	norm_threshold	1.0
CD012010	wss_100	0
CD012010	wss_95	0
CD012010	total_cost	4980.0
CD012010	norm_area	0.543
CD012010	ap	0.026
CD012010	recall_total	5.0
CD012010	recall_max	9.0
CD012010	recall_at_threshold	0.556
CD012010	recall_threshold	5000
CD012010	recall@10	0.0
CD012010	recall@20	0.0
CD012010	recall@30	0.222
CD012010	recall@40	0.222
CD012010	recall@50	0.222
CD012010	recall@100	0.333
CD012010	recall@200	0.444
CD012010	recall@300	0.444
CD012010	recall@400	0.556
CD012010	recall@500	0.556
CD012010	recall@1000	0.556
CD012010	recall@2000	0.556
CD012010	recall@3000	0.556
CD012010	recall@4000	0.556
CD012010	recall@5000	0.556
CD012083	num_shown	5000
CD012083	rels_found	1
CD012083	num_rels	7
CD012083	last_rel	2696
CD012083	norm_last_rel	0.539
CD012083	threshold	5000
CD012083	norm_threshold	1.0
CD012083	wss_100	0
CD012083	wss_95	0
CD012083	total_cost	5100.0
CD012083	norm_area	0.066
CD012083	ap	0.0
CD012083	recall_total	1.0
CD012083	recall_max	7.0
CD012083	recall_at_threshold	0.143
CD012083	recall_threshold	5000
CD012083	recall@10	0.0
CD012083	recall@20	0.0
CD012083	recall@30	0.0
CD012083	recall@40	0.0
CD012083	recall@50	0.0
CD012083	recall@100	0.0
CD012083	recall@200	0.0
CD012083	recall@300	0.0
CD012083	recall@400	0.0
CD012083	recall@500	0.0
CD012083	recall@1000	0.0
CD012083	recall@2000	0.0
CD012083	recall@3000	0.143
CD012083	recall@4000	0.143
CD012083	recall@5000	0.143
CD012165	num_shown	5000
CD012165	rels_found	18
CD012165	num_rels	52
CD012165	last_rel	3260
CD012165	norm_last_rel	0.652
CD012165	threshold	5000
CD012165	norm_threshold	1.0
CD012165	wss_100	0
CD012165	wss_95	0
CD012165	total_cost	5320.0
CD012165	norm_area	0.243
CD012165	ap	0.002
CD012165	recall_total	18.0
CD012165	recall_max	52.0
CD012165	recall_at_threshold	0.346
CD012165	recall_threshold	5000
CD012165	recall@10	0.0
CD012165	recall@20	0.0
CD012165	recall@30	0.0
CD012165	recall@40	0.0
CD012165	recall@50	0.0
CD012165	recall@100	0.0
CD012165	recall@200	0.0
CD012165	recall@300	0.019
CD012165	recall@400	0.019
CD012165	recall@500	0.077
CD012165	recall@1000	0.135
CD012165	recall@2000	0.212
CD012165	recall@3000	0.327
CD012165	recall@4000	0.346
CD012165	recall@5000	0.346
CD012179	num_shown	5000
CD012179	rels_found	20
CD012179	num_rels	127
CD012179	last_rel	2209
CD012179	norm_last_rel	0.442
CD012179	threshold	5000
CD012179	norm_threshold	1.0
CD012179	wss_100	0
CD012179	wss_95	0
CD012179	total_cost	6740.0
CD012179	norm_area	0.14
CD012179	ap	0.004
CD012179	recall_total	20.0
CD012179	recall_max	127.0
CD012179	recall_at_threshold	0.157
CD012179	recall_threshold	5000
CD012179	recall@10	0.0
CD012179	recall@20	0.008
CD012179	recall@30	0.008
CD012179	recall@40	0.008
CD012179	recall@50	0.008
CD012179	recall@100	0.008
CD012179	recall@200	0.039
CD012179	recall@300	0.071
CD012179	recall@400	0.079
CD012179	recall@500	0.079
CD012179	recall@1000	0.134
CD012179	recall@2000	0.15
CD012179	recall@3000	0.157
CD012179	recall@4000	0.157
CD012179	recall@5000	0.157
CD012216	num_shown	5000
CD012216	rels_found	0
CD012216	num_rels	1
CD012216	last_rel	0
CD012216	norm_last_rel	0.0
CD012216	threshold	5000
CD012216	norm_threshold	1.0
CD012216	wss_100	0
CD012216	wss_95	0
CD012216	total_cost	5020.0
CD012216	norm_area	0.0
CD012216	ap	0.0
CD012216	recall_total	0.0
CD012216	recall_max	1.0
CD012216	recall_at_threshold	0.0
CD012216	recall_threshold	5000
CD012216	recall@10	0.0
CD012216	recall@20	0.0
CD012216	recall@30	0.0
CD012216	recall@40	0.0
CD012216	recall@50	0.0
CD012216	recall@100	0.0
CD012216	recall@200	0.0
CD012216	recall@300	0.0
CD012216	recall@400	0.0
CD012216	recall@500	0.0
CD012216	recall@1000	0.0
CD012216	recall@2000	0.0
CD012216	recall@3000	0.0
CD012216	recall@4000	0.0
CD012216	recall@5000	0.0
CD012281	num_shown	5000
CD012281	rels_found	4
CD012281	num_rels	10
CD012281	last_rel	2431
CD012281	norm_last_rel	0.486
CD012281	threshold	5000
CD012281	norm_threshold	1.0
CD012281	wss_100	0
CD012281	wss_95	0
CD012281	total_cost	5040.0
CD012281	norm_area	0.32
CD012281	ap	0.003
CD012281	recall_total	4.0
CD012281	recall_max	10.0
CD012281	recall_at_threshold	0.4
CD012281	recall_threshold	5000
CD012281	recall@10	0.0
CD012281	recall@20	0.0
CD012281	recall@30	0.0
CD012281	recall@40	0.0
CD012281	recall@50	0.0
CD012281	recall@100	0.1
CD012281	recall@200	0.2
CD012281	recall@300	0.2
CD012281	recall@400	0.2
CD012281	recall@500	0.2
CD012281	recall@1000	0.2
CD012281	recall@2000	0.3
CD012281	recall@3000	0.4
CD012281	recall@4000	0.4
CD012281	recall@5000	0.4
CD012599	num_shown	5000
CD012599	rels_found	13
CD012599	num_rels	19
CD012599	last_rel	3424
CD012599	norm_last_rel	0.685
CD012599	threshold	5000
CD012599	norm_threshold	1.0
CD012599	wss_100	0
CD012599	wss_95	0
CD012599	total_cost	4860.0
CD012599	norm_area	0.507
CD012599	ap	0.009
CD012599	recall_total	13.0
CD012599	recall_max	19.0
CD012599	recall_at_threshold	0.684
CD012599	recall_threshold	5000
CD012599	recall@10	0.0
CD012599	recall@20	0.053
CD012599	recall@30	0.053
CD012599	recall@40	0.053
CD012599	recall@50	0.053
CD012599	recall@100	0.053
CD012599	recall@200	0.158
CD012599	recall@300	0.211
CD012599	recall@400	0.211
CD012599	recall@500	0.211
CD012599	recall@1000	0.368
CD012599	recall@2000	0.526
CD012599	recall@3000	0.579
CD012599	recall@4000	0.684
CD012599	recall@5000	0.684
ALL	num_shown	150000
ALL	rels_found	408
ALL	num_rels	759
ALL	last_rel	2625.0
ALL	norm_last_rel	0.525
ALL	threshold	5000.0
ALL	norm_threshold	1.0
ALL	wss_100	0.042
ALL	wss_95	0.037
ALL	total_cost	4962.0
ALL	norm_area	0.457
ALL	ap	0.02
ALL	recall_total	14.0
ALL	recall_max	25.0
ALL	recall_at_threshold	0.538
ALL	recall_threshold	5000.0
ALL	recall@10	0.013
ALL	recall@20	0.03
ALL	recall@30	0.043
ALL	recall@40	0.051
ALL	recall@50	0.057
ALL	recall@100	0.096
ALL	recall@200	0.159
ALL	recall@300	0.215
ALL	recall@400	0.24
ALL	recall@500	0.265
ALL	recall@1000	0.358
ALL	recall@2000	0.432
ALL	recall@3000	0.477
ALL	recall@4000	0.514
ALL	recall@5000	0.538
