ALL	num_shown	150000
ALL	rels_found	408
ALL	num_rels	759
ALL	last_rel	2625.0
ALL	norm_last_rel	0.525
ALL	threshold	5000.0
ALL	norm_threshold	1.0
ALL	wss_100	0.042
ALL	wss_95	0.037
ALL	total_cost	4962.0
ALL	norm_area	0.457
ALL	ap	0.02
ALL	recall_total	14.0
ALL	recall_max	25.0
ALL	recall_at_threshold	0.538
ALL	recall_threshold	5000.0
ALL	recall@10	0.013
ALL	recall@20	0.03
ALL	recall@30	0.043
ALL	recall@40	0.051
ALL	recall@50	0.057
ALL	recall@60	0.065
ALL	recall@70	0.072
ALL	recall@80	0.086
ALL	recall@90	0.09
ALL	recall@100	0.096
ALL	recall@110	0.101
ALL	recall@120	0.109
ALL	recall@130	0.115
ALL	recall@140	0.12
ALL	recall@150	0.124
ALL	recall@160	0.132
ALL	recall@170	0.141
ALL	recall@180	0.144
ALL	recall@190	0.148
ALL	recall@200	0.159
ALL	recall@210	0.166
ALL	recall@220	0.169
ALL	recall@230	0.171
ALL	recall@240	0.178
ALL	recall@250	0.194
ALL	recall@260	0.199
ALL	recall@270	0.204
ALL	recall@280	0.209
ALL	recall@290	0.211
ALL	recall@300	0.215
ALL	recall@310	0.22
ALL	recall@320	0.22
ALL	recall@330	0.221
ALL	recall@340	0.224
ALL	recall@350	0.228
ALL	recall@360	0.231
ALL	recall@370	0.237
ALL	recall@380	0.238
ALL	recall@390	0.238
ALL	recall@400	0.24
ALL	recall@410	0.242
ALL	recall@420	0.244
ALL	recall@430	0.246
ALL	recall@440	0.25
ALL	recall@450	0.253
ALL	recall@460	0.254
ALL	recall@470	0.256
ALL	recall@480	0.261
ALL	recall@490	0.265
ALL	recall@500	0.265
ALL	recall@510	0.265
ALL	recall@520	0.265
ALL	recall@530	0.266
ALL	recall@540	0.269
ALL	recall@550	0.273
ALL	recall@560	0.279
ALL	recall@570	0.282
ALL	recall@580	0.285
ALL	recall@590	0.287
ALL	recall@600	0.294
ALL	recall@610	0.3
ALL	recall@620	0.304
ALL	recall@630	0.306
ALL	recall@640	0.307
ALL	recall@650	0.308
ALL	recall@660	0.308
ALL	recall@670	0.31
ALL	recall@680	0.314
ALL	recall@690	0.319
ALL	recall@700	0.32
ALL	recall@710	0.32
ALL	recall@720	0.323
ALL	recall@730	0.323
ALL	recall@740	0.328
ALL	recall@750	0.331
ALL	recall@760	0.335
ALL	recall@770	0.335
ALL	recall@780	0.337
ALL	recall@790	0.339
ALL	recall@800	0.34
ALL	recall@810	0.34
ALL	recall@820	0.341
ALL	recall@830	0.341
ALL	recall@840	0.341
ALL	recall@850	0.341
ALL	recall@860	0.341
ALL	recall@870	0.341
ALL	recall@880	0.344
ALL	recall@890	0.345
ALL	recall@900	0.345
ALL	recall@910	0.347
ALL	recall@920	0.353
ALL	recall@930	0.354
ALL	recall@940	0.354
ALL	recall@950	0.354
ALL	recall@960	0.354
ALL	recall@970	0.356
ALL	recall@980	0.356
ALL	recall@990	0.357
ALL	recall@1000	0.358
ALL	recall@1010	0.358
ALL	recall@1020	0.358
ALL	recall@1030	0.358
ALL	recall@1040	0.36
ALL	recall@1050	0.361
ALL	recall@1060	0.362
ALL	recall@1070	0.364
ALL	recall@1080	0.366
ALL	recall@1090	0.366
ALL	recall@1100	0.37
ALL	recall@1110	0.372
ALL	recall@1120	0.372
ALL	recall@1130	0.373
ALL	recall@1140	0.373
ALL	recall@1150	0.374
ALL	recall@1160	0.375
ALL	recall@1170	0.375
ALL	recall@1180	0.375
ALL	recall@1190	0.375
ALL	recall@1200	0.377
ALL	recall@1210	0.379
ALL	recall@1220	0.381
ALL	recall@1230	0.381
ALL	recall@1240	0.381
ALL	recall@1250	0.381
ALL	recall@1260	0.381
ALL	recall@1270	0.382
ALL	recall@1280	0.382
ALL	recall@1290	0.382
ALL	recall@1300	0.383
ALL	recall@1310	0.383
ALL	recall@1320	0.385
ALL	recall@1330	0.386
ALL	recall@1340	0.387
ALL	recall@1350	0.387
ALL	recall@1360	0.387
ALL	recall@1370	0.389
ALL	recall@1380	0.389
ALL	recall@1390	0.391
ALL	recall@1400	0.391
ALL	recall@1410	0.391
ALL	recall@1420	0.391
ALL	recall@1430	0.391
ALL	recall@1440	0.393
ALL	recall@1450	0.393
ALL	recall@1460	0.393
ALL	recall@1470	0.394
ALL	recall@1480	0.394
ALL	recall@1490	0.394
ALL	recall@1500	0.394
ALL	recall@1510	0.397
ALL	recall@1520	0.397
ALL	recall@1530	0.397
ALL	recall@1540	0.398
ALL	recall@1550	0.398
ALL	recall@1560	0.398
ALL	recall@1570	0.398
ALL	recall@1580	0.398
ALL	recall@1590	0.399
ALL	recall@1600	0.399
ALL	recall@1610	0.401
ALL	recall@1620	0.402
ALL	recall@1630	0.402
ALL	recall@1640	0.402
ALL	recall@1650	0.402
ALL	recall@1660	0.404
ALL	recall@1670	0.404
ALL	recall@1680	0.404
ALL	recall@1690	0.406
ALL	recall@1700	0.407
ALL	recall@1710	0.408
ALL	recall@1720	0.408
ALL	recall@1730	0.408
ALL	recall@1740	0.408
ALL	recall@1750	0.408
ALL	recall@1760	0.408
ALL	recall@1770	0.411
ALL	recall@1780	0.412
ALL	recall@1790	0.412
ALL	recall@1800	0.415
ALL	recall@1810	0.416
ALL	recall@1820	0.419
ALL	recall@1830	0.422
ALL	recall@1840	0.423
ALL	recall@1850	0.423
ALL	recall@1860	0.423
ALL	recall@1870	0.424
ALL	recall@1880	0.426
ALL	recall@1890	0.427
ALL	recall@1900	0.428
ALL	recall@1910	0.428
ALL	recall@1920	0.428
ALL	recall@1930	0.428
ALL	recall@1940	0.428
ALL	recall@1950	0.43
ALL	recall@1960	0.431
ALL	recall@1970	0.431
ALL	recall@1980	0.432
ALL	recall@1990	0.432
ALL	recall@2000	0.432
ALL	recall@2010	0.432
ALL	recall@2020	0.433
ALL	recall@2030	0.433
ALL	recall@2040	0.433
ALL	recall@2050	0.433
ALL	recall@2060	0.433
ALL	recall@2070	0.436
ALL	recall@2080	0.437
ALL	recall@2090	0.437
ALL	recall@2100	0.437
ALL	recall@2110	0.437
ALL	recall@2120	0.437
ALL	recall@2130	0.439
ALL	recall@2140	0.439
ALL	recall@2150	0.44
ALL	recall@2160	0.441
ALL	recall@2170	0.441
ALL	recall@2180	0.443
ALL	recall@2190	0.443
ALL	recall@2200	0.443
ALL	recall@2210	0.444
ALL	recall@2220	0.445
ALL	recall@2230	0.447
ALL	recall@2240	0.448
ALL	recall@2250	0.448
ALL	recall@2260	0.448
ALL	recall@2270	0.448
ALL	recall@2280	0.451
ALL	recall@2290	0.451
ALL	recall@2300	0.452
ALL	recall@2310	0.452
ALL	recall@2320	0.452
ALL	recall@2330	0.452
ALL	recall@2340	0.452
ALL	recall@2350	0.452
ALL	recall@2360	0.452
ALL	recall@2370	0.452
ALL	recall@2380	0.452
ALL	recall@2390	0.452
ALL	recall@2400	0.452
ALL	recall@2410	0.452
ALL	recall@2420	0.452
ALL	recall@2430	0.452
ALL	recall@2440	0.453
ALL	recall@2450	0.453
ALL	recall@2460	0.455
ALL	recall@2470	0.456
ALL	recall@2480	0.456
ALL	recall@2490	0.456
ALL	recall@2500	0.456
ALL	recall@2510	0.458
ALL	recall@2520	0.458
ALL	recall@2530	0.458
ALL	recall@2540	0.458
ALL	recall@2550	0.458
ALL	recall@2560	0.458
ALL	recall@2570	0.458
ALL	recall@2580	0.46
ALL	recall@2590	0.462
ALL	recall@2600	0.462
ALL	recall@2610	0.464
ALL	recall@2620	0.464
ALL	recall@2630	0.464
ALL	recall@2640	0.464
ALL	recall@2650	0.464
ALL	recall@2660	0.464
ALL	recall@2670	0.464
ALL	recall@2680	0.465
ALL	recall@2690	0.465
ALL	recall@2700	0.466
ALL	recall@2710	0.468
ALL	recall@2720	0.468
ALL	recall@2730	0.468
ALL	recall@2740	0.468
ALL	recall@2750	0.468
ALL	recall@2760	0.468
ALL	recall@2770	0.469
ALL	recall@2780	0.469
ALL	recall@2790	0.47
ALL	recall@2800	0.47
ALL	recall@2810	0.472
ALL	recall@2820	0.472
ALL	recall@2830	0.472
ALL	recall@2840	0.472
ALL	recall@2850	0.472
ALL	recall@2860	0.472
ALL	recall@2870	0.472
ALL	recall@2880	0.472
ALL	recall@2890	0.472
ALL	recall@2900	0.472
ALL	recall@2910	0.473
ALL	recall@2920	0.473
ALL	recall@2930	0.473
ALL	recall@2940	0.473
ALL	recall@2950	0.473
ALL	recall@2960	0.474
ALL	recall@2970	0.476
ALL	recall@2980	0.476
ALL	recall@2990	0.477
ALL	recall@3000	0.477
ALL	recall@3010	0.478
ALL	recall@3020	0.478
ALL	recall@3030	0.48
ALL	recall@3040	0.48
ALL	recall@3050	0.48
ALL	recall@3060	0.48
ALL	recall@3070	0.48
ALL	recall@3080	0.481
ALL	recall@3090	0.481
ALL	recall@3100	0.482
ALL	recall@3110	0.482
ALL	recall@3120	0.482
ALL	recall@3130	0.482
ALL	recall@3140	0.482
ALL	recall@3150	0.482
ALL	recall@3160	0.482
ALL	recall@3170	0.484
ALL	recall@3180	0.484
ALL	recall@3190	0.484
ALL	recall@3200	0.485
ALL	recall@3210	0.485
ALL	recall@3220	0.485
ALL	recall@3230	0.485
ALL	recall@3240	0.485
ALL	recall@3250	0.485
ALL	recall@3260	0.486
ALL	recall@3270	0.487
ALL	recall@3280	0.487
ALL	recall@3290	0.487
ALL	recall@3300	0.487
ALL	recall@3310	0.487
ALL	recall@3320	0.487
ALL	recall@3330	0.487
ALL	recall@3340	0.487
ALL	recall@3350	0.49
ALL	recall@3360	0.49
ALL	recall@3370	0.49
ALL	recall@3380	0.49
ALL	recall@3390	0.49
ALL	recall@3400	0.49
ALL	recall@3410	0.49
ALL	recall@3420	0.491
ALL	recall@3430	0.493
ALL	recall@3440	0.494
ALL	recall@3450	0.494
ALL	recall@3460	0.494
ALL	recall@3470	0.494
ALL	recall@3480	0.494
ALL	recall@3490	0.494
ALL	recall@3500	0.494
ALL	recall@3510	0.494
ALL	recall@3520	0.494
ALL	recall@3530	0.494
ALL	recall@3540	0.494
ALL	recall@3550	0.494
ALL	recall@3560	0.494
ALL	recall@3570	0.494
ALL	recall@3580	0.494
ALL	recall@3590	0.494
ALL	recall@3600	0.497
ALL	recall@3610	0.497
ALL	recall@3620	0.498
ALL	recall@3630	0.499
ALL	recall@3640	0.501
ALL	recall@3650	0.502
ALL	recall@3660	0.503
ALL	recall@3670	0.505
ALL	recall@3680	0.505
ALL	recall@3690	0.507
ALL	recall@3700	0.507
ALL	recall@3710	0.51
ALL	recall@3720	0.51
ALL	recall@3730	0.51
ALL	recall@3740	0.511
ALL	recall@3750	0.511
ALL	recall@3760	0.511
ALL	recall@3770	0.511
ALL	recall@3780	0.511
ALL	recall@3790	0.511
ALL	recall@3800	0.511
ALL	recall@3810	0.511
ALL	recall@3820	0.511
ALL	recall@3830	0.511
ALL	recall@3840	0.511
ALL	recall@3850	0.511
ALL	recall@3860	0.511
ALL	recall@3870	0.511
ALL	recall@3880	0.511
ALL	recall@3890	0.513
ALL	recall@3900	0.513
ALL	recall@3910	0.513
ALL	recall@3920	0.513
ALL	recall@3930	0.513
ALL	recall@3940	0.513
ALL	recall@3950	0.513
ALL	recall@3960	0.513
ALL	recall@3970	0.513
ALL	recall@3980	0.513
ALL	recall@3990	0.514
ALL	recall@4000	0.514
ALL	recall@4010	0.514
ALL	recall@4020	0.514
ALL	recall@4030	0.514
ALL	recall@4040	0.514
ALL	recall@4050	0.514
ALL	recall@4060	0.514
ALL	recall@4070	0.515
ALL	recall@4080	0.515
ALL	recall@4090	0.515
ALL	recall@4100	0.515
ALL	recall@4110	0.515
ALL	recall@4120	0.515
ALL	recall@4130	0.516
ALL	recall@4140	0.516
ALL	recall@4150	0.518
ALL	recall@4160	0.518
ALL	recall@4170	0.519
ALL	recall@4180	0.519
ALL	recall@4190	0.522
ALL	recall@4200	0.522
ALL	recall@4210	0.522
ALL	recall@4220	0.522
ALL	recall@4230	0.522
ALL	recall@4240	0.524
ALL	recall@4250	0.524
ALL	recall@4260	0.524
ALL	recall@4270	0.524
ALL	recall@4280	0.524
ALL	recall@4290	0.524
ALL	recall@4300	0.524
ALL	recall@4310	0.524
ALL	recall@4320	0.524
ALL	recall@4330	0.524
ALL	recall@4340	0.524
ALL	recall@4350	0.524
ALL	recall@4360	0.524
ALL	recall@4370	0.524
ALL	recall@4380	0.524
ALL	recall@4390	0.524
ALL	recall@4400	0.524
ALL	recall@4410	0.524
ALL	recall@4420	0.524
ALL	recall@4430	0.524
ALL	recall@4440	0.524
ALL	recall@4450	0.524
ALL	recall@4460	0.526
ALL	recall@4470	0.528
ALL	recall@4480	0.528
ALL	recall@4490	0.528
ALL	recall@4500	0.528
ALL	recall@4510	0.53
ALL	recall@4520	0.53
ALL	recall@4530	0.53
ALL	recall@4540	0.53
ALL	recall@4550	0.53
ALL	recall@4560	0.53
ALL	recall@4570	0.53
ALL	recall@4580	0.53
ALL	recall@4590	0.53
ALL	recall@4600	0.53
ALL	recall@4610	0.53
ALL	recall@4620	0.53
ALL	recall@4630	0.53
ALL	recall@4640	0.53
ALL	recall@4650	0.53
ALL	recall@4660	0.53
ALL	recall@4670	0.53
ALL	recall@4680	0.53
ALL	recall@4690	0.531
ALL	recall@4700	0.531
ALL	recall@4710	0.531
ALL	recall@4720	0.531
ALL	recall@4730	0.531
ALL	recall@4740	0.531
ALL	recall@4750	0.532
ALL	recall@4760	0.532
ALL	recall@4770	0.534
ALL	recall@4780	0.534
ALL	recall@4790	0.534
ALL	recall@4800	0.534
ALL	recall@4810	0.535
ALL	recall@4820	0.535
ALL	recall@4830	0.535
ALL	recall@4840	0.535
ALL	recall@4850	0.535
ALL	recall@4860	0.535
ALL	recall@4870	0.535
ALL	recall@4880	0.535
ALL	recall@4890	0.535
ALL	recall@4900	0.536
ALL	recall@4910	0.536
ALL	recall@4920	0.536
ALL	recall@4930	0.536
ALL	recall@4940	0.536
ALL	recall@4950	0.536
ALL	recall@4960	0.536
ALL	recall@4970	0.538
ALL	recall@4980	0.538
ALL	recall@4990	0.538
ALL	recall@5000	0.538
